{"C:\\Users\\Chards\\Documents\\Git\\Labs\\speak-out-be\\knexfile.js": {"path":"C:\\Users\\Chards\\Documents\\Git\\Labs\\speak-out-be\\knexfile.js","statementMap":{"0":{"start":{"line":2,"column":0},"end":{"line":2,"column":27}},"1":{"start":{"line":4,"column":22},"end":{"line":4,"column":41}},"2":{"start":{"line":5,"column":22},"end":{"line":5,"column":41}},"3":{"start":{"line":6,"column":26},"end":{"line":6,"column":49}},"4":{"start":{"line":7,"column":30},"end":{"line":7,"column":57}},"5":{"start":{"line":9,"column":0},"end":{"line":48,"column":2}}},"fnMap":{},"branchMap":{},"s":{"0":2,"1":2,"2":2,"3":2,"4":2,"5":2},"f":{},"b":{},"_coverageSchema":"1a1c01bbd47fc00a2c39e90264f33305004495a9","hash":"ce282fbb92bb7c30702a29729eb3370700980498"}
,"C:\\Users\\Chards\\Documents\\Git\\Labs\\speak-out-be\\passport-config.js": {"path":"C:\\Users\\Chards\\Documents\\Git\\Labs\\speak-out-be\\passport-config.js","statementMap":{"0":{"start":{"line":1,"column":22},"end":{"line":1,"column":56}},"1":{"start":{"line":2,"column":15},"end":{"line":2,"column":32}},"2":{"start":{"line":3,"column":11},"end":{"line":3,"column":42}},"3":{"start":{"line":5,"column":0},"end":{"line":41,"column":2}},"4":{"start":{"line":6,"column":29},"end":{"line":24,"column":5}},"5":{"start":{"line":7,"column":21},"end":{"line":9,"column":20}},"6":{"start":{"line":11,"column":8},"end":{"line":13,"column":9}},"7":{"start":{"line":12,"column":12},"end":{"line":12,"column":80}},"8":{"start":{"line":15,"column":8},"end":{"line":23,"column":9}},"9":{"start":{"line":16,"column":12},"end":{"line":20,"column":13}},"10":{"start":{"line":17,"column":16},"end":{"line":17,"column":40}},"11":{"start":{"line":19,"column":16},"end":{"line":19,"column":76}},"12":{"start":{"line":22,"column":12},"end":{"line":22,"column":27}},"13":{"start":{"line":26,"column":4},"end":{"line":26,"column":100}},"14":{"start":{"line":27,"column":4},"end":{"line":29,"column":7}},"15":{"start":{"line":28,"column":8},"end":{"line":28,"column":33}},"16":{"start":{"line":30,"column":4},"end":{"line":40,"column":7}},"17":{"start":{"line":31,"column":8},"end":{"line":39,"column":15}},"18":{"start":{"line":35,"column":16},"end":{"line":35,"column":33}},"19":{"start":{"line":38,"column":16},"end":{"line":38,"column":35}}},"fnMap":{"0":{"name":"(anonymous_0)","decl":{"start":{"line":5,"column":17},"end":{"line":5,"column":18}},"loc":{"start":{"line":5,"column":29},"end":{"line":41,"column":1}},"line":5},"1":{"name":"(anonymous_1)","decl":{"start":{"line":6,"column":29},"end":{"line":6,"column":30}},"loc":{"start":{"line":6,"column":65},"end":{"line":24,"column":5}},"line":6},"2":{"name":"(anonymous_2)","decl":{"start":{"line":27,"column":27},"end":{"line":27,"column":28}},"loc":{"start":{"line":27,"column":43},"end":{"line":29,"column":5}},"line":27},"3":{"name":"(anonymous_3)","decl":{"start":{"line":30,"column":29},"end":{"line":30,"column":30}},"loc":{"start":{"line":30,"column":48},"end":{"line":40,"column":5}},"line":30},"4":{"name":"(anonymous_4)","decl":{"start":{"line":34,"column":18},"end":{"line":34,"column":19}},"loc":{"start":{"line":34,"column":26},"end":{"line":36,"column":13}},"line":34},"5":{"name":"(anonymous_5)","decl":{"start":{"line":37,"column":19},"end":{"line":37,"column":20}},"loc":{"start":{"line":37,"column":28},"end":{"line":39,"column":13}},"line":37}},"branchMap":{"0":{"loc":{"start":{"line":11,"column":8},"end":{"line":13,"column":9}},"type":"if","locations":[{"start":{"line":11,"column":8},"end":{"line":13,"column":9}},{"start":{"line":11,"column":8},"end":{"line":13,"column":9}}],"line":11},"1":{"loc":{"start":{"line":16,"column":12},"end":{"line":20,"column":13}},"type":"if","locations":[{"start":{"line":16,"column":12},"end":{"line":20,"column":13}},{"start":{"line":16,"column":12},"end":{"line":20,"column":13}}],"line":16}},"s":{"0":2,"1":2,"2":2,"3":2,"4":2,"5":0,"6":0,"7":0,"8":0,"9":0,"10":0,"11":0,"12":0,"13":2,"14":2,"15":0,"16":2,"17":0,"18":0,"19":0},"f":{"0":2,"1":0,"2":0,"3":0,"4":0,"5":0},"b":{"0":[0,0],"1":[0,0]},"_coverageSchema":"1a1c01bbd47fc00a2c39e90264f33305004495a9","hash":"68b2d765064eed2b14e207ac60df89650f684ee5"}
,"C:\\Users\\Chards\\Documents\\Git\\Labs\\speak-out-be\\api\\model.js": {"path":"C:\\Users\\Chards\\Documents\\Git\\Labs\\speak-out-be\\api\\model.js","statementMap":{"0":{"start":{"line":1,"column":11},"end":{"line":1,"column":46}},"1":{"start":{"line":3,"column":0},"end":{"line":17,"column":2}},"2":{"start":{"line":20,"column":15},"end":{"line":22,"column":3}},"3":{"start":{"line":23,"column":2},"end":{"line":23,"column":14}},"4":{"start":{"line":30,"column":2},"end":{"line":33,"column":3}},"5":{"start":{"line":31,"column":4},"end":{"line":31,"column":35}},"6":{"start":{"line":32,"column":4},"end":{"line":32,"column":36}},"7":{"start":{"line":35,"column":2},"end":{"line":51,"column":5}},"8":{"start":{"line":36,"column":4},"end":{"line":38,"column":5}},"9":{"start":{"line":37,"column":6},"end":{"line":37,"column":36}},"10":{"start":{"line":40,"column":4},"end":{"line":42,"column":5}},"11":{"start":{"line":41,"column":6},"end":{"line":41,"column":46}},"12":{"start":{"line":44,"column":4},"end":{"line":46,"column":5}},"13":{"start":{"line":45,"column":6},"end":{"line":45,"column":34}},"14":{"start":{"line":48,"column":4},"end":{"line":50,"column":5}},"15":{"start":{"line":49,"column":6},"end":{"line":49,"column":32}},"16":{"start":{"line":55,"column":2},"end":{"line":55,"column":26}},"17":{"start":{"line":55,"column":13},"end":{"line":55,"column":26}},"18":{"start":{"line":56,"column":14},"end":{"line":56,"column":16}},"19":{"start":{"line":57,"column":10},"end":{"line":57,"column":11}},"20":{"start":{"line":58,"column":2},"end":{"line":62,"column":3}},"21":{"start":{"line":59,"column":4},"end":{"line":60,"column":56}},"22":{"start":{"line":59,"column":12},"end":{"line":59,"column":50}},"23":{"start":{"line":60,"column":9},"end":{"line":60,"column":56}},"24":{"start":{"line":61,"column":4},"end":{"line":61,"column":8}},"25":{"start":{"line":63,"column":2},"end":{"line":63,"column":15}},"26":{"start":{"line":67,"column":2},"end":{"line":67,"column":64}},"27":{"start":{"line":71,"column":14},"end":{"line":71,"column":29}},"28":{"start":{"line":72,"column":2},"end":{"line":72,"column":31}},"29":{"start":{"line":74,"column":2},"end":{"line":74,"column":30}},"30":{"start":{"line":78,"column":2},"end":{"line":80,"column":13}},"31":{"start":{"line":84,"column":2},"end":{"line":84,"column":58}},"32":{"start":{"line":88,"column":11},"end":{"line":88,"column":16}},"33":{"start":{"line":92,"column":2},"end":{"line":94,"column":18}},"34":{"start":{"line":98,"column":2},"end":{"line":100,"column":4}},"35":{"start":{"line":104,"column":2},"end":{"line":106,"column":40}},"36":{"start":{"line":110,"column":2},"end":{"line":112,"column":29}},"37":{"start":{"line":116,"column":2},"end":{"line":118,"column":21}},"38":{"start":{"line":122,"column":2},"end":{"line":124,"column":29}},"39":{"start":{"line":129,"column":2},"end":{"line":131,"column":20}}},"fnMap":{"0":{"name":"find","decl":{"start":{"line":19,"column":9},"end":{"line":19,"column":13}},"loc":{"start":{"line":19,"column":27},"end":{"line":24,"column":1}},"line":19},"1":{"name":"findAny","decl":{"start":{"line":26,"column":9},"end":{"line":26,"column":16}},"loc":{"start":{"line":26,"column":55},"end":{"line":52,"column":1}},"line":26},"2":{"name":"(anonymous_2)","decl":{"start":{"line":35,"column":26},"end":{"line":35,"column":27}},"loc":{"start":{"line":35,"column":49},"end":{"line":51,"column":3}},"line":35},"3":{"name":"makeWhere","decl":{"start":{"line":54,"column":9},"end":{"line":54,"column":18}},"loc":{"start":{"line":54,"column":31},"end":{"line":64,"column":1}},"line":54},"4":{"name":"findBy","decl":{"start":{"line":66,"column":9},"end":{"line":66,"column":15}},"loc":{"start":{"line":66,"column":30},"end":{"line":68,"column":1}},"line":66},"5":{"name":"add","decl":{"start":{"line":70,"column":15},"end":{"line":70,"column":18}},"loc":{"start":{"line":70,"column":32},"end":{"line":75,"column":1}},"line":70},"6":{"name":"findById","decl":{"start":{"line":77,"column":9},"end":{"line":77,"column":17}},"loc":{"start":{"line":77,"column":28},"end":{"line":81,"column":1}},"line":77},"7":{"name":"remove","decl":{"start":{"line":83,"column":9},"end":{"line":83,"column":15}},"loc":{"start":{"line":83,"column":26},"end":{"line":85,"column":1}},"line":83},"8":{"name":"update","decl":{"start":{"line":87,"column":9},"end":{"line":87,"column":15}},"loc":{"start":{"line":87,"column":36},"end":{"line":95,"column":1}},"line":87},"9":{"name":"updateAny","decl":{"start":{"line":97,"column":9},"end":{"line":97,"column":18}},"loc":{"start":{"line":97,"column":39},"end":{"line":101,"column":1}},"line":97},"10":{"name":"addUser","decl":{"start":{"line":103,"column":9},"end":{"line":103,"column":16}},"loc":{"start":{"line":103,"column":27},"end":{"line":107,"column":1}},"line":103},"11":{"name":"addMeeting","decl":{"start":{"line":109,"column":9},"end":{"line":109,"column":19}},"loc":{"start":{"line":109,"column":29},"end":{"line":113,"column":1}},"line":109},"12":{"name":"addFamily","decl":{"start":{"line":115,"column":9},"end":{"line":115,"column":18}},"loc":{"start":{"line":115,"column":31},"end":{"line":119,"column":1}},"line":115},"13":{"name":"addStudent","decl":{"start":{"line":121,"column":9},"end":{"line":121,"column":19}},"loc":{"start":{"line":121,"column":33},"end":{"line":125,"column":1}},"line":121},"14":{"name":"addStaff","decl":{"start":{"line":128,"column":9},"end":{"line":128,"column":17}},"loc":{"start":{"line":128,"column":24},"end":{"line":132,"column":1}},"line":128}},"branchMap":{"0":{"loc":{"start":{"line":21,"column":31},"end":{"line":21,"column":61}},"type":"cond-expr","locations":[{"start":{"line":21,"column":39},"end":{"line":21,"column":56}},{"start":{"line":21,"column":59},"end":{"line":21,"column":61}}],"line":21},"1":{"loc":{"start":{"line":30,"column":2},"end":{"line":33,"column":3}},"type":"if","locations":[{"start":{"line":30,"column":2},"end":{"line":33,"column":3}},{"start":{"line":30,"column":2},"end":{"line":33,"column":3}}],"line":30},"2":{"loc":{"start":{"line":36,"column":4},"end":{"line":38,"column":5}},"type":"if","locations":[{"start":{"line":36,"column":4},"end":{"line":38,"column":5}},{"start":{"line":36,"column":4},"end":{"line":38,"column":5}}],"line":36},"3":{"loc":{"start":{"line":40,"column":4},"end":{"line":42,"column":5}},"type":"if","locations":[{"start":{"line":40,"column":4},"end":{"line":42,"column":5}},{"start":{"line":40,"column":4},"end":{"line":42,"column":5}}],"line":40},"4":{"loc":{"start":{"line":44,"column":4},"end":{"line":46,"column":5}},"type":"if","locations":[{"start":{"line":44,"column":4},"end":{"line":46,"column":5}},{"start":{"line":44,"column":4},"end":{"line":46,"column":5}}],"line":44},"5":{"loc":{"start":{"line":48,"column":4},"end":{"line":50,"column":5}},"type":"if","locations":[{"start":{"line":48,"column":4},"end":{"line":50,"column":5}},{"start":{"line":48,"column":4},"end":{"line":50,"column":5}}],"line":48},"6":{"loc":{"start":{"line":55,"column":2},"end":{"line":55,"column":26}},"type":"if","locations":[{"start":{"line":55,"column":2},"end":{"line":55,"column":26}},{"start":{"line":55,"column":2},"end":{"line":55,"column":26}}],"line":55},"7":{"loc":{"start":{"line":59,"column":4},"end":{"line":60,"column":56}},"type":"if","locations":[{"start":{"line":59,"column":4},"end":{"line":60,"column":56}},{"start":{"line":59,"column":4},"end":{"line":60,"column":56}}],"line":59}},"s":{"0":2,"1":2,"2":0,"3":0,"4":0,"5":0,"6":0,"7":0,"8":0,"9":0,"10":0,"11":0,"12":0,"13":0,"14":0,"15":0,"16":0,"17":0,"18":0,"19":0,"20":0,"21":0,"22":0,"23":0,"24":0,"25":0,"26":0,"27":0,"28":0,"29":0,"30":0,"31":0,"32":0,"33":0,"34":0,"35":0,"36":0,"37":0,"38":0,"39":0},"f":{"0":0,"1":0,"2":0,"3":0,"4":0,"5":0,"6":0,"7":0,"8":0,"9":0,"10":0,"11":0,"12":0,"13":0,"14":0},"b":{"0":[0,0],"1":[0,0],"2":[0,0],"3":[0,0],"4":[0,0],"5":[0,0],"6":[0,0],"7":[0,0]},"_coverageSchema":"1a1c01bbd47fc00a2c39e90264f33305004495a9","hash":"8fe9f3a5c68cb349b211b67147cf6e84ef4bcb04"}
,"C:\\Users\\Chards\\Documents\\Git\\Labs\\speak-out-be\\api\\server.js": {"path":"C:\\Users\\Chards\\Documents\\Git\\Labs\\speak-out-be\\api\\server.js","statementMap":{"0":{"start":{"line":1,"column":0},"end":{"line":1,"column":27}},"1":{"start":{"line":4,"column":16},"end":{"line":4,"column":34}},"2":{"start":{"line":5,"column":13},"end":{"line":5,"column":28}},"3":{"start":{"line":6,"column":15},"end":{"line":6,"column":32}},"4":{"start":{"line":7,"column":17},"end":{"line":7,"column":36}},"5":{"start":{"line":8,"column":14},"end":{"line":8,"column":35}},"6":{"start":{"line":9,"column":27},"end":{"line":9,"column":59}},"7":{"start":{"line":10,"column":22},"end":{"line":10,"column":63}},"8":{"start":{"line":11,"column":27},"end":{"line":11,"column":73}},"9":{"start":{"line":12,"column":20},"end":{"line":12,"column":52}},"10":{"start":{"line":13,"column":22},"end":{"line":13,"column":56}},"11":{"start":{"line":14,"column":27},"end":{"line":14,"column":69}},"12":{"start":{"line":15,"column":21},"end":{"line":15,"column":54}},"13":{"start":{"line":18,"column":15},"end":{"line":18,"column":24}},"14":{"start":{"line":21,"column":0},"end":{"line":31,"column":2}},"15":{"start":{"line":32,"column":0},"end":{"line":32,"column":27}},"16":{"start":{"line":33,"column":0},"end":{"line":33,"column":22}},"17":{"start":{"line":34,"column":0},"end":{"line":34,"column":29}},"18":{"start":{"line":36,"column":0},"end":{"line":36,"column":24}},"19":{"start":{"line":37,"column":0},"end":{"line":37,"column":26}},"20":{"start":{"line":38,"column":0},"end":{"line":38,"column":25}},"21":{"start":{"line":40,"column":0},"end":{"line":61,"column":3}},"22":{"start":{"line":41,"column":24},"end":{"line":41,"column":62}},"23":{"start":{"line":42,"column":1},"end":{"line":60,"column":5}},"24":{"start":{"line":51,"column":3},"end":{"line":53,"column":6}},"25":{"start":{"line":56,"column":3},"end":{"line":56,"column":34}},"26":{"start":{"line":57,"column":3},"end":{"line":59,"column":6}},"27":{"start":{"line":63,"column":0},"end":{"line":127,"column":3}},"28":{"start":{"line":64,"column":14},"end":{"line":64,"column":27}},"29":{"start":{"line":65,"column":16},"end":{"line":65,"column":31}},"30":{"start":{"line":66,"column":17},"end":{"line":66,"column":33}},"31":{"start":{"line":68,"column":24},"end":{"line":68,"column":58}},"32":{"start":{"line":70,"column":1},"end":{"line":126,"column":5}},"33":{"start":{"line":79,"column":3},"end":{"line":79,"column":37}},"34":{"start":{"line":80,"column":3},"end":{"line":119,"column":7}},"35":{"start":{"line":89,"column":5},"end":{"line":89,"column":43}},"36":{"start":{"line":90,"column":5},"end":{"line":112,"column":9}},"37":{"start":{"line":102,"column":7},"end":{"line":102,"column":47}},"38":{"start":{"line":103,"column":7},"end":{"line":105,"column":10}},"39":{"start":{"line":108,"column":7},"end":{"line":108,"column":37}},"40":{"start":{"line":109,"column":7},"end":{"line":111,"column":10}},"41":{"start":{"line":115,"column":5},"end":{"line":115,"column":34}},"42":{"start":{"line":116,"column":5},"end":{"line":118,"column":8}},"43":{"start":{"line":122,"column":3},"end":{"line":122,"column":30}},"44":{"start":{"line":123,"column":3},"end":{"line":125,"column":6}},"45":{"start":{"line":129,"column":0},"end":{"line":146,"column":2}},"46":{"start":{"line":135,"column":2},"end":{"line":144,"column":3}},"47":{"start":{"line":136,"column":3},"end":{"line":141,"column":6}},"48":{"start":{"line":143,"column":3},"end":{"line":143,"column":60}},"49":{"start":{"line":148,"column":0},"end":{"line":152,"column":3}},"50":{"start":{"line":149,"column":1},"end":{"line":149,"column":14}},"51":{"start":{"line":150,"column":1},"end":{"line":150,"column":23}},"52":{"start":{"line":151,"column":1},"end":{"line":151,"column":30}},"53":{"start":{"line":154,"column":0},"end":{"line":166,"column":3}},"54":{"start":{"line":155,"column":1},"end":{"line":155,"column":29}},"55":{"start":{"line":156,"column":16},"end":{"line":156,"column":56}},"56":{"start":{"line":157,"column":16},"end":{"line":157,"column":34}},"57":{"start":{"line":158,"column":14},"end":{"line":158,"column":30}},"58":{"start":{"line":160,"column":1},"end":{"line":165,"column":4}},"59":{"start":{"line":168,"column":0},"end":{"line":174,"column":3}},"60":{"start":{"line":169,"column":1},"end":{"line":173,"column":4}},"61":{"start":{"line":176,"column":0},"end":{"line":192,"column":3}},"62":{"start":{"line":177,"column":17},"end":{"line":177,"column":34}},"63":{"start":{"line":178,"column":14},"end":{"line":178,"column":28}},"64":{"start":{"line":179,"column":15},"end":{"line":179,"column":30}},"65":{"start":{"line":180,"column":15},"end":{"line":180,"column":30}},"66":{"start":{"line":181,"column":17},"end":{"line":181,"column":34}},"67":{"start":{"line":183,"column":1},"end":{"line":190,"column":5}},"68":{"start":{"line":186,"column":3},"end":{"line":186,"column":27}},"69":{"start":{"line":189,"column":3},"end":{"line":189,"column":55}},"70":{"start":{"line":194,"column":0},"end":{"line":205,"column":3}},"71":{"start":{"line":195,"column":1},"end":{"line":203,"column":5}},"72":{"start":{"line":198,"column":3},"end":{"line":198,"column":30}},"73":{"start":{"line":199,"column":3},"end":{"line":199,"column":27}},"74":{"start":{"line":202,"column":3},"end":{"line":202,"column":55}},"75":{"start":{"line":207,"column":0},"end":{"line":218,"column":3}},"76":{"start":{"line":210,"column":1},"end":{"line":217,"column":5}},"77":{"start":{"line":213,"column":3},"end":{"line":213,"column":71}},"78":{"start":{"line":216,"column":3},"end":{"line":216,"column":36}},"79":{"start":{"line":220,"column":0},"end":{"line":241,"column":3}},"80":{"start":{"line":221,"column":1},"end":{"line":221,"column":32}},"81":{"start":{"line":222,"column":1},"end":{"line":240,"column":5}},"82":{"start":{"line":225,"column":3},"end":{"line":236,"column":4}},"83":{"start":{"line":226,"column":4},"end":{"line":233,"column":8}},"84":{"start":{"line":229,"column":6},"end":{"line":229,"column":41}},"85":{"start":{"line":232,"column":6},"end":{"line":232,"column":39}},"86":{"start":{"line":235,"column":4},"end":{"line":235,"column":38}},"87":{"start":{"line":239,"column":3},"end":{"line":239,"column":36}},"88":{"start":{"line":243,"column":0},"end":{"line":253,"column":3}},"89":{"start":{"line":244,"column":1},"end":{"line":244,"column":31}},"90":{"start":{"line":245,"column":1},"end":{"line":252,"column":5}},"91":{"start":{"line":248,"column":3},"end":{"line":248,"column":34}},"92":{"start":{"line":251,"column":3},"end":{"line":251,"column":36}},"93":{"start":{"line":255,"column":0},"end":{"line":265,"column":3}},"94":{"start":{"line":256,"column":1},"end":{"line":256,"column":31}},"95":{"start":{"line":257,"column":1},"end":{"line":264,"column":5}},"96":{"start":{"line":260,"column":3},"end":{"line":260,"column":34}},"97":{"start":{"line":263,"column":3},"end":{"line":263,"column":36}},"98":{"start":{"line":267,"column":0},"end":{"line":291,"column":3}},"99":{"start":{"line":268,"column":1},"end":{"line":290,"column":4}},"100":{"start":{"line":271,"column":22},"end":{"line":271,"column":30}},"101":{"start":{"line":272,"column":3},"end":{"line":272,"column":34}},"102":{"start":{"line":273,"column":3},"end":{"line":285,"column":6}},"103":{"start":{"line":274,"column":26},"end":{"line":274,"column":52}},"104":{"start":{"line":275,"column":4},"end":{"line":284,"column":8}},"105":{"start":{"line":278,"column":6},"end":{"line":278,"column":25}},"106":{"start":{"line":281,"column":6},"end":{"line":283,"column":68}},"107":{"start":{"line":286,"column":3},"end":{"line":286,"column":31}},"108":{"start":{"line":289,"column":3},"end":{"line":289,"column":77}},"109":{"start":{"line":293,"column":0},"end":{"line":293,"column":31}},"110":{"start":{"line":322,"column":0},"end":{"line":322,"column":24}}},"fnMap":{"0":{"name":"(anonymous_0)","decl":{"start":{"line":40,"column":25},"end":{"line":40,"column":26}},"loc":{"start":{"line":40,"column":39},"end":{"line":61,"column":1}},"line":40},"1":{"name":"(anonymous_1)","decl":{"start":{"line":50,"column":8},"end":{"line":50,"column":9}},"loc":{"start":{"line":50,"column":16},"end":{"line":54,"column":3}},"line":50},"2":{"name":"(anonymous_2)","decl":{"start":{"line":55,"column":9},"end":{"line":55,"column":10}},"loc":{"start":{"line":55,"column":18},"end":{"line":60,"column":3}},"line":55},"3":{"name":"(anonymous_3)","decl":{"start":{"line":63,"column":32},"end":{"line":63,"column":33}},"loc":{"start":{"line":63,"column":46},"end":{"line":127,"column":1}},"line":63},"4":{"name":"(anonymous_4)","decl":{"start":{"line":78,"column":8},"end":{"line":78,"column":9}},"loc":{"start":{"line":78,"column":16},"end":{"line":120,"column":3}},"line":78},"5":{"name":"(anonymous_5)","decl":{"start":{"line":88,"column":10},"end":{"line":88,"column":11}},"loc":{"start":{"line":88,"column":20},"end":{"line":113,"column":5}},"line":88},"6":{"name":"(anonymous_6)","decl":{"start":{"line":101,"column":12},"end":{"line":101,"column":13}},"loc":{"start":{"line":101,"column":23},"end":{"line":106,"column":7}},"line":101},"7":{"name":"(anonymous_7)","decl":{"start":{"line":107,"column":13},"end":{"line":107,"column":14}},"loc":{"start":{"line":107,"column":22},"end":{"line":112,"column":7}},"line":107},"8":{"name":"(anonymous_8)","decl":{"start":{"line":114,"column":11},"end":{"line":114,"column":12}},"loc":{"start":{"line":114,"column":20},"end":{"line":119,"column":5}},"line":114},"9":{"name":"(anonymous_9)","decl":{"start":{"line":121,"column":9},"end":{"line":121,"column":10}},"loc":{"start":{"line":121,"column":18},"end":{"line":126,"column":3}},"line":121},"10":{"name":"(anonymous_10)","decl":{"start":{"line":134,"column":1},"end":{"line":134,"column":2}},"loc":{"start":{"line":134,"column":15},"end":{"line":145,"column":2}},"line":134},"11":{"name":"(anonymous_11)","decl":{"start":{"line":148,"column":22},"end":{"line":148,"column":23}},"loc":{"start":{"line":148,"column":36},"end":{"line":152,"column":1}},"line":148},"12":{"name":"(anonymous_12)","decl":{"start":{"line":154,"column":20},"end":{"line":154,"column":21}},"loc":{"start":{"line":154,"column":40},"end":{"line":166,"column":1}},"line":154},"13":{"name":"(anonymous_13)","decl":{"start":{"line":168,"column":16},"end":{"line":168,"column":17}},"loc":{"start":{"line":168,"column":30},"end":{"line":174,"column":1}},"line":168},"14":{"name":"(anonymous_14)","decl":{"start":{"line":176,"column":39},"end":{"line":176,"column":40}},"loc":{"start":{"line":176,"column":53},"end":{"line":192,"column":1}},"line":176},"15":{"name":"(anonymous_15)","decl":{"start":{"line":185,"column":8},"end":{"line":185,"column":9}},"loc":{"start":{"line":185,"column":21},"end":{"line":187,"column":3}},"line":185},"16":{"name":"(anonymous_16)","decl":{"start":{"line":188,"column":9},"end":{"line":188,"column":10}},"loc":{"start":{"line":188,"column":18},"end":{"line":190,"column":3}},"line":188},"17":{"name":"(anonymous_17)","decl":{"start":{"line":194,"column":41},"end":{"line":194,"column":42}},"loc":{"start":{"line":194,"column":55},"end":{"line":205,"column":1}},"line":194},"18":{"name":"(anonymous_18)","decl":{"start":{"line":197,"column":8},"end":{"line":197,"column":9}},"loc":{"start":{"line":197,"column":21},"end":{"line":200,"column":3}},"line":197},"19":{"name":"(anonymous_19)","decl":{"start":{"line":201,"column":9},"end":{"line":201,"column":10}},"loc":{"start":{"line":201,"column":18},"end":{"line":203,"column":3}},"line":201},"20":{"name":"(anonymous_20)","decl":{"start":{"line":207,"column":22},"end":{"line":207,"column":23}},"loc":{"start":{"line":207,"column":36},"end":{"line":218,"column":1}},"line":207},"21":{"name":"(anonymous_21)","decl":{"start":{"line":212,"column":8},"end":{"line":212,"column":9}},"loc":{"start":{"line":212,"column":19},"end":{"line":214,"column":3}},"line":212},"22":{"name":"(anonymous_22)","decl":{"start":{"line":215,"column":9},"end":{"line":215,"column":10}},"loc":{"start":{"line":215,"column":18},"end":{"line":217,"column":3}},"line":215},"23":{"name":"(anonymous_23)","decl":{"start":{"line":220,"column":20},"end":{"line":220,"column":21}},"loc":{"start":{"line":220,"column":34},"end":{"line":241,"column":1}},"line":220},"24":{"name":"(anonymous_24)","decl":{"start":{"line":224,"column":8},"end":{"line":224,"column":9}},"loc":{"start":{"line":224,"column":18},"end":{"line":237,"column":3}},"line":224},"25":{"name":"(anonymous_25)","decl":{"start":{"line":228,"column":11},"end":{"line":228,"column":12}},"loc":{"start":{"line":228,"column":22},"end":{"line":230,"column":6}},"line":228},"26":{"name":"(anonymous_26)","decl":{"start":{"line":231,"column":12},"end":{"line":231,"column":13}},"loc":{"start":{"line":231,"column":21},"end":{"line":233,"column":6}},"line":231},"27":{"name":"(anonymous_27)","decl":{"start":{"line":238,"column":9},"end":{"line":238,"column":10}},"loc":{"start":{"line":238,"column":18},"end":{"line":240,"column":3}},"line":238},"28":{"name":"(anonymous_28)","decl":{"start":{"line":243,"column":19},"end":{"line":243,"column":20}},"loc":{"start":{"line":243,"column":33},"end":{"line":253,"column":1}},"line":243},"29":{"name":"(anonymous_29)","decl":{"start":{"line":247,"column":8},"end":{"line":247,"column":9}},"loc":{"start":{"line":247,"column":19},"end":{"line":249,"column":3}},"line":247},"30":{"name":"(anonymous_30)","decl":{"start":{"line":250,"column":9},"end":{"line":250,"column":10}},"loc":{"start":{"line":250,"column":18},"end":{"line":252,"column":3}},"line":250},"31":{"name":"(anonymous_31)","decl":{"start":{"line":255,"column":16},"end":{"line":255,"column":17}},"loc":{"start":{"line":255,"column":30},"end":{"line":265,"column":1}},"line":255},"32":{"name":"(anonymous_32)","decl":{"start":{"line":259,"column":8},"end":{"line":259,"column":9}},"loc":{"start":{"line":259,"column":19},"end":{"line":261,"column":3}},"line":259},"33":{"name":"(anonymous_33)","decl":{"start":{"line":262,"column":9},"end":{"line":262,"column":10}},"loc":{"start":{"line":262,"column":18},"end":{"line":264,"column":3}},"line":262},"34":{"name":"(anonymous_34)","decl":{"start":{"line":267,"column":31},"end":{"line":267,"column":32}},"loc":{"start":{"line":267,"column":45},"end":{"line":291,"column":1}},"line":267},"35":{"name":"(anonymous_35)","decl":{"start":{"line":270,"column":8},"end":{"line":270,"column":9}},"loc":{"start":{"line":270,"column":17},"end":{"line":287,"column":3}},"line":270},"36":{"name":"(anonymous_36)","decl":{"start":{"line":273,"column":29},"end":{"line":273,"column":30}},"loc":{"start":{"line":273,"column":40},"end":{"line":285,"column":4}},"line":273},"37":{"name":"(anonymous_37)","decl":{"start":{"line":277,"column":11},"end":{"line":277,"column":12}},"loc":{"start":{"line":277,"column":20},"end":{"line":279,"column":6}},"line":277},"38":{"name":"(anonymous_38)","decl":{"start":{"line":280,"column":12},"end":{"line":280,"column":13}},"loc":{"start":{"line":280,"column":19},"end":{"line":284,"column":6}},"line":280},"39":{"name":"(anonymous_39)","decl":{"start":{"line":288,"column":9},"end":{"line":288,"column":10}},"loc":{"start":{"line":289,"column":3},"end":{"line":289,"column":77}},"line":289}},"branchMap":{"0":{"loc":{"start":{"line":47,"column":9},"end":{"line":47,"column":30}},"type":"binary-expr","locations":[{"start":{"line":47,"column":9},"end":{"line":47,"column":22}},{"start":{"line":47,"column":26},"end":{"line":47,"column":30}}],"line":47},"1":{"loc":{"start":{"line":48,"column":10},"end":{"line":48,"column":32}},"type":"binary-expr","locations":[{"start":{"line":48,"column":10},"end":{"line":48,"column":24}},{"start":{"line":48,"column":28},"end":{"line":48,"column":32}}],"line":48},"2":{"loc":{"start":{"line":74,"column":9},"end":{"line":74,"column":26}},"type":"binary-expr","locations":[{"start":{"line":74,"column":9},"end":{"line":74,"column":18}},{"start":{"line":74,"column":22},"end":{"line":74,"column":26}}],"line":74},"3":{"loc":{"start":{"line":75,"column":10},"end":{"line":75,"column":28}},"type":"binary-expr","locations":[{"start":{"line":75,"column":10},"end":{"line":75,"column":20}},{"start":{"line":75,"column":24},"end":{"line":75,"column":28}}],"line":75},"4":{"loc":{"start":{"line":135,"column":2},"end":{"line":144,"column":3}},"type":"if","locations":[{"start":{"line":135,"column":2},"end":{"line":144,"column":3}},{"start":{"line":135,"column":2},"end":{"line":144,"column":3}}],"line":135},"5":{"loc":{"start":{"line":156,"column":16},"end":{"line":156,"column":56}},"type":"cond-expr","locations":[{"start":{"line":156,"column":27},"end":{"line":156,"column":44}},{"start":{"line":156,"column":47},"end":{"line":156,"column":56}}],"line":156},"6":{"loc":{"start":{"line":225,"column":3},"end":{"line":236,"column":4}},"type":"if","locations":[{"start":{"line":225,"column":3},"end":{"line":236,"column":4}},{"start":{"line":225,"column":3},"end":{"line":236,"column":4}}],"line":225}},"s":{"0":2,"1":2,"2":2,"3":2,"4":2,"5":2,"6":2,"7":2,"8":2,"9":2,"10":2,"11":2,"12":2,"13":2,"14":2,"15":2,"16":2,"17":2,"18":2,"19":2,"20":2,"21":2,"22":0,"23":0,"24":0,"25":0,"26":0,"27":2,"28":0,"29":0,"30":0,"31":0,"32":0,"33":0,"34":0,"35":0,"36":0,"37":0,"38":0,"39":0,"40":0,"41":0,"42":0,"43":0,"44":0,"45":2,"46":0,"47":0,"48":0,"49":2,"50":0,"51":0,"52":0,"53":2,"54":0,"55":0,"56":0,"57":0,"58":0,"59":2,"60":0,"61":2,"62":0,"63":0,"64":0,"65":0,"66":0,"67":0,"68":0,"69":0,"70":2,"71":0,"72":0,"73":0,"74":0,"75":2,"76":0,"77":0,"78":0,"79":2,"80":0,"81":0,"82":0,"83":0,"84":0,"85":0,"86":0,"87":0,"88":2,"89":0,"90":0,"91":0,"92":0,"93":2,"94":0,"95":0,"96":0,"97":0,"98":2,"99":0,"100":0,"101":0,"102":0,"103":0,"104":0,"105":0,"106":0,"107":0,"108":0,"109":2,"110":2},"f":{"0":0,"1":0,"2":0,"3":0,"4":0,"5":0,"6":0,"7":0,"8":0,"9":0,"10":0,"11":0,"12":0,"13":0,"14":0,"15":0,"16":0,"17":0,"18":0,"19":0,"20":0,"21":0,"22":0,"23":0,"24":0,"25":0,"26":0,"27":0,"28":0,"29":0,"30":0,"31":0,"32":0,"33":0,"34":0,"35":0,"36":0,"37":0,"38":0,"39":0},"b":{"0":[0,0],"1":[0,0],"2":[0,0],"3":[0,0],"4":[0,0],"5":[0,0],"6":[0,0]},"_coverageSchema":"1a1c01bbd47fc00a2c39e90264f33305004495a9","hash":"7a9067ce0348fde790914b9b1b1d36520606952d"}
,"C:\\Users\\Chards\\Documents\\Git\\Labs\\speak-out-be\\api\\controllers\\course.controller.js": {"path":"C:\\Users\\Chards\\Documents\\Git\\Labs\\speak-out-be\\api\\controllers\\course.controller.js","statementMap":{"0":{"start":{"line":1,"column":15},"end":{"line":1,"column":48}},"1":{"start":{"line":2,"column":14},"end":{"line":2,"column":46}},"2":{"start":{"line":3,"column":17},"end":{"line":3,"column":45}},"3":{"start":{"line":4,"column":23},"end":{"line":4,"column":53}},"4":{"start":{"line":6,"column":23},"end":{"line":9,"column":2}},"5":{"start":{"line":7,"column":1},"end":{"line":7,"column":25}},"6":{"start":{"line":8,"column":1},"end":{"line":8,"column":41}},"7":{"start":{"line":11,"column":23},"end":{"line":14,"column":2}},"8":{"start":{"line":12,"column":17},"end":{"line":12,"column":45}},"9":{"start":{"line":13,"column":1},"end":{"line":13,"column":38}},"10":{"start":{"line":16,"column":22},"end":{"line":21,"column":2}},"11":{"start":{"line":17,"column":16},"end":{"line":17,"column":56}},"12":{"start":{"line":18,"column":1},"end":{"line":20,"column":60}},"13":{"start":{"line":23,"column":22},"end":{"line":28,"column":2}},"14":{"start":{"line":24,"column":14},"end":{"line":24,"column":54}},"15":{"start":{"line":25,"column":1},"end":{"line":25,"column":17}},"16":{"start":{"line":26,"column":16},"end":{"line":26,"column":41}},"17":{"start":{"line":27,"column":1},"end":{"line":27,"column":37}},"18":{"start":{"line":30,"column":20},"end":{"line":34,"column":2}},"19":{"start":{"line":31,"column":14},"end":{"line":31,"column":66}},"20":{"start":{"line":32,"column":16},"end":{"line":32,"column":41}},"21":{"start":{"line":33,"column":1},"end":{"line":33,"column":37}},"22":{"start":{"line":36,"column":32},"end":{"line":67,"column":2}},"23":{"start":{"line":37,"column":19},"end":{"line":46,"column":2}},"24":{"start":{"line":56,"column":5},"end":{"line":56,"column":33}},"25":{"start":{"line":57,"column":1},"end":{"line":66,"column":4}},"26":{"start":{"line":69,"column":0},"end":{"line":76,"column":2}}},"fnMap":{"0":{"name":"(anonymous_0)","decl":{"start":{"line":6,"column":34},"end":{"line":6,"column":35}},"loc":{"start":{"line":6,"column":54},"end":{"line":9,"column":1}},"line":6},"1":{"name":"(anonymous_1)","decl":{"start":{"line":11,"column":34},"end":{"line":11,"column":35}},"loc":{"start":{"line":11,"column":54},"end":{"line":14,"column":1}},"line":11},"2":{"name":"(anonymous_2)","decl":{"start":{"line":16,"column":33},"end":{"line":16,"column":34}},"loc":{"start":{"line":16,"column":53},"end":{"line":21,"column":1}},"line":16},"3":{"name":"(anonymous_3)","decl":{"start":{"line":23,"column":33},"end":{"line":23,"column":34}},"loc":{"start":{"line":23,"column":53},"end":{"line":28,"column":1}},"line":23},"4":{"name":"(anonymous_4)","decl":{"start":{"line":30,"column":31},"end":{"line":30,"column":32}},"loc":{"start":{"line":30,"column":51},"end":{"line":34,"column":1}},"line":30},"5":{"name":"(anonymous_5)","decl":{"start":{"line":36,"column":43},"end":{"line":36,"column":44}},"loc":{"start":{"line":36,"column":63},"end":{"line":67,"column":1}},"line":36}},"branchMap":{},"s":{"0":2,"1":2,"2":2,"3":2,"4":2,"5":0,"6":0,"7":2,"8":2,"9":2,"10":2,"11":1,"12":1,"13":2,"14":1,"15":1,"16":1,"17":1,"18":2,"19":1,"20":1,"21":1,"22":2,"23":0,"24":0,"25":0,"26":2},"f":{"0":0,"1":2,"2":1,"3":1,"4":1,"5":0},"b":{},"_coverageSchema":"1a1c01bbd47fc00a2c39e90264f33305004495a9","hash":"d65b5804f09eb4e059d5259c21c86f460a84d97a"}
,"C:\\Users\\Chards\\Documents\\Git\\Labs\\speak-out-be\\api\\controllers\\course.middleware.js": {"path":"C:\\Users\\Chards\\Documents\\Git\\Labs\\speak-out-be\\api\\controllers\\course.middleware.js","statementMap":{"0":{"start":{"line":1,"column":15},"end":{"line":1,"column":48}},"1":{"start":{"line":2,"column":17},"end":{"line":2,"column":45}},"2":{"start":{"line":3,"column":23},"end":{"line":3,"column":53}},"3":{"start":{"line":5,"column":25},"end":{"line":12,"column":1}},"4":{"start":{"line":6,"column":18},"end":{"line":6,"column":38}},"5":{"start":{"line":7,"column":1},"end":{"line":9,"column":2}},"6":{"start":{"line":8,"column":2},"end":{"line":8,"column":68}},"7":{"start":{"line":10,"column":1},"end":{"line":10,"column":25}},"8":{"start":{"line":11,"column":1},"end":{"line":11,"column":8}},"9":{"start":{"line":14,"column":32},"end":{"line":23,"column":2}},"10":{"start":{"line":15,"column":16},"end":{"line":15,"column":51}},"11":{"start":{"line":16,"column":1},"end":{"line":16,"column":21}},"12":{"start":{"line":17,"column":1},"end":{"line":20,"column":2}},"13":{"start":{"line":18,"column":2},"end":{"line":18,"column":63}},"14":{"start":{"line":19,"column":2},"end":{"line":19,"column":9}},"15":{"start":{"line":21,"column":1},"end":{"line":21,"column":21}},"16":{"start":{"line":22,"column":1},"end":{"line":22,"column":8}},"17":{"start":{"line":25,"column":27},"end":{"line":83,"column":1}},"18":{"start":{"line":42,"column":5},"end":{"line":42,"column":13}},"19":{"start":{"line":44,"column":1},"end":{"line":63,"column":2}},"20":{"start":{"line":61,"column":2},"end":{"line":61,"column":40}},"21":{"start":{"line":62,"column":2},"end":{"line":62,"column":9}},"22":{"start":{"line":65,"column":1},"end":{"line":81,"column":3}},"23":{"start":{"line":82,"column":1},"end":{"line":82,"column":8}},"24":{"start":{"line":85,"column":0},"end":{"line":89,"column":2}}},"fnMap":{"0":{"name":"(anonymous_0)","decl":{"start":{"line":5,"column":25},"end":{"line":5,"column":26}},"loc":{"start":{"line":5,"column":45},"end":{"line":12,"column":1}},"line":5},"1":{"name":"(anonymous_1)","decl":{"start":{"line":14,"column":43},"end":{"line":14,"column":44}},"loc":{"start":{"line":14,"column":69},"end":{"line":23,"column":1}},"line":14},"2":{"name":"(anonymous_2)","decl":{"start":{"line":25,"column":27},"end":{"line":25,"column":28}},"loc":{"start":{"line":25,"column":47},"end":{"line":83,"column":1}},"line":25}},"branchMap":{"0":{"loc":{"start":{"line":7,"column":1},"end":{"line":9,"column":2}},"type":"if","locations":[{"start":{"line":7,"column":1},"end":{"line":9,"column":2}},{"start":{"line":7,"column":1},"end":{"line":9,"column":2}}],"line":7},"1":{"loc":{"start":{"line":17,"column":1},"end":{"line":20,"column":2}},"type":"if","locations":[{"start":{"line":17,"column":1},"end":{"line":20,"column":2}},{"start":{"line":17,"column":1},"end":{"line":20,"column":2}}],"line":17},"2":{"loc":{"start":{"line":44,"column":1},"end":{"line":63,"column":2}},"type":"if","locations":[{"start":{"line":44,"column":1},"end":{"line":63,"column":2}},{"start":{"line":44,"column":1},"end":{"line":63,"column":2}}],"line":44},"3":{"loc":{"start":{"line":45,"column":2},"end":{"line":59,"column":9}},"type":"binary-expr","locations":[{"start":{"line":45,"column":2},"end":{"line":45,"column":10}},{"start":{"line":46,"column":2},"end":{"line":46,"column":17}},{"start":{"line":47,"column":2},"end":{"line":47,"column":16}},{"start":{"line":48,"column":2},"end":{"line":48,"column":18}},{"start":{"line":49,"column":2},"end":{"line":49,"column":11}},{"start":{"line":50,"column":2},"end":{"line":50,"column":10}},{"start":{"line":51,"column":2},"end":{"line":51,"column":13}},{"start":{"line":52,"column":2},"end":{"line":52,"column":14}},{"start":{"line":53,"column":2},"end":{"line":53,"column":21}},{"start":{"line":54,"column":2},"end":{"line":54,"column":10}},{"start":{"line":55,"column":2},"end":{"line":55,"column":13}},{"start":{"line":56,"column":2},"end":{"line":56,"column":11}},{"start":{"line":57,"column":2},"end":{"line":57,"column":13}},{"start":{"line":58,"column":2},"end":{"line":58,"column":8}},{"start":{"line":59,"column":2},"end":{"line":59,"column":9}}],"line":45}},"s":{"0":2,"1":2,"2":2,"3":2,"4":6,"5":6,"6":3,"7":3,"8":3,"9":2,"10":3,"11":3,"12":3,"13":1,"14":1,"15":2,"16":2,"17":2,"18":3,"19":3,"20":1,"21":1,"22":2,"23":2,"24":2},"f":{"0":6,"1":3,"2":3},"b":{"0":[3,3],"1":[1,2],"2":[1,2],"3":[3,2,2,2,2,2,2,2,2,2,2,2,2,2,2]},"_coverageSchema":"1a1c01bbd47fc00a2c39e90264f33305004495a9","hash":"d728859fac19519d449246cc9fd933c29bb56ec1"}
,"C:\\Users\\Chards\\Documents\\Git\\Labs\\speak-out-be\\api\\controllers\\errors.controller.js": {"path":"C:\\Users\\Chards\\Documents\\Git\\Labs\\speak-out-be\\api\\controllers\\errors.controller.js","statementMap":{"0":{"start":{"line":1,"column":21},"end":{"line":8,"column":1}},"1":{"start":{"line":2,"column":2},"end":{"line":7,"column":5}},"2":{"start":{"line":10,"column":22},"end":{"line":25,"column":1}},"3":{"start":{"line":12,"column":2},"end":{"line":24,"column":3}},"4":{"start":{"line":13,"column":4},"end":{"line":16,"column":7}},"5":{"start":{"line":19,"column":4},"end":{"line":19,"column":32}},"6":{"start":{"line":20,"column":4},"end":{"line":23,"column":7}},"7":{"start":{"line":27,"column":0},"end":{"line":35,"column":2}},"8":{"start":{"line":28,"column":2},"end":{"line":28,"column":41}},"9":{"start":{"line":29,"column":2},"end":{"line":29,"column":37}},"10":{"start":{"line":30,"column":2},"end":{"line":34,"column":3}},"11":{"start":{"line":31,"column":4},"end":{"line":31,"column":35}},"12":{"start":{"line":33,"column":4},"end":{"line":33,"column":34}}},"fnMap":{"0":{"name":"(anonymous_0)","decl":{"start":{"line":1,"column":21},"end":{"line":1,"column":22}},"loc":{"start":{"line":1,"column":35},"end":{"line":8,"column":1}},"line":1},"1":{"name":"(anonymous_1)","decl":{"start":{"line":10,"column":22},"end":{"line":10,"column":23}},"loc":{"start":{"line":10,"column":36},"end":{"line":25,"column":1}},"line":10},"2":{"name":"(anonymous_2)","decl":{"start":{"line":27,"column":17},"end":{"line":27,"column":18}},"loc":{"start":{"line":27,"column":42},"end":{"line":35,"column":1}},"line":27}},"branchMap":{"0":{"loc":{"start":{"line":12,"column":2},"end":{"line":24,"column":3}},"type":"if","locations":[{"start":{"line":12,"column":2},"end":{"line":24,"column":3}},{"start":{"line":12,"column":2},"end":{"line":24,"column":3}}],"line":12},"1":{"loc":{"start":{"line":28,"column":19},"end":{"line":28,"column":40}},"type":"binary-expr","locations":[{"start":{"line":28,"column":19},"end":{"line":28,"column":33}},{"start":{"line":28,"column":37},"end":{"line":28,"column":40}}],"line":28},"2":{"loc":{"start":{"line":29,"column":15},"end":{"line":29,"column":36}},"type":"binary-expr","locations":[{"start":{"line":29,"column":15},"end":{"line":29,"column":25}},{"start":{"line":29,"column":29},"end":{"line":29,"column":36}}],"line":29},"3":{"loc":{"start":{"line":30,"column":2},"end":{"line":34,"column":3}},"type":"if","locations":[{"start":{"line":30,"column":2},"end":{"line":34,"column":3}},{"start":{"line":30,"column":2},"end":{"line":34,"column":3}}],"line":30}},"s":{"0":2,"1":12,"2":2,"3":0,"4":0,"5":0,"6":0,"7":2,"8":12,"9":12,"10":12,"11":0,"12":12},"f":{"0":12,"1":0,"2":12},"b":{"0":[0,0],"1":[12,0],"2":[12,0],"3":[0,12]},"_coverageSchema":"1a1c01bbd47fc00a2c39e90264f33305004495a9","hash":"732b3b14753f287a07df92501c66dcd698972097"}
,"C:\\Users\\Chards\\Documents\\Git\\Labs\\speak-out-be\\api\\controllers\\staff.controller.js": {"path":"C:\\Users\\Chards\\Documents\\Git\\Labs\\speak-out-be\\api\\controllers\\staff.controller.js","statementMap":{"0":{"start":{"line":1,"column":15},"end":{"line":1,"column":32}},"1":{"start":{"line":2,"column":15},"end":{"line":2,"column":48}},"2":{"start":{"line":4,"column":14},"end":{"line":4,"column":46}},"3":{"start":{"line":5,"column":17},"end":{"line":5,"column":45}},"4":{"start":{"line":6,"column":23},"end":{"line":6,"column":53}},"5":{"start":{"line":8,"column":22},"end":{"line":10,"column":2}},"6":{"start":{"line":9,"column":2},"end":{"line":9,"column":45}},"7":{"start":{"line":12,"column":21},"end":{"line":15,"column":2}},"8":{"start":{"line":13,"column":19},"end":{"line":13,"column":46}},"9":{"start":{"line":14,"column":2},"end":{"line":14,"column":40}},"10":{"start":{"line":17,"column":21},"end":{"line":23,"column":2}},"11":{"start":{"line":18,"column":25},"end":{"line":18,"column":63}},"12":{"start":{"line":19,"column":2},"end":{"line":19,"column":55}},"13":{"start":{"line":20,"column":21},"end":{"line":20,"column":60}},"14":{"start":{"line":21,"column":19},"end":{"line":21,"column":54}},"15":{"start":{"line":22,"column":2},"end":{"line":22,"column":40}},"16":{"start":{"line":25,"column":19},"end":{"line":29,"column":2}},"17":{"start":{"line":26,"column":2},"end":{"line":26,"column":53}},"18":{"start":{"line":27,"column":17},"end":{"line":27,"column":50}},"19":{"start":{"line":28,"column":2},"end":{"line":28,"column":38}},"20":{"start":{"line":31,"column":21},"end":{"line":34,"column":2}},"21":{"start":{"line":32,"column":2},"end":{"line":32,"column":34}},"22":{"start":{"line":33,"column":2},"end":{"line":33,"column":60}},"23":{"start":{"line":36,"column":29},"end":{"line":39,"column":2}},"24":{"start":{"line":37,"column":18},"end":{"line":37,"column":66}},"25":{"start":{"line":38,"column":2},"end":{"line":38,"column":32}},"26":{"start":{"line":41,"column":0},"end":{"line":48,"column":2}}},"fnMap":{"0":{"name":"(anonymous_0)","decl":{"start":{"line":8,"column":33},"end":{"line":8,"column":34}},"loc":{"start":{"line":8,"column":59},"end":{"line":10,"column":1}},"line":8},"1":{"name":"(anonymous_1)","decl":{"start":{"line":12,"column":32},"end":{"line":12,"column":33}},"loc":{"start":{"line":12,"column":52},"end":{"line":15,"column":1}},"line":12},"2":{"name":"(anonymous_2)","decl":{"start":{"line":17,"column":32},"end":{"line":17,"column":33}},"loc":{"start":{"line":17,"column":52},"end":{"line":23,"column":1}},"line":17},"3":{"name":"(anonymous_3)","decl":{"start":{"line":25,"column":30},"end":{"line":25,"column":31}},"loc":{"start":{"line":25,"column":50},"end":{"line":29,"column":1}},"line":25},"4":{"name":"(anonymous_4)","decl":{"start":{"line":31,"column":32},"end":{"line":31,"column":33}},"loc":{"start":{"line":31,"column":52},"end":{"line":34,"column":1}},"line":31},"5":{"name":"(anonymous_5)","decl":{"start":{"line":36,"column":40},"end":{"line":36,"column":41}},"loc":{"start":{"line":36,"column":60},"end":{"line":39,"column":1}},"line":36}},"branchMap":{},"s":{"0":2,"1":2,"2":2,"3":2,"4":2,"5":2,"6":0,"7":2,"8":0,"9":0,"10":2,"11":0,"12":0,"13":0,"14":0,"15":0,"16":2,"17":0,"18":0,"19":0,"20":2,"21":0,"22":0,"23":2,"24":0,"25":0,"26":2},"f":{"0":0,"1":0,"2":0,"3":0,"4":0,"5":0},"b":{},"_coverageSchema":"1a1c01bbd47fc00a2c39e90264f33305004495a9","hash":"62c71eddd747369cae802e2412785adb39133cb5"}
,"C:\\Users\\Chards\\Documents\\Git\\Labs\\speak-out-be\\api\\controllers\\staff.middleware.js": {"path":"C:\\Users\\Chards\\Documents\\Git\\Labs\\speak-out-be\\api\\controllers\\staff.middleware.js","statementMap":{"0":{"start":{"line":1,"column":17},"end":{"line":1,"column":45}},"1":{"start":{"line":2,"column":23},"end":{"line":2,"column":53}},"2":{"start":{"line":3,"column":14},"end":{"line":3,"column":46}},"3":{"start":{"line":4,"column":13},"end":{"line":4,"column":44}},"4":{"start":{"line":6,"column":28},"end":{"line":72,"column":2}},"5":{"start":{"line":21,"column":6},"end":{"line":21,"column":14}},"6":{"start":{"line":22,"column":2},"end":{"line":33,"column":3}},"7":{"start":{"line":31,"column":4},"end":{"line":31,"column":42}},"8":{"start":{"line":32,"column":4},"end":{"line":32,"column":11}},"9":{"start":{"line":34,"column":2},"end":{"line":41,"column":4}},"10":{"start":{"line":44,"column":22},"end":{"line":44,"column":55}},"11":{"start":{"line":45,"column":25},"end":{"line":45,"column":64}},"12":{"start":{"line":47,"column":2},"end":{"line":49,"column":3}},"13":{"start":{"line":48,"column":4},"end":{"line":48,"column":74}},"14":{"start":{"line":50,"column":2},"end":{"line":52,"column":3}},"15":{"start":{"line":51,"column":4},"end":{"line":51,"column":77}},"16":{"start":{"line":54,"column":2},"end":{"line":59,"column":3}},"17":{"start":{"line":55,"column":23},"end":{"line":55,"column":49}},"18":{"start":{"line":56,"column":4},"end":{"line":58,"column":5}},"19":{"start":{"line":57,"column":6},"end":{"line":57,"column":82}},"20":{"start":{"line":61,"column":2},"end":{"line":69,"column":4}},"21":{"start":{"line":71,"column":2},"end":{"line":71,"column":9}},"22":{"start":{"line":74,"column":26},"end":{"line":134,"column":2}},"23":{"start":{"line":88,"column":6},"end":{"line":88,"column":14}},"24":{"start":{"line":89,"column":2},"end":{"line":98,"column":3}},"25":{"start":{"line":97,"column":4},"end":{"line":97,"column":49}},"26":{"start":{"line":99,"column":2},"end":{"line":105,"column":4}},"27":{"start":{"line":107,"column":2},"end":{"line":115,"column":4}},"28":{"start":{"line":117,"column":22},"end":{"line":117,"column":55}},"29":{"start":{"line":118,"column":25},"end":{"line":118,"column":64}},"30":{"start":{"line":120,"column":2},"end":{"line":122,"column":3}},"31":{"start":{"line":121,"column":4},"end":{"line":121,"column":74}},"32":{"start":{"line":123,"column":2},"end":{"line":125,"column":3}},"33":{"start":{"line":124,"column":4},"end":{"line":124,"column":77}},"34":{"start":{"line":127,"column":2},"end":{"line":132,"column":3}},"35":{"start":{"line":128,"column":23},"end":{"line":128,"column":49}},"36":{"start":{"line":129,"column":4},"end":{"line":131,"column":5}},"37":{"start":{"line":130,"column":6},"end":{"line":130,"column":82}},"38":{"start":{"line":133,"column":2},"end":{"line":133,"column":9}},"39":{"start":{"line":136,"column":24},"end":{"line":143,"column":1}},"40":{"start":{"line":137,"column":18},"end":{"line":137,"column":37}},"41":{"start":{"line":138,"column":2},"end":{"line":140,"column":3}},"42":{"start":{"line":139,"column":4},"end":{"line":139,"column":62}},"43":{"start":{"line":141,"column":2},"end":{"line":141,"column":24}},"44":{"start":{"line":142,"column":2},"end":{"line":142,"column":9}},"45":{"start":{"line":145,"column":31},"end":{"line":154,"column":2}},"46":{"start":{"line":146,"column":16},"end":{"line":146,"column":49}},"47":{"start":{"line":147,"column":2},"end":{"line":150,"column":3}},"48":{"start":{"line":148,"column":4},"end":{"line":148,"column":65}},"49":{"start":{"line":149,"column":4},"end":{"line":149,"column":11}},"50":{"start":{"line":151,"column":2},"end":{"line":151,"column":24}},"51":{"start":{"line":152,"column":2},"end":{"line":152,"column":29}},"52":{"start":{"line":153,"column":2},"end":{"line":153,"column":9}},"53":{"start":{"line":156,"column":0},"end":{"line":161,"column":2}}},"fnMap":{"0":{"name":"(anonymous_0)","decl":{"start":{"line":6,"column":39},"end":{"line":6,"column":40}},"loc":{"start":{"line":6,"column":65},"end":{"line":72,"column":1}},"line":6},"1":{"name":"(anonymous_1)","decl":{"start":{"line":74,"column":37},"end":{"line":74,"column":38}},"loc":{"start":{"line":74,"column":63},"end":{"line":134,"column":1}},"line":74},"2":{"name":"(anonymous_2)","decl":{"start":{"line":136,"column":24},"end":{"line":136,"column":25}},"loc":{"start":{"line":136,"column":44},"end":{"line":143,"column":1}},"line":136},"3":{"name":"(anonymous_3)","decl":{"start":{"line":145,"column":42},"end":{"line":145,"column":43}},"loc":{"start":{"line":145,"column":68},"end":{"line":154,"column":1}},"line":145}},"branchMap":{"0":{"loc":{"start":{"line":22,"column":2},"end":{"line":33,"column":3}},"type":"if","locations":[{"start":{"line":22,"column":2},"end":{"line":33,"column":3}},{"start":{"line":22,"column":2},"end":{"line":33,"column":3}}],"line":22},"1":{"loc":{"start":{"line":23,"column":4},"end":{"line":29,"column":11}},"type":"binary-expr","locations":[{"start":{"line":23,"column":4},"end":{"line":23,"column":18}},{"start":{"line":24,"column":4},"end":{"line":24,"column":23}},{"start":{"line":25,"column":4},"end":{"line":25,"column":13}},{"start":{"line":26,"column":4},"end":{"line":26,"column":10}},{"start":{"line":27,"column":4},"end":{"line":27,"column":9}},{"start":{"line":28,"column":4},"end":{"line":28,"column":13}},{"start":{"line":29,"column":4},"end":{"line":29,"column":11}}],"line":23},"2":{"loc":{"start":{"line":35,"column":15},"end":{"line":35,"column":40}},"type":"cond-expr","locations":[{"start":{"line":35,"column":23},"end":{"line":35,"column":30}},{"start":{"line":35,"column":33},"end":{"line":35,"column":40}}],"line":35},"3":{"loc":{"start":{"line":40,"column":16},"end":{"line":40,"column":34}},"type":"binary-expr","locations":[{"start":{"line":40,"column":16},"end":{"line":40,"column":26}},{"start":{"line":40,"column":30},"end":{"line":40,"column":34}}],"line":40},"4":{"loc":{"start":{"line":47,"column":2},"end":{"line":49,"column":3}},"type":"if","locations":[{"start":{"line":47,"column":2},"end":{"line":49,"column":3}},{"start":{"line":47,"column":2},"end":{"line":49,"column":3}}],"line":47},"5":{"loc":{"start":{"line":50,"column":2},"end":{"line":52,"column":3}},"type":"if","locations":[{"start":{"line":50,"column":2},"end":{"line":52,"column":3}},{"start":{"line":50,"column":2},"end":{"line":52,"column":3}}],"line":50},"6":{"loc":{"start":{"line":54,"column":2},"end":{"line":59,"column":3}},"type":"if","locations":[{"start":{"line":54,"column":2},"end":{"line":59,"column":3}},{"start":{"line":54,"column":2},"end":{"line":59,"column":3}}],"line":54},"7":{"loc":{"start":{"line":56,"column":4},"end":{"line":58,"column":5}},"type":"if","locations":[{"start":{"line":56,"column":4},"end":{"line":58,"column":5}},{"start":{"line":56,"column":4},"end":{"line":58,"column":5}}],"line":56},"8":{"loc":{"start":{"line":63,"column":12},"end":{"line":63,"column":26}},"type":"binary-expr","locations":[{"start":{"line":63,"column":12},"end":{"line":63,"column":18}},{"start":{"line":63,"column":22},"end":{"line":63,"column":26}}],"line":63},"9":{"loc":{"start":{"line":64,"column":9},"end":{"line":64,"column":20}},"type":"binary-expr","locations":[{"start":{"line":64,"column":9},"end":{"line":64,"column":12}},{"start":{"line":64,"column":16},"end":{"line":64,"column":20}}],"line":64},"10":{"loc":{"start":{"line":65,"column":19},"end":{"line":65,"column":40}},"type":"binary-expr","locations":[{"start":{"line":65,"column":19},"end":{"line":65,"column":32}},{"start":{"line":65,"column":36},"end":{"line":65,"column":40}}],"line":65},"11":{"loc":{"start":{"line":67,"column":12},"end":{"line":67,"column":26}},"type":"binary-expr","locations":[{"start":{"line":67,"column":12},"end":{"line":67,"column":18}},{"start":{"line":67,"column":22},"end":{"line":67,"column":26}}],"line":67},"12":{"loc":{"start":{"line":68,"column":15},"end":{"line":68,"column":32}},"type":"binary-expr","locations":[{"start":{"line":68,"column":15},"end":{"line":68,"column":24}},{"start":{"line":68,"column":28},"end":{"line":68,"column":32}}],"line":68},"13":{"loc":{"start":{"line":89,"column":2},"end":{"line":98,"column":3}},"type":"if","locations":[{"start":{"line":89,"column":2},"end":{"line":98,"column":3}},{"start":{"line":89,"column":2},"end":{"line":98,"column":3}}],"line":89},"14":{"loc":{"start":{"line":90,"column":4},"end":{"line":95,"column":11}},"type":"binary-expr","locations":[{"start":{"line":90,"column":4},"end":{"line":90,"column":18}},{"start":{"line":91,"column":4},"end":{"line":91,"column":23}},{"start":{"line":92,"column":4},"end":{"line":92,"column":13}},{"start":{"line":93,"column":4},"end":{"line":93,"column":10}},{"start":{"line":94,"column":4},"end":{"line":94,"column":9}},{"start":{"line":95,"column":4},"end":{"line":95,"column":11}}],"line":90},"15":{"loc":{"start":{"line":100,"column":15},"end":{"line":100,"column":40}},"type":"cond-expr","locations":[{"start":{"line":100,"column":23},"end":{"line":100,"column":30}},{"start":{"line":100,"column":33},"end":{"line":100,"column":40}}],"line":100},"16":{"loc":{"start":{"line":104,"column":16},"end":{"line":104,"column":34}},"type":"binary-expr","locations":[{"start":{"line":104,"column":16},"end":{"line":104,"column":26}},{"start":{"line":104,"column":30},"end":{"line":104,"column":34}}],"line":104},"17":{"loc":{"start":{"line":109,"column":9},"end":{"line":109,"column":20}},"type":"binary-expr","locations":[{"start":{"line":109,"column":9},"end":{"line":109,"column":12}},{"start":{"line":109,"column":16},"end":{"line":109,"column":20}}],"line":109},"18":{"loc":{"start":{"line":110,"column":19},"end":{"line":110,"column":40}},"type":"binary-expr","locations":[{"start":{"line":110,"column":19},"end":{"line":110,"column":32}},{"start":{"line":110,"column":36},"end":{"line":110,"column":40}}],"line":110},"19":{"loc":{"start":{"line":112,"column":12},"end":{"line":112,"column":26}},"type":"binary-expr","locations":[{"start":{"line":112,"column":12},"end":{"line":112,"column":18}},{"start":{"line":112,"column":22},"end":{"line":112,"column":26}}],"line":112},"20":{"loc":{"start":{"line":113,"column":15},"end":{"line":113,"column":32}},"type":"binary-expr","locations":[{"start":{"line":113,"column":15},"end":{"line":113,"column":24}},{"start":{"line":113,"column":28},"end":{"line":113,"column":32}}],"line":113},"21":{"loc":{"start":{"line":120,"column":2},"end":{"line":122,"column":3}},"type":"if","locations":[{"start":{"line":120,"column":2},"end":{"line":122,"column":3}},{"start":{"line":120,"column":2},"end":{"line":122,"column":3}}],"line":120},"22":{"loc":{"start":{"line":120,"column":6},"end":{"line":120,"column":66}},"type":"binary-expr","locations":[{"start":{"line":120,"column":6},"end":{"line":120,"column":17}},{"start":{"line":120,"column":21},"end":{"line":120,"column":66}}],"line":120},"23":{"loc":{"start":{"line":123,"column":2},"end":{"line":125,"column":3}},"type":"if","locations":[{"start":{"line":123,"column":2},"end":{"line":125,"column":3}},{"start":{"line":123,"column":2},"end":{"line":125,"column":3}}],"line":123},"24":{"loc":{"start":{"line":123,"column":6},"end":{"line":123,"column":72}},"type":"binary-expr","locations":[{"start":{"line":123,"column":6},"end":{"line":123,"column":20}},{"start":{"line":123,"column":24},"end":{"line":123,"column":72}}],"line":123},"25":{"loc":{"start":{"line":127,"column":2},"end":{"line":132,"column":3}},"type":"if","locations":[{"start":{"line":127,"column":2},"end":{"line":132,"column":3}},{"start":{"line":127,"column":2},"end":{"line":132,"column":3}}],"line":127},"26":{"loc":{"start":{"line":129,"column":4},"end":{"line":131,"column":5}},"type":"if","locations":[{"start":{"line":129,"column":4},"end":{"line":131,"column":5}},{"start":{"line":129,"column":4},"end":{"line":131,"column":5}}],"line":129},"27":{"loc":{"start":{"line":129,"column":8},"end":{"line":129,"column":68}},"type":"binary-expr","locations":[{"start":{"line":129,"column":8},"end":{"line":129,"column":18}},{"start":{"line":129,"column":22},"end":{"line":129,"column":68}}],"line":129},"28":{"loc":{"start":{"line":138,"column":2},"end":{"line":140,"column":3}},"type":"if","locations":[{"start":{"line":138,"column":2},"end":{"line":140,"column":3}},{"start":{"line":138,"column":2},"end":{"line":140,"column":3}}],"line":138},"29":{"loc":{"start":{"line":147,"column":2},"end":{"line":150,"column":3}},"type":"if","locations":[{"start":{"line":147,"column":2},"end":{"line":150,"column":3}},{"start":{"line":147,"column":2},"end":{"line":150,"column":3}}],"line":147}},"s":{"0":2,"1":2,"2":2,"3":2,"4":2,"5":0,"6":0,"7":0,"8":0,"9":0,"10":0,"11":0,"12":0,"13":0,"14":0,"15":0,"16":0,"17":0,"18":0,"19":0,"20":0,"21":0,"22":2,"23":0,"24":0,"25":0,"26":0,"27":0,"28":0,"29":0,"30":0,"31":0,"32":0,"33":0,"34":0,"35":0,"36":0,"37":0,"38":0,"39":2,"40":0,"41":0,"42":0,"43":0,"44":0,"45":2,"46":0,"47":0,"48":0,"49":0,"50":0,"51":0,"52":0,"53":2},"f":{"0":0,"1":0,"2":0,"3":0},"b":{"0":[0,0],"1":[0,0,0,0,0,0,0],"2":[0,0],"3":[0,0],"4":[0,0],"5":[0,0],"6":[0,0],"7":[0,0],"8":[0,0],"9":[0,0],"10":[0,0],"11":[0,0],"12":[0,0],"13":[0,0],"14":[0,0,0,0,0,0],"15":[0,0],"16":[0,0],"17":[0,0],"18":[0,0],"19":[0,0],"20":[0,0],"21":[0,0],"22":[0,0],"23":[0,0],"24":[0,0],"25":[0,0],"26":[0,0],"27":[0,0],"28":[0,0],"29":[0,0]},"_coverageSchema":"1a1c01bbd47fc00a2c39e90264f33305004495a9","hash":"891eac7d6a4c35a95480a448bcaf5482ded0c38d"}
,"C:\\Users\\Chards\\Documents\\Git\\Labs\\speak-out-be\\api\\controllers\\student.controller.js": {"path":"C:\\Users\\Chards\\Documents\\Git\\Labs\\speak-out-be\\api\\controllers\\student.controller.js","statementMap":{"0":{"start":{"line":1,"column":16},"end":{"line":1,"column":50}},"1":{"start":{"line":2,"column":17},"end":{"line":2,"column":45}},"2":{"start":{"line":3,"column":23},"end":{"line":3,"column":53}},"3":{"start":{"line":5,"column":24},"end":{"line":8,"column":2}},"4":{"start":{"line":6,"column":19},"end":{"line":6,"column":42}},"5":{"start":{"line":7,"column":2},"end":{"line":7,"column":40}},"6":{"start":{"line":10,"column":24},"end":{"line":12,"column":1}},"7":{"start":{"line":11,"column":2},"end":{"line":11,"column":43}},"8":{"start":{"line":14,"column":23},"end":{"line":17,"column":2}},"9":{"start":{"line":15,"column":2},"end":{"line":15,"column":38}},"10":{"start":{"line":16,"column":2},"end":{"line":16,"column":62}},"11":{"start":{"line":19,"column":23},"end":{"line":23,"column":2}},"12":{"start":{"line":20,"column":23},"end":{"line":20,"column":56}},"13":{"start":{"line":21,"column":18},"end":{"line":21,"column":55}},"14":{"start":{"line":22,"column":2},"end":{"line":22,"column":32}},"15":{"start":{"line":25,"column":21},"end":{"line":29,"column":2}},"16":{"start":{"line":26,"column":26},"end":{"line":26,"column":74}},"17":{"start":{"line":27,"column":18},"end":{"line":27,"column":58}},"18":{"start":{"line":28,"column":2},"end":{"line":28,"column":32}},"19":{"start":{"line":31,"column":21},"end":{"line":53,"column":2}},"20":{"start":{"line":32,"column":20},"end":{"line":38,"column":3}},"21":{"start":{"line":45,"column":6},"end":{"line":45,"column":34}},"22":{"start":{"line":46,"column":2},"end":{"line":52,"column":5}},"23":{"start":{"line":55,"column":0},"end":{"line":62,"column":2}}},"fnMap":{"0":{"name":"(anonymous_0)","decl":{"start":{"line":5,"column":35},"end":{"line":5,"column":36}},"loc":{"start":{"line":5,"column":61},"end":{"line":8,"column":1}},"line":5},"1":{"name":"(anonymous_1)","decl":{"start":{"line":10,"column":24},"end":{"line":10,"column":25}},"loc":{"start":{"line":10,"column":38},"end":{"line":12,"column":1}},"line":10},"2":{"name":"(anonymous_2)","decl":{"start":{"line":14,"column":34},"end":{"line":14,"column":35}},"loc":{"start":{"line":14,"column":54},"end":{"line":17,"column":1}},"line":14},"3":{"name":"(anonymous_3)","decl":{"start":{"line":19,"column":34},"end":{"line":19,"column":35}},"loc":{"start":{"line":19,"column":54},"end":{"line":23,"column":1}},"line":19},"4":{"name":"(anonymous_4)","decl":{"start":{"line":25,"column":32},"end":{"line":25,"column":33}},"loc":{"start":{"line":25,"column":52},"end":{"line":29,"column":1}},"line":25},"5":{"name":"(anonymous_5)","decl":{"start":{"line":31,"column":32},"end":{"line":31,"column":33}},"loc":{"start":{"line":31,"column":52},"end":{"line":53,"column":1}},"line":31}},"branchMap":{},"s":{"0":2,"1":2,"2":2,"3":2,"4":1,"5":1,"6":2,"7":1,"8":2,"9":1,"10":1,"11":2,"12":1,"13":1,"14":1,"15":2,"16":1,"17":1,"18":1,"19":2,"20":1,"21":1,"22":1,"23":2},"f":{"0":1,"1":1,"2":1,"3":1,"4":1,"5":1},"b":{},"_coverageSchema":"1a1c01bbd47fc00a2c39e90264f33305004495a9","hash":"54523892404696955a713e9328132813216a28b2"}
,"C:\\Users\\Chards\\Documents\\Git\\Labs\\speak-out-be\\api\\controllers\\student.middleware.js": {"path":"C:\\Users\\Chards\\Documents\\Git\\Labs\\speak-out-be\\api\\controllers\\student.middleware.js","statementMap":{"0":{"start":{"line":1,"column":17},"end":{"line":1,"column":45}},"1":{"start":{"line":2,"column":23},"end":{"line":2,"column":53}},"2":{"start":{"line":3,"column":16},"end":{"line":3,"column":50}},"3":{"start":{"line":4,"column":13},"end":{"line":4,"column":48}},"4":{"start":{"line":6,"column":26},"end":{"line":14,"column":1}},"5":{"start":{"line":7,"column":20},"end":{"line":7,"column":41}},"6":{"start":{"line":8,"column":2},"end":{"line":11,"column":3}},"7":{"start":{"line":9,"column":4},"end":{"line":9,"column":55}},"8":{"start":{"line":10,"column":4},"end":{"line":10,"column":11}},"9":{"start":{"line":12,"column":2},"end":{"line":12,"column":28}},"10":{"start":{"line":13,"column":2},"end":{"line":13,"column":9}},"11":{"start":{"line":16,"column":33},"end":{"line":23,"column":2}},"12":{"start":{"line":17,"column":18},"end":{"line":17,"column":55}},"13":{"start":{"line":18,"column":2},"end":{"line":20,"column":3}},"14":{"start":{"line":19,"column":4},"end":{"line":19,"column":67}},"15":{"start":{"line":21,"column":2},"end":{"line":21,"column":24}},"16":{"start":{"line":22,"column":2},"end":{"line":22,"column":9}},"17":{"start":{"line":25,"column":28},"end":{"line":116,"column":2}},"18":{"start":{"line":50,"column":6},"end":{"line":50,"column":14}},"19":{"start":{"line":51,"column":2},"end":{"line":71,"column":3}},"20":{"start":{"line":69,"column":4},"end":{"line":69,"column":42}},"21":{"start":{"line":70,"column":4},"end":{"line":70,"column":11}},"22":{"start":{"line":73,"column":21},"end":{"line":73,"column":49}},"23":{"start":{"line":74,"column":2},"end":{"line":89,"column":3}},"24":{"start":{"line":75,"column":4},"end":{"line":77,"column":5}},"25":{"start":{"line":76,"column":6},"end":{"line":76,"column":77}},"26":{"start":{"line":78,"column":4},"end":{"line":84,"column":5}},"27":{"start":{"line":79,"column":6},"end":{"line":83,"column":22}},"28":{"start":{"line":86,"column":4},"end":{"line":88,"column":5}},"29":{"start":{"line":87,"column":6},"end":{"line":87,"column":77}},"30":{"start":{"line":90,"column":2},"end":{"line":114,"column":4}},"31":{"start":{"line":115,"column":2},"end":{"line":115,"column":9}},"32":{"start":{"line":118,"column":0},"end":{"line":122,"column":2}}},"fnMap":{"0":{"name":"(anonymous_0)","decl":{"start":{"line":6,"column":26},"end":{"line":6,"column":27}},"loc":{"start":{"line":6,"column":46},"end":{"line":14,"column":1}},"line":6},"1":{"name":"(anonymous_1)","decl":{"start":{"line":16,"column":44},"end":{"line":16,"column":45}},"loc":{"start":{"line":16,"column":70},"end":{"line":23,"column":1}},"line":16},"2":{"name":"(anonymous_2)","decl":{"start":{"line":25,"column":39},"end":{"line":25,"column":40}},"loc":{"start":{"line":25,"column":65},"end":{"line":116,"column":1}},"line":25}},"branchMap":{"0":{"loc":{"start":{"line":8,"column":2},"end":{"line":11,"column":3}},"type":"if","locations":[{"start":{"line":8,"column":2},"end":{"line":11,"column":3}},{"start":{"line":8,"column":2},"end":{"line":11,"column":3}}],"line":8},"1":{"loc":{"start":{"line":18,"column":2},"end":{"line":20,"column":3}},"type":"if","locations":[{"start":{"line":18,"column":2},"end":{"line":20,"column":3}},{"start":{"line":18,"column":2},"end":{"line":20,"column":3}}],"line":18},"2":{"loc":{"start":{"line":51,"column":2},"end":{"line":71,"column":3}},"type":"if","locations":[{"start":{"line":51,"column":2},"end":{"line":71,"column":3}},{"start":{"line":51,"column":2},"end":{"line":71,"column":3}}],"line":51},"3":{"loc":{"start":{"line":52,"column":5},"end":{"line":65,"column":18}},"type":"binary-expr","locations":[{"start":{"line":52,"column":5},"end":{"line":52,"column":16}},{"start":{"line":53,"column":6},"end":{"line":53,"column":10}},{"start":{"line":54,"column":6},"end":{"line":54,"column":23}},{"start":{"line":55,"column":6},"end":{"line":55,"column":13}},{"start":{"line":56,"column":6},"end":{"line":56,"column":16}},{"start":{"line":57,"column":6},"end":{"line":57,"column":18}},{"start":{"line":58,"column":6},"end":{"line":58,"column":21}},{"start":{"line":59,"column":6},"end":{"line":59,"column":23}},{"start":{"line":60,"column":6},"end":{"line":60,"column":17}},{"start":{"line":61,"column":6},"end":{"line":61,"column":11}},{"start":{"line":62,"column":6},"end":{"line":62,"column":15}},{"start":{"line":63,"column":6},"end":{"line":63,"column":11}},{"start":{"line":64,"column":6},"end":{"line":64,"column":12}},{"start":{"line":65,"column":6},"end":{"line":65,"column":18}}],"line":52},"4":{"loc":{"start":{"line":74,"column":2},"end":{"line":89,"column":3}},"type":"if","locations":[{"start":{"line":74,"column":2},"end":{"line":89,"column":3}},{"start":{"line":74,"column":2},"end":{"line":89,"column":3}}],"line":74},"5":{"loc":{"start":{"line":75,"column":4},"end":{"line":77,"column":5}},"type":"if","locations":[{"start":{"line":75,"column":4},"end":{"line":77,"column":5}},{"start":{"line":75,"column":4},"end":{"line":77,"column":5}}],"line":75},"6":{"loc":{"start":{"line":75,"column":8},"end":{"line":75,"column":70}},"type":"binary-expr","locations":[{"start":{"line":75,"column":8},"end":{"line":75,"column":18}},{"start":{"line":75,"column":22},"end":{"line":75,"column":70}}],"line":75},"7":{"loc":{"start":{"line":78,"column":4},"end":{"line":84,"column":5}},"type":"if","locations":[{"start":{"line":78,"column":4},"end":{"line":84,"column":5}},{"start":{"line":78,"column":4},"end":{"line":84,"column":5}}],"line":78},"8":{"loc":{"start":{"line":86,"column":4},"end":{"line":88,"column":5}},"type":"if","locations":[{"start":{"line":86,"column":4},"end":{"line":88,"column":5}},{"start":{"line":86,"column":4},"end":{"line":88,"column":5}}],"line":86}},"s":{"0":2,"1":2,"2":2,"3":2,"4":2,"5":11,"6":11,"7":3,"8":3,"9":8,"10":8,"11":2,"12":8,"13":8,"14":3,"15":8,"16":8,"17":2,"18":6,"19":6,"20":2,"21":2,"22":4,"23":4,"24":2,"25":1,"26":1,"27":1,"28":2,"29":1,"30":2,"31":2,"32":2},"f":{"0":11,"1":8,"2":6},"b":{"0":[3,8],"1":[3,5],"2":[2,4],"3":[6,4,4,4,4,4,4,4,4,4,4,4,4,4],"4":[2,2],"5":[1,1],"6":[2,1],"7":[1,0],"8":[1,1]},"_coverageSchema":"1a1c01bbd47fc00a2c39e90264f33305004495a9","hash":"cd53640273b4914fb33f7fd107fb75f8a16ea80a"}
,"C:\\Users\\Chards\\Documents\\Git\\Labs\\speak-out-be\\api\\models\\course.model.js": {"path":"C:\\Users\\Chards\\Documents\\Git\\Labs\\speak-out-be\\api\\models\\course.model.js","statementMap":{"0":{"start":{"line":1,"column":11},"end":{"line":1,"column":46}},"1":{"start":{"line":3,"column":18},"end":{"line":20,"column":1}},"2":{"start":{"line":22,"column":13},"end":{"line":46,"column":1}},"3":{"start":{"line":32,"column":1},"end":{"line":43,"column":32}},"4":{"start":{"line":48,"column":17},"end":{"line":62,"column":1}},"5":{"start":{"line":49,"column":1},"end":{"line":61,"column":49}},"6":{"start":{"line":64,"column":15},"end":{"line":69,"column":1}},"7":{"start":{"line":65,"column":1},"end":{"line":65,"column":19}},"8":{"start":{"line":66,"column":1},"end":{"line":68,"column":19}},"9":{"start":{"line":71,"column":13},"end":{"line":76,"column":1}},"10":{"start":{"line":72,"column":1},"end":{"line":75,"column":19}},"11":{"start":{"line":78,"column":31},"end":{"line":92,"column":1}},"12":{"start":{"line":79,"column":1},"end":{"line":91,"column":32}},"13":{"start":{"line":94,"column":15},"end":{"line":98,"column":1}},"14":{"start":{"line":95,"column":1},"end":{"line":97,"column":9}},"15":{"start":{"line":101,"column":21},"end":{"line":103,"column":1}},"16":{"start":{"line":102,"column":1},"end":{"line":102,"column":40}},"17":{"start":{"line":104,"column":27},"end":{"line":106,"column":1}},"18":{"start":{"line":105,"column":1},"end":{"line":105,"column":54}},"19":{"start":{"line":108,"column":26},"end":{"line":110,"column":1}},"20":{"start":{"line":109,"column":1},"end":{"line":109,"column":59}},"21":{"start":{"line":111,"column":28},"end":{"line":113,"column":1}},"22":{"start":{"line":112,"column":1},"end":{"line":112,"column":48}},"23":{"start":{"line":114,"column":22},"end":{"line":116,"column":1}},"24":{"start":{"line":115,"column":1},"end":{"line":115,"column":48}},"25":{"start":{"line":117,"column":31},"end":{"line":119,"column":1}},"26":{"start":{"line":118,"column":1},"end":{"line":118,"column":64}},"27":{"start":{"line":120,"column":21},"end":{"line":122,"column":1}},"28":{"start":{"line":121,"column":1},"end":{"line":121,"column":42}},"29":{"start":{"line":124,"column":0},"end":{"line":138,"column":2}}},"fnMap":{"0":{"name":"(anonymous_0)","decl":{"start":{"line":22,"column":13},"end":{"line":22,"column":14}},"loc":{"start":{"line":22,"column":22},"end":{"line":46,"column":1}},"line":22},"1":{"name":"(anonymous_1)","decl":{"start":{"line":48,"column":17},"end":{"line":48,"column":18}},"loc":{"start":{"line":48,"column":23},"end":{"line":62,"column":1}},"line":48},"2":{"name":"(anonymous_2)","decl":{"start":{"line":64,"column":15},"end":{"line":64,"column":16}},"loc":{"start":{"line":64,"column":23},"end":{"line":69,"column":1}},"line":64},"3":{"name":"(anonymous_3)","decl":{"start":{"line":71,"column":13},"end":{"line":71,"column":14}},"loc":{"start":{"line":71,"column":27},"end":{"line":76,"column":1}},"line":71},"4":{"name":"(anonymous_4)","decl":{"start":{"line":78,"column":31},"end":{"line":78,"column":32}},"loc":{"start":{"line":78,"column":44},"end":{"line":92,"column":1}},"line":78},"5":{"name":"(anonymous_5)","decl":{"start":{"line":94,"column":15},"end":{"line":94,"column":16}},"loc":{"start":{"line":94,"column":21},"end":{"line":98,"column":1}},"line":94},"6":{"name":"(anonymous_6)","decl":{"start":{"line":101,"column":21},"end":{"line":101,"column":22}},"loc":{"start":{"line":101,"column":27},"end":{"line":103,"column":1}},"line":101},"7":{"name":"(anonymous_7)","decl":{"start":{"line":104,"column":27},"end":{"line":104,"column":28}},"loc":{"start":{"line":104,"column":33},"end":{"line":106,"column":1}},"line":104},"8":{"name":"(anonymous_8)","decl":{"start":{"line":108,"column":26},"end":{"line":108,"column":27}},"loc":{"start":{"line":108,"column":32},"end":{"line":110,"column":1}},"line":108},"9":{"name":"(anonymous_9)","decl":{"start":{"line":111,"column":28},"end":{"line":111,"column":29}},"loc":{"start":{"line":111,"column":34},"end":{"line":113,"column":1}},"line":111},"10":{"name":"(anonymous_10)","decl":{"start":{"line":114,"column":22},"end":{"line":114,"column":23}},"loc":{"start":{"line":114,"column":28},"end":{"line":116,"column":1}},"line":114},"11":{"name":"(anonymous_11)","decl":{"start":{"line":117,"column":31},"end":{"line":117,"column":32}},"loc":{"start":{"line":117,"column":37},"end":{"line":119,"column":1}},"line":117},"12":{"name":"(anonymous_12)","decl":{"start":{"line":120,"column":21},"end":{"line":120,"column":22}},"loc":{"start":{"line":120,"column":27},"end":{"line":122,"column":1}},"line":120}},"branchMap":{},"s":{"0":2,"1":2,"2":2,"3":2,"4":2,"5":5,"6":2,"7":1,"8":1,"9":2,"10":1,"11":2,"12":0,"13":2,"14":1,"15":2,"16":0,"17":2,"18":0,"19":2,"20":0,"21":2,"22":0,"23":2,"24":0,"25":2,"26":0,"27":2,"28":0,"29":2},"f":{"0":2,"1":5,"2":1,"3":1,"4":0,"5":1,"6":0,"7":0,"8":0,"9":0,"10":0,"11":0,"12":0},"b":{},"_coverageSchema":"1a1c01bbd47fc00a2c39e90264f33305004495a9","hash":"9d88989ab8c65547a0eac9716c70db734df25db6"}
,"C:\\Users\\Chards\\Documents\\Git\\Labs\\speak-out-be\\api\\models\\staff.model.js": {"path":"C:\\Users\\Chards\\Documents\\Git\\Labs\\speak-out-be\\api\\models\\staff.model.js","statementMap":{"0":{"start":{"line":1,"column":11},"end":{"line":1,"column":46}},"1":{"start":{"line":3,"column":18},"end":{"line":22,"column":1}},"2":{"start":{"line":23,"column":13},"end":{"line":40,"column":1}},"3":{"start":{"line":34,"column":2},"end":{"line":37,"column":32}},"4":{"start":{"line":42,"column":16},"end":{"line":47,"column":1}},"5":{"start":{"line":43,"column":2},"end":{"line":46,"column":29}},"6":{"start":{"line":49,"column":17},"end":{"line":55,"column":1}},"7":{"start":{"line":50,"column":2},"end":{"line":54,"column":13}},"8":{"start":{"line":57,"column":18},"end":{"line":63,"column":1}},"9":{"start":{"line":58,"column":2},"end":{"line":62,"column":13}},"10":{"start":{"line":65,"column":15},"end":{"line":80,"column":1}},"11":{"start":{"line":66,"column":2},"end":{"line":79,"column":5}},"12":{"start":{"line":67,"column":4},"end":{"line":78,"column":27}},"13":{"start":{"line":72,"column":8},"end":{"line":75,"column":27}},"14":{"start":{"line":82,"column":13},"end":{"line":106,"column":1}},"15":{"start":{"line":83,"column":2},"end":{"line":105,"column":5}},"16":{"start":{"line":84,"column":4},"end":{"line":104,"column":27}},"17":{"start":{"line":90,"column":8},"end":{"line":101,"column":13}},"18":{"start":{"line":96,"column":12},"end":{"line":100,"column":23}},"19":{"start":{"line":108,"column":15},"end":{"line":124,"column":1}},"20":{"start":{"line":109,"column":2},"end":{"line":123,"column":5}},"21":{"start":{"line":110,"column":4},"end":{"line":122,"column":27}},"22":{"start":{"line":116,"column":8},"end":{"line":119,"column":38}},"23":{"start":{"line":126,"column":0},"end":{"line":134,"column":2}}},"fnMap":{"0":{"name":"(anonymous_0)","decl":{"start":{"line":23,"column":13},"end":{"line":23,"column":14}},"loc":{"start":{"line":23,"column":26},"end":{"line":40,"column":1}},"line":23},"1":{"name":"(anonymous_1)","decl":{"start":{"line":42,"column":16},"end":{"line":42,"column":17}},"loc":{"start":{"line":42,"column":22},"end":{"line":47,"column":1}},"line":42},"2":{"name":"(anonymous_2)","decl":{"start":{"line":49,"column":17},"end":{"line":49,"column":18}},"loc":{"start":{"line":49,"column":23},"end":{"line":55,"column":1}},"line":49},"3":{"name":"(anonymous_3)","decl":{"start":{"line":57,"column":18},"end":{"line":57,"column":19}},"loc":{"start":{"line":57,"column":25},"end":{"line":63,"column":1}},"line":57},"4":{"name":"(anonymous_4)","decl":{"start":{"line":65,"column":15},"end":{"line":65,"column":16}},"loc":{"start":{"line":65,"column":46},"end":{"line":80,"column":1}},"line":65},"5":{"name":"(anonymous_5)","decl":{"start":{"line":66,"column":24},"end":{"line":66,"column":25}},"loc":{"start":{"line":66,"column":31},"end":{"line":79,"column":3}},"line":66},"6":{"name":"(anonymous_6)","decl":{"start":{"line":71,"column":12},"end":{"line":71,"column":13}},"loc":{"start":{"line":71,"column":19},"end":{"line":76,"column":7}},"line":71},"7":{"name":"(anonymous_7)","decl":{"start":{"line":82,"column":13},"end":{"line":82,"column":14}},"loc":{"start":{"line":82,"column":53},"end":{"line":106,"column":1}},"line":82},"8":{"name":"(anonymous_8)","decl":{"start":{"line":83,"column":24},"end":{"line":83,"column":25}},"loc":{"start":{"line":83,"column":31},"end":{"line":105,"column":3}},"line":83},"9":{"name":"(anonymous_9)","decl":{"start":{"line":89,"column":12},"end":{"line":89,"column":13}},"loc":{"start":{"line":89,"column":19},"end":{"line":102,"column":7}},"line":89},"10":{"name":"(anonymous_10)","decl":{"start":{"line":95,"column":16},"end":{"line":95,"column":17}},"loc":{"start":{"line":95,"column":23},"end":{"line":101,"column":11}},"line":95},"11":{"name":"(anonymous_11)","decl":{"start":{"line":108,"column":15},"end":{"line":108,"column":16}},"loc":{"start":{"line":108,"column":21},"end":{"line":124,"column":1}},"line":108},"12":{"name":"(anonymous_12)","decl":{"start":{"line":109,"column":24},"end":{"line":109,"column":25}},"loc":{"start":{"line":109,"column":31},"end":{"line":123,"column":3}},"line":109},"13":{"name":"(anonymous_13)","decl":{"start":{"line":115,"column":12},"end":{"line":115,"column":13}},"loc":{"start":{"line":115,"column":19},"end":{"line":120,"column":7}},"line":115}},"branchMap":{},"s":{"0":2,"1":2,"2":2,"3":0,"4":2,"5":0,"6":2,"7":1,"8":2,"9":0,"10":2,"11":0,"12":0,"13":0,"14":2,"15":0,"16":0,"17":0,"18":0,"19":2,"20":0,"21":0,"22":0,"23":2},"f":{"0":0,"1":0,"2":1,"3":0,"4":0,"5":0,"6":0,"7":0,"8":0,"9":0,"10":0,"11":0,"12":0,"13":0},"b":{},"_coverageSchema":"1a1c01bbd47fc00a2c39e90264f33305004495a9","hash":"c9ad5eafbfc34b794acb66bde754e4b8a6b87ed9"}
,"C:\\Users\\Chards\\Documents\\Git\\Labs\\speak-out-be\\api\\models\\student.model.js": {"path":"C:\\Users\\Chards\\Documents\\Git\\Labs\\speak-out-be\\api\\models\\student.model.js","statementMap":{"0":{"start":{"line":1,"column":18},"end":{"line":31,"column":1}},"1":{"start":{"line":33,"column":11},"end":{"line":33,"column":46}},"2":{"start":{"line":35,"column":15},"end":{"line":39,"column":1}},"3":{"start":{"line":36,"column":2},"end":{"line":38,"column":20}},"4":{"start":{"line":41,"column":16},"end":{"line":55,"column":1}},"5":{"start":{"line":42,"column":2},"end":{"line":54,"column":29}},"6":{"start":{"line":57,"column":17},"end":{"line":72,"column":1}},"7":{"start":{"line":58,"column":2},"end":{"line":71,"column":13}},"8":{"start":{"line":74,"column":18},"end":{"line":89,"column":1}},"9":{"start":{"line":75,"column":2},"end":{"line":88,"column":13}},"10":{"start":{"line":91,"column":15},"end":{"line":95,"column":1}},"11":{"start":{"line":92,"column":2},"end":{"line":94,"column":19}},"12":{"start":{"line":97,"column":15},"end":{"line":102,"column":1}},"13":{"start":{"line":98,"column":2},"end":{"line":101,"column":20}},"14":{"start":{"line":104,"column":27},"end":{"line":106,"column":1}},"15":{"start":{"line":105,"column":2},"end":{"line":105,"column":49}},"16":{"start":{"line":108,"column":21},"end":{"line":110,"column":1}},"17":{"start":{"line":109,"column":2},"end":{"line":109,"column":58}},"18":{"start":{"line":112,"column":35},"end":{"line":114,"column":1}},"19":{"start":{"line":113,"column":2},"end":{"line":113,"column":61}},"20":{"start":{"line":116,"column":24},"end":{"line":118,"column":1}},"21":{"start":{"line":117,"column":2},"end":{"line":117,"column":45}},"22":{"start":{"line":120,"column":23},"end":{"line":122,"column":1}},"23":{"start":{"line":121,"column":2},"end":{"line":121,"column":94}},"24":{"start":{"line":124,"column":0},"end":{"line":136,"column":2}}},"fnMap":{"0":{"name":"(anonymous_0)","decl":{"start":{"line":35,"column":15},"end":{"line":35,"column":16}},"loc":{"start":{"line":35,"column":23},"end":{"line":39,"column":1}},"line":35},"1":{"name":"(anonymous_1)","decl":{"start":{"line":41,"column":16},"end":{"line":41,"column":17}},"loc":{"start":{"line":41,"column":22},"end":{"line":55,"column":1
[...]
,"C:\\Users\\Chards\\Documents\\Git\\Labs\\speak-out-be\\api\\routes\\staff.routes.js": {"path":"C:\\Users\\Chards\\Documents\\Git\\Labs\\speak-out-be\\api\\routes\\staff.routes.js","statementMap":{"0":{"start":{"line":1,"column":16},"end":{"line":1,"column":34}},"1":{"start":{"line":10,"column":4},"end":{"line":10,"column":46}},"2":{"start":{"line":17,"column":4},"end":{"line":17,"column":46}},"3":{"start":{"line":19,"column":15},"end":{"line":19,"column":31}},"4":{"start":{"line":21,"column":0},"end":{"line":21,"column":41}},"5":{"start":{"line":23,"column":0},"end":{"line":23,"column":35}},"6":{"start":{"line":24,"column":0},"end":{"line":24,"column":57}},"7":{"start":{"line":25,"column":0},"end":{"line":25,"column":69}},"8":{"start":{"line":26,"column":0},"end":{"line":31,"column":2}},"9":{"start":{"line":32,"column":0},"end":{"line":32,"column":71}},"10":{"start":{"line":34,"column":0},"end":{"line":34,"column":24}}},"fnMap":{},"branchMap":{},"s":{"0":2,"1":2,"2":2,"3":2,"4":2,"5":2,"6":2,"7":2,"8":2,"9":2,"10":2},"f":{},"b":{},"_coverageSchema":"1a1c01bbd47fc00a2c39e90264f33305004495a9","hash":"55d00968d20c150db675150837b952128eb8d5ed"}
,"C:\\Users\\Chards\\Documents\\Git\\Labs\\speak-out-be\\api\\routes\\student.routes.js": {"path":"C:\\Users\\Chards\\Documents\\Git\\Labs\\speak-out-be\\api\\routes\\student.routes.js","statementMap":{"0":{"start":{"line":1,"column":16},"end":{"line":1,"column":34}},"1":{"start":{"line":10,"column":4},"end":{"line":10,"column":48}},"2":{"start":{"line":16,"column":4},"end":{"line":16,"column":48}},"3":{"start":{"line":18,"column":15},"end":{"line":18,"column":31}},"4":{"start":{"line":20,"column":0},"end":{"line":20,"column":45}},"5":{"start":{"line":22,"column":0},"end":{"line":22,"column":47}},"6":{"start":{"line":23,"column":0},"end":{"line":23,"column":41}},"7":{"start":{"line":24,"column":0},"end":{"line":24,"column":61}},"8":{"start":{"line":25,"column":0},"end":{"line":25,"column":77}},"9":{"start":{"line":26,"column":0},"end":{"line":31,"column":2}},"10":{"start":{"line":32,"column":0},"end":{"line":32,"column":79}},"11":{"start":{"line":34,"column":0},"end":{"line":34,"column":24}}},"fnMap":{},"branchMap":{},"s":{"0":2,"1":2,"2":2,"3":2,"4":2,"5":2,"6":2,"7":2,"8":2,"9":2,"10":2,"11":2},"f":{},"b":{},"_coverageSchema":"1a1c01bbd47fc00a2c39e90264f33305004495a9","hash":"333e3e71a53fb13575a57e0452e3ba8a44cf362b"}
,"C:\\Users\\Chards\\Documents\\Git\\Labs\\speak-out-be\\api\\testing\\helperfunctionsstudent.js": {"path":"C:\\Users\\Chards\\Documents\\Git\\Labs\\speak-out-be\\api\\testing\\helperfunctionsstudent.js","statementMap":{"0":{"start":{"line":1,"column":11},"end":{"line":1,"column":46}},"1":{"start":{"line":2,"column":16},"end":{"line":2,"column":39}},"2":{"start":{"line":3,"column":21},"end":{"line":3,"column":55}},"3":{"start":{"line":4,"column":19},"end":{"line":4,"column":51}},"4":{"start":{"line":5,"column":20},"end":{"line":5,"column":53}},"5":{"start":{"line":6,"column":15},"end":{"line":6,"column":32}},"6":{"start":{"line":7,"column":17},"end":{"line":7,"column":43}},"7":{"start":{"line":11,"column":2},"end":{"line":11,"column":35}},"8":{"start":{"line":12,"column":2},"end":{"line":12,"column":35}},"9":{"start":{"line":13,"column":2},"end":{"line":13,"column":24}},"10":{"start":{"line":14,"column":2},"end":{"line":14,"column":21}},"11":{"start":{"line":15,"column":2},"end":{"line":15,"column":24}},"12":{"start":{"line":16,"column":2},"end":{"line":16,"column":19}},"13":{"start":{"line":17,"column":2},"end":{"line":17,"column":38}},"14":{"start":{"line":18,"column":2},"end":{"line":18,"column":40}},"15":{"start":{"line":19,"column":2},"end":{"line":19,"column":25}},"16":{"start":{"line":24,"column":2},"end":{"line":24,"column":24}},"17":{"start":{"line":25,"column":2},"end":{"line":25,"column":27}},"18":{"start":{"line":26,"column":2},"end":{"line":26,"column":27}},"19":{"start":{"line":27,"column":2},"end":{"line":27,"column":33}},"20":{"start":{"line":28,"column":2},"end":{"line":28,"column":34}},"21":{"start":{"line":29,"column":2},"end":{"line":29,"column":21}},"22":{"start":{"line":34,"column":2},"end":{"line":34,"column":17}},"23":{"start":{"line":35,"column":2},"end":{"line":35,"column":30}},"24":{"start":{"line":36,"column":2},"end":{"line":36,"column":43}},"25":{"start":{"line":37,"column":2},"end":{"line":37,"column":20}},"26":{"start":{"line":38,"column":2},"end":{"line":38,"column":41}},"27":{"start":{"line":39,"column":2},"end":{"line":39,"column":27}},"28":{"start":{"line":40,"column":2},"end":{"line":40,"column":31}},"29":{"start":{"line":41,"column":2},"end":{"line":41,"column":35}},"30":{"start":{"line":42,"column":2},"end":{"line":42,"column":37}},"31":{"start":{"line":43,"column":2},"end":{"line":43,"column":24}},"32":{"start":{"line":44,"column":2},"end":{"line":44,"column":21}},"33":{"start":{"line":45,"column":2},"end":{"line":45,"column":24}},"34":{"start":{"line":46,"column":2},"end":{"line":46,"column":19}},"35":{"start":{"line":47,"column":2},"end":{"line":47,"column":26}},"36":{"start":{"line":48,"column":2},"end":{"line":48,"column":46}},"37":{"start":{"line":49,"column":2},"end":{"line":49,"column":37}},"38":{"start":{"line":50,"column":2},"end":{"line":50,"column":22}},"39":{"start":{"line":51,"column":2},"end":{"line":51,"column":26}},"40":{"start":{"line":52,"column":2},"end":{"line":52,"column":23}},"41":{"start":{"line":53,"column":2},"end":{"line":53,"column":23}},"42":{"start":{"line":54,"column":2},"end":{"line":54,"column":29}},"43":{"start":{"line":60,"column":2},"end":{"line":60,"column":30}},"44":{"start":{"line":61,"column":2},"end":{"line":61,"column":21}},"45":{"start":{"line":62,"column":2},"end":{"line":62,"column":25}},"46":{"start":{"line":63,"column":2},"end":{"line":63,"column":17}},"47":{"start":{"line":64,"column":2},"end":{"line":64,"column":34}},"48":{"start":{"line":65,"column":2},"end":{"line":65,"column":26}},"49":{"start":{"line":66,"column":2},"end":{"line":66,"column":20}},"50":{"start":{"line":67,"column":2},"end":{"line":67,"column":30}},"51":{"start":{"line":73,"column":2},"end":{"line":73,"column":19}},"52":{"start":{"line":74,"column":2},"end":{"line":74,"column":26}},"53":{"start":{"line":75,"column":2},"end":{"line":75,"column":25}},"54":{"start":{"line":76,"column":2},"end":{"line":76,"column":27}},"55":{"start":{"line":77,"column":2},"end":{"line":77,"column":20}},"56":{"start":{"line":78,"column":2},"end":{"line":78,"column":21}},"57":{"start":{"line":79,"column":2},"end":{"line":79,"column":22}},"58":{"start":{"line":80,"column":2},"end":{"line":80,"column":25}},"59":{"start":{"line":81,"column":2},"end":{"line":81,"column":30}},"60":{"start":{"line":82,"column":2},"end":{"line":82,"column":19}},"61":{"start":{"line":83,"column":2},"end":{"line":83,"column":31}},"62":{"start":{"line":84,"column":2},"end":{"line":84,"column":29}},"63":{"start":{"line":85,"column":2},"end":{"line":85,"column":31}},"64":{"start":{"line":86,"column":2},"end":{"line":86,"column":23}},"65":{"start":{"line":87,"column":2},"end":{"line":87,"column":25}},"66":{"start":{"line":92,"column":16},"end":{"line":113,"column":1}},"67":{"start":{"line":93,"column":1},"end":{"line":112,"column":4}},"68":{"start":{"line":135,"column":19},"end":{"line":147,"column":1}},"69":{"start":{"line":136,"column":14},"end":{"line":136,"column":56}},"70":{"start":{"line":137,"column":19},"end":{"line":139,"column":23}},"71":{"start":{"line":140,"column":15},"end":{"line":140,"column":42}},"72":{"start":{"line":141,"column":14},"end":{"line":143,"column":18}},"73":{"start":{"line":144,"column":23},"end":{"line":144,"column":52}},"74":{"start":{"line":145,"column":1},"end":{"line":145,"column":46}},"75":{"start":{"line":146,"column":1},"end":{"line":146,"column":22}},"76":{"start":{"line":149,"column":20},"end":{"line":156,"column":1}},"77":{"start":{"line":150,"column":15},"end":{"line":150,"column":41}},"78":{"start":{"line":151,"column":16},"end":{"line":151,"column":42}},"79":{"start":{"line":152,"column":14},"end":{"line":154,"column":25}},"80":{"start":{"line":155,"column":1},"end":{"line":155,"column":28}},"81":{"start":{"line":168,"column":20},"end":{"line":176,"column":1}},"82":{"start":{"line":169,"column":14},"end":{"line":169,"column":56}},"83":{"start":{"line":170,"column":18},"end":{"line":170,"column":47}},"84":{"start":{"line":171,"column":15},"end":{"line":171,"column":41}},"85":{"start":{"line":172,"column":14},"end":{"line":174,"column":17}},"86":{"start":{"line":175,"column":1},"end":{"line":175,"column":32}},"87":{"start":{"line":179,"column":20},"end":{"line":188,"column":1}},"88":{"start":{"line":180,"column":14},"end":{"line":180,"column":57}},"89":{"start":{"line":181,"column":14},"end":{"line":183,"column":23}},"90":{"start":{"line":184,"column":16},"end":{"line":184,"column":30}},"91":{"start":{"line":185,"column":1},"end":{"line":187,"column":19}},"92":{"start":{"line":191,"column":21},"end":{"line":198,"column":1}},"93":{"start":{"line":192,"column":20},"end":{"line":192,"column":48}},"94":{"start":{"line":193,"column":17},"end":{"line":193,"column":54}},"95":{"start":{"line":194,"column":14},"end":{"line":196,"column":18}},"96":{"start":{"line":197,"column":1},"end":{"line":197,"column":34}},"97":{"start":{"line":201,"column":27},"end":{"line":205,"column":1}},"98":{"start":{"line":202,"column":1},"end":{"line":204,"column":11}},"99":{"start":{"line":206,"column":28},"end":{"line":210,"column":1}},"100":{"start":{"line":207,"column":1},"end":{"line":209,"column":11}},"101":{"start":{"line":211,"column":36},"end":{"line":215,"column":1}},"102":{"start":{"line":212,"column":1},"end":{"line":214,"column":11}},"103":{"start":{"line":216,"column":24},"end":{"line":220,"column":1}},"104":{"start":{"line":217,"column":1},"end":{"line":219,"column":11}},"105":{"start":{"line":222,"column":22},"end":{"line":227,"column":1}},"106":{"start":{"line":223,"column":1},"end":{"line":226,"column":11}},"107":{"start":{"line":229,"column":0},"end":{"line":241,"column":2}}},"fnMap":{"0":{"name":"(anonymous_0)","decl":{"start":{"line":10,"column":1},"end":{"line":10,"column":2}},"loc":{"start":{"line":10,"column":22},"end":{"line":20,"column":2}},"line":10},"1":{"name":"(anonymous_1)","decl":{"start":{"line":23,"column":1},"end":{"line":23,"column":2}},"loc":{"start":{"line":23,"column":36},"end":{"line":30,"column":2}},"line":23},"2":{"name":"(anonymous_2)","decl":{"start":{"line":33,"column":1},"end":{"line":33,"column":2}},"loc":{"start":{"line":33,"column":29},"end":{"line":55,"column":2}},"line":33},"3":{"name":"(anonymous_3)","decl":{"start":{"line":59,"column":1},"end":{"line":59,"column":2}},"loc":{"start":{"line":59,"column":27},"end":{"line":68,"column":2}},"line":59},"4":{"name":"(anonymous_4)","decl":{"start":{"line":72,"column":1},"end":{"line":72,"column":2}},"loc":{"start":{"line":72,"column":25},"end":{"line":88,"column":2}},"line":72},"5":{"name":"(anonymous_5)","decl":{"start":{"line":92,"column":16},"end":{"line":92,"column":17}},"loc":{"start":{"line":92,"column":28},"end":{"line":113,"column":1}},"line":92},"6":{"name":"(anonymous_6)","decl":{"start":{"line":135,"column":19},"end":{"line":135,"column":20}},"loc":{"start":{"line":135,"column":32},"end":{"line":147,"column":1}},"line":135},"7":{"name":"(anonymous_7)","decl":{"start":{"line":149,"column":20},"end":{"line":149,"column":21}},"loc":{"start":{"line":149,"column":38},"end":{"line":156,"column":1}},"line":149},"8":{"name":"(anonymous_8)","decl":{"start":{"line":168,"column":20},"end":{"line":168,"column":21}},"loc":{"start":{"line":168,"column":33},"end":{"line":176,"column":1}},"line":168},"9":{"name":"(anonymous_9)","decl":{"start":{"line":179,"column":20},"end":{"line":179,"column":21}},"loc":{"start":{"line":179,"column":33},"end":{"line":188,"column":1}},"line":179},"10":{"name":"(anonymous_10)","decl":{"start":{"line":191,"column":21},"end":{"line":191,"column":22}},"loc":{"start":{"line":191,"column":54},"end":{"line":198,"column":1}},"line":191},"11":{"name":"(anonymous_11)","decl":{"start":{"line":201,"column":27},"end":{"line":201,"column":28}},"loc":{"start":{"line":201,"column":33},"end":{"line":205,"column":1}},"line":201},"12":{"name":"(anonymous_12)","decl":{"start":{"line":206,"column":28},"end":{"line":206,"column":29}},"loc":{"start":{"line":206,"column":41},"end":{"line":210,"column":1}},"line":206},"13":{"name":"(anonymous_13)","decl":{"start":{"line":211,"column":36},"end":{"line":211,"column":37}},"loc":{"start":{"line":211,"column":42},"end":{"line":215,"column":1}},"line":211},"14":{"name":"(anonymous_14)","decl":{"start":{"line":216,"column":24},"end":{"line":216,"column":25}},"loc":{"start":{"line":216,"column":30},"end":{"line":220,"column":1}},"line":216},"15":{"name":"(anonymous_15)","decl":{"start":{"line":222,"column":22},"end":{"line":222,"column":23}},"loc":{"start":{"line":222,"column":28},"end":{"line":227,"column":1}},"line":222}},"branchMap":{},"s":{"0":2,"1":2,"2":2,"3":2,"4":2,"5":2,"6":2,"7":35,"8":35,"9":35,"10":35,"11":35,"12":35,"13":35,"14":35,"15":35,"16":36,"17":36,"18":36,"19":36,"20":36,"21":36,"22":18,"23":18,"24":18,"25":18,"26":18,"27":18,"28":18,"29":18,"30":18,"31":18,"32":18,"33":18,"34":18,"35":18,"36":18,"37":18,"38":18,"39":18,"40":18,"41":18,"42":18,"43":1,"44":1,"45":1,"46":1,"47":1,"48":1,"49":1,"50":1,"51":0,"52":0,"53":0,"54":0,"55":0,"56":0,"57":0,"58":0,"59":0,"60":0,"61":0,"62":0,"63":0,"64":0,"65":0,"66":2,"67":20,"68":2,"69":1,"70":1,"71":1,"72":1,"73":1,"74":1,"75":1,"76":2,"77":0,"78":0,"79":0,"80":0,"81":2,"82":0,"83":0,"84":0,"85":0,"86":0,"87":2,"88":35,"89":35,"90":35,"91":35,"92":2,"93":18,"94":18,"95":18,"96":18,"97":2,"98":3,"99":2,"100":3,"101":2,"102":3,"103":2,"104":3,"105":2,"106":3,"107":2},"f":{"0":35,"1":36,"2":18,"3":1,"4":0,"5":20,"6":1,"7":0,"8":0,"9":35,"10":18,"11":3,"12":3,"13":3,"14":3,"15":3},"b":{},"_coverageSchema":"1a1c01bbd47fc00a2c39e90264f33305004495a9","hash":"cee070f21212900244e375d8565214e2a685b91b"}
,"C:\\Users\\Chards\\Documents\\Git\\Labs\\speak-out-be\\api\\utils\\AppError.js": {"path":"C:\\Users\\Chards\\Documents\\Git\\Labs\\speak-out-be\\api\\utils\\AppError.js","statementMap":{"0":{"start":{"line":3,"column":4},"end":{"line":3,"column":19}},"1":{"start":{"line":4,"column":4},"end":{"line":4,"column":33}},"2":{"start":{"line":5,"column":4},"end":{"line":5,"column":69}},"3":{"start":{"line":6,"column":4},"end":{"line":6,"column":30}},"4":{"start":{"line":7,"column":4},"end":{"line":7,"column":50}},"5":{"start":{"line":11,"column":0},"end":{"line":11,"column":26}}},"fnMap":{"0":{"name":"(anonymous_0)","decl":{"start":{"line":2,"column":2},"end":{"line":2,"column":3}},"loc":{"start":{"line":2,"column":35},"end":{"line":8,"column":3}},"line":2}},"branchMap":{"0":{"loc":{"start":{"line":5,"column":18},"end":{"line":5,"column":68}},"type":"cond-expr","locations":[{"start":{"line":5,"column":52},"end":{"line":5,"column":58}},{"start":{"line":5,"column":61},"end":{"line":5,"column":68}}],"line":5}},"s":{"0":12,"1":12,"2":12,"3":12,"4":12,"5":2},"f":{"0":12},"b":{"0":[12,0]},"_coverageSchema":"1a1c01bbd47fc00a2c39e90264f33305004495a9","hash":"9e14de4e4f7c23077f12d3110039f0d2bd9c11ca"}
,"C:\\Users\\Chards\\Documents\\Git\\Labs\\speak-out-be\\api\\utils\\catchAsync.js": {"path":"C:\\Users\\Chards\\Documents\\Git\\Labs\\speak-out-be\\api\\utils\\catchAsync.js","statementMap":{"0":{"start":{"line":1,"column":0},"end":{"line":5,"column":2}},"1":{"start":{"line":2,"column":2},"end":{"line":4,"column":4}},"2":{"start":{"line":3,"column":4},"end":{"line":3,"column":35}}},"fnMap":{"0":{"name":"(anonymous_0)","decl":{"start":{"line":1,"column":21},"end":{"line":1,"column":22}},"loc":{"start":{"line":1,"column":27},"end":{"line":5,"column":1}},"line":1},"1":{"name":"(anonymous_1)","decl":{"start":{"line":2,"column":9},"end":{"line":2,"column":10}},"loc":{"start":{"line":2,"column":29},"end":{"line":4,"column":3}},"line":2}},"branchMap":{},"s":{"0":2,"1":46,"2":27},"f":{"0":46,"1":27},"b":{},"_coverageSchema":"1a1c01bbd47fc00a2c39e90264f33305004495a9","hash":"f9f2ae0ce8461bcd8ed3e0420e21589198d9b4be"}
,"C:\\Users\\Chards\\Documents\\Git\\Labs\\speak-out-be\\database\\db-config.js": {"path":"C:\\Users\\Chards\\Documents\\Git\\Labs\\speak-out-be\\database\\db-config.js","statementMap":{"0":{"start":{"line":1,"column":20},"end":{"line":1,"column":54}},"1":{"start":{"line":3,"column":13},"end":{"line":3,"column":28}},"2":{"start":{"line":5,"column":19},"end":{"line":5,"column":57}},"3":{"start":{"line":7,"column":0},"end":{"line":7,"column":34}}},"fnMap":{},"branchMap":{"0":{"loc":{"start":{"line":1,"column":20},"end":{"line":1,"column":54}},"type":"binary-expr","locations":[{"start":{"line":1,"column":20},"end":{"line":1,"column":38}},{"start":{"line":1,"column":42},"end":{"line":1,"column":54}}],"line":1}},"s":{"0":2,"1":2,"2":2,"3":2},"f":{},"b":{"0":[2,0]},"_coverageSchema":"1a1c01bbd47fc00a2c39e90264f33305004495a9","hash":"36ed9a09a44eae0ee2874b47f2ba23f0c007f187"}
,"C:\\Users\\Chards\\Documents\\Git\\Labs\\speak-out-be\\middleware\\checkAuthenticated.js": {"path":"C:\\Users\\Chards\\Documents\\Git\\Labs\\speak-out-be\\middleware\\checkAuthenticated.js","statementMap":{"0":{"start":{"line":1,"column":0},"end":{"line":7,"column":2}},"1":{"start":{"line":2,"column":4},"end":{"line":6,"column":5}},"2":{"start":{"line":3,"column":8},"end":{"line":3,"column":22}},"3":{"start":{"line":5,"column":8},"end":{"line":5,"column":71}}},"fnMap":{"0":{"name":"(anonymous_0)","decl":{"start":{"line":1,"column":17},"end":{"line":1,"column":18}},"loc":{"start":{"line":1,"column":37},"end":{"line":7,"column":1}},"line":1}},"branchMap":{"0":{"loc":{"start":{"line":2,"column":4},"end":{"line":6,"column":5}},"type":"if","locations":[{"start":{"line":2,"column":4},"end":{"line":6,"column":5}},{"start":{"line":2,"column":4},"end":{"line":6,"column":5}}],"line":2}},"s":{"0":2,"1":0,"2":0,"3":0},"f":{"0":0},"b":{"0":[0,0]},"_coverageSchema":"1a1c01bbd47fc00a2c39e90264f33305004495a9","hash":"6798903546f5e41827865465b4d3b03839ab5c53"}
,"C:\\Users\\Chards\\Documents\\Git\\Labs\\speak-out-be\\middleware\\createSession.js": {"path":"C:\\Users\\Chards\\Documents\\Git\\Labs\\speak-out-be\\middleware\\createSession.js","statementMap":{"0":{"start":{"line":1,"column":16},"end":{"line":1,"column":42}},"1":{"start":{"line":2,"column":17},"end":{"line":2,"column":36}},"2":{"start":{"line":3,"column":25},"end":{"line":3,"column":65}},"3":{"start":{"line":4,"column":11},"end":{"line":4,"column":43}},"4":{"start":{"line":5,"column":21},"end":{"line":5,"column":45}},"5":{"start":{"line":7,"column":14},"end":{"line":13,"column":2}},"6":{"start":{"line":15,"column":22},"end":{"line":27,"column":1}},"7":{"start":{"line":29,"column":0},"end":{"line":34,"column":2}},"8":{"start":{"line":30,"column":2},"end":{"line":30,"column":37}},"9":{"start":{"line":31,"column":2},"end":{"line":31,"column":29}},"10":{"start":{"line":32,"column":2},"end":{"line":32,"column":36}},"11":{"start":{"line":33,"column":2},"end":{"line":33,"column":33}}},"fnMap":{"0":{"name":"(anonymous_0)","decl":{"start":{"line":29,"column":17},"end":{"line":29,"column":18}},"loc":{"start":{"line":29,"column":27},"end":{"line":34,"column":1}},"line":29}},"branchMap":{},"s":{"0":2,"1":2,"2":2,"3":2,"4":2,"5":2,"6":2,"7":2,"8":2,"9":2,"10":2,"11":2},"f":{"0":2},"b":{},"_coverageSchema":"1a1c01bbd47fc00a2c39e90264f33305004495a9","hash":"37f531d99c8eabb09405755ea6b4b26536b31903"}
}
