{"C:\\Users\\Chards\\Documents\\Git\\Labs\\speak-out-be\\knexfile.js": {"path":"C:\\Users\\Chards\\Documents\\Git\\Labs\\speak-out-be\\knexfile.js","statementMap":{"0":{"start":{"line":2,"column":0},"end":{"line":2,"column":27}},"1":{"start":{"line":4,"column":22},"end":{"line":4,"column":41}},"2":{"start":{"line":5,"column":22},"end":{"line":5,"column":41}},"3":{"start":{"line":6,"column":26},"end":{"line":6,"column":49}},"4":{"start":{"line":7,"column":30},"end":{"line":7,"column":57}},"5":{"start":{"line":9,"column":0},"end":{"line":49,"column":2}}},"fnMap":{},"branchMap":{},"s":{"0":1,"1":1,"2":1,"3":1,"4":1,"5":1},"f":{},"b":{},"_coverageSchema":"1a1c01bbd47fc00a2c39e90264f33305004495a9","hash":"8d71c780362e41edc41d313ffb01b21fd0d55fe0"}
,"C:\\Users\\Chards\\Documents\\Git\\Labs\\speak-out-be\\passport-config.js": {"path":"C:\\Users\\Chards\\Documents\\Git\\Labs\\speak-out-be\\passport-config.js","statementMap":{"0":{"start":{"line":1,"column":22},"end":{"line":1,"column":56}},"1":{"start":{"line":2,"column":15},"end":{"line":2,"column":32}},"2":{"start":{"line":3,"column":11},"end":{"line":3,"column":42}},"3":{"start":{"line":5,"column":0},"end":{"line":41,"column":2}},"4":{"start":{"line":6,"column":29},"end":{"line":24,"column":5}},"5":{"start":{"line":7,"column":21},"end":{"line":9,"column":20}},"6":{"start":{"line":11,"column":8},"end":{"line":13,"column":9}},"7":{"start":{"line":12,"column":12},"end":{"line":12,"column":80}},"8":{"start":{"line":15,"column":8},"end":{"line":23,"column":9}},"9":{"start":{"line":16,"column":12},"end":{"line":20,"column":13}},"10":{"start":{"line":17,"column":16},"end":{"line":17,"column":40}},"11":{"start":{"line":19,"column":16},"end":{"line":19,"column":76}},"12":{"start":{"line":22,"column":12},"end":{"line":22,"column":27}},"13":{"start":{"line":26,"column":4},"end":{"line":26,"column":100}},"14":{"start":{"line":27,"column":4},"end":{"line":29,"column":7}},"15":{"start":{"line":28,"column":8},"end":{"line":28,"column":33}},"16":{"start":{"line":30,"column":4},"end":{"line":40,"column":7}},"17":{"start":{"line":31,"column":8},"end":{"line":39,"column":15}},"18":{"start":{"line":35,"column":16},"end":{"line":35,"column":33}},"19":{"start":{"line":38,"column":16},"end":{"line":38,"column":35}}},"fnMap":{"0":{"name":"(anonymous_0)","decl":{"start":{"line":5,"column":17},"end":{"line":5,"column":18}},"loc":{"start":{"line":5,"column":29},"end":{"line":41,"column":1}},"line":5},"1":{"name":"(anonymous_1)","decl":{"start":{"line":6,"column":29},"end":{"line":6,"column":30}},"loc":{"start":{"line":6,"column":65},"end":{"line":24,"column":5}},"line":6},"2":{"name":"(anonymous_2)","decl":{"start":{"line":27,"column":27},"end":{"line":27,"column":28}},"loc":{"start":{"line":27,"column":43},"end":{"line":29,"column":5}},"line":27},"3":{"name":"(anonymous_3)","decl":{"start":{"line":30,"column":29},"end":{"line":30,"column":30}},"loc":{"start":{"line":30,"column":48},"end":{"line":40,"column":5}},"line":30},"4":{"name":"(anonymous_4)","decl":{"start":{"line":34,"column":18},"end":{"line":34,"column":19}},"loc":{"start":{"line":34,"column":26},"end":{"line":36,"column":13}},"line":34},"5":{"name":"(anonymous_5)","decl":{"start":{"line":37,"column":19},"end":{"line":37,"column":20}},"loc":{"start":{"line":37,"column":28},"end":{"line":39,"column":13}},"line":37}},"branchMap":{"0":{"loc":{"start":{"line":11,"column":8},"end":{"line":13,"column":9}},"type":"if","locations":[{"start":{"line":11,"column":8},"end":{"line":13,"column":9}},{"start":{"line":11,"column":8},"end":{"line":13,"column":9}}],"line":11},"1":{"loc":{"start":{"line":16,"column":12},"end":{"line":20,"column":13}},"type":"if","locations":[{"start":{"line":16,"column":12},"end":{"line":20,"column":13}},{"start":{"line":16,"column":12},"end":{"line":20,"column":13}}],"line":16}},"s":{"0":1,"1":1,"2":1,"3":1,"4":1,"5":0,"6":0,"7":0,"8":0,"9":0,"10":0,"11":0,"12":0,"13":1,"14":1,"15":0,"16":1,"17":0,"18":0,"19":0},"f":{"0":1,"1":0,"2":0,"3":0,"4":0,"5":0},"b":{"0":[0,0],"1":[0,0]},"_coverageSchema":"1a1c01bbd47fc00a2c39e90264f33305004495a9","hash":"68b2d765064eed2b14e207ac60df89650f684ee5"}
,"C:\\Users\\Chards\\Documents\\Git\\Labs\\speak-out-be\\api\\model.js": {"path":"C:\\Users\\Chards\\Documents\\Git\\Labs\\speak-out-be\\api\\model.js","statementMap":{"0":{"start":{"line":1,"column":11},"end":{"line":1,"column":46}},"1":{"start":{"line":3,"column":0},"end":{"line":17,"column":2}},"2":{"start":{"line":20,"column":15},"end":{"line":22,"column":3}},"3":{"start":{"line":23,"column":2},"end":{"line":23,"column":14}},"4":{"start":{"line":30,"column":2},"end":{"line":33,"column":3}},"5":{"start":{"line":31,"column":4},"end":{"line":31,"column":35}},"6":{"start":{"line":32,"column":4},"end":{"line":32,"column":36}},"7":{"start":{"line":35,"column":2},"end":{"line":51,"column":5}},"8":{"start":{"line":36,"column":4},"end":{"line":38,"column":5}},"9":{"start":{"line":37,"column":6},"end":{"line":37,"column":36}},"10":{"start":{"line":40,"column":4},"end":{"line":42,"column":5}},"11":{"start":{"line":41,"column":6},"end":{"line":41,"column":46}},"12":{"start":{"line":44,"column":4},"end":{"line":46,"column":5}},"13":{"start":{"line":45,"column":6},"end":{"line":45,"column":34}},"14":{"start":{"line":48,"column":4},"end":{"line":50,"column":5}},"15":{"start":{"line":49,"column":6},"end":{"line":49,"column":32}},"16":{"start":{"line":55,"column":2},"end":{"line":55,"column":26}},"17":{"start":{"line":55,"column":13},"end":{"line":55,"column":26}},"18":{"start":{"line":56,"column":14},"end":{"line":56,"column":16}},"19":{"start":{"line":57,"column":10},"end":{"line":57,"column":11}},"20":{"start":{"line":58,"column":2},"end":{"line":62,"column":3}},"21":{"start":{"line":59,"column":4},"end":{"line":60,"column":56}},"22":{"start":{"line":59,"column":12},"end":{"line":59,"column":50}},"23":{"start":{"line":60,"column":9},"end":{"line":60,"column":56}},"24":{"start":{"line":61,"column":4},"end":{"line":61,"column":8}},"25":{"start":{"line":63,"column":2},"end":{"line":63,"column":15}},"26":{"start":{"line":67,"column":2},"end":{"line":67,"column":64}},"27":{"start":{"line":71,"column":14},"end":{"line":71,"column":29}},"28":{"start":{"line":72,"column":2},"end":{"line":72,"column":31}},"29":{"start":{"line":74,"column":2},"end":{"line":74,"column":30}},"30":{"start":{"line":78,"column":2},"end":{"line":80,"column":13}},"31":{"start":{"line":84,"column":2},"end":{"line":84,"column":58}},"32":{"start":{"line":88,"column":11},"end":{"line":88,"column":16}},"33":{"start":{"line":92,"column":2},"end":{"line":94,"column":18}},"34":{"start":{"line":98,"column":2},"end":{"line":100,"column":4}},"35":{"start":{"line":104,"column":2},"end":{"line":106,"column":40}},"36":{"start":{"line":110,"column":2},"end":{"line":112,"column":29}},"37":{"start":{"line":116,"column":2},"end":{"line":118,"column":21}},"38":{"start":{"line":122,"column":2},"end":{"line":124,"column":29}},"39":{"start":{"line":129,"column":2},"end":{"line":131,"column":20}}},"fnMap":{"0":{"name":"find","decl":{"start":{"line":19,"column":9},"end":{"line":19,"column":13}},"loc":{"start":{"line":19,"column":27},"end":{"line":24,"column":1}},"line":19},"1":{"name":"findAny","decl":{"start":{"line":26,"column":9},"end":{"line":26,"column":16}},"loc":{"start":{"line":26,"column":55},"end":{"line":52,"column":1}},"line":26},"2":{"name":"(anonymous_2)","decl":{"start":{"line":35,"column":26},"end":{"line":35,"column":27}},"loc":{"start":{"line":35,"column":49},"end":{"line":51,"column":3}},"line":35},"3":{"name":"makeWhere","decl":{"start":{"line":54,"column":9},"end":{"line":54,"column":18}},"loc":{"start":{"line":54,"column":31},"end":{"line":64,"column":1}},"line":54},"4":{"name":"findBy","decl":{"start":{"line":66,"column":9},"end":{"line":66,"column":15}},"loc":{"start":{"line":66,"column":30},"end":{"line":68,"column":1}},"line":66},"5":{"name":"add","decl":{"start":{"line":70,"column":15},"end":{"line":70,"column":18}},"loc":{"start":{"line":70,"column":32},"end":{"line":75,"column":1}},"line":70},"6":{"name":"findById","decl":{"start":{"line":77,"column":9},"end":{"line":77,"column":17}},"loc":{"start":{"line":77,"column":28},"end":{"line":81,"column":1}},"line":77},"7":{"name":"remove","decl":{"start":{"line":83,"column":9},"end":{"line":83,"column":15}},"loc":{"start":{"line":83,"column":26},"end":{"line":85,"column":1}},"line":83},"8":{"name":"update","decl":{"start":{"line":87,"column":9},"end":{"line":87,"column":15}},"loc":{"start":{"line":87,"column":36},"end":{"line":95,"column":1}},"line":87},"9":{"name":"updateAny","decl":{"start":{"line":97,"column":9},"end":{"line":97,"column":18}},"loc":{"start":{"line":97,"column":39},"end":{"line":101,"column":1}},"line":97},"10":{"name":"addUser","decl":{"start":{"line":103,"column":9},"end":{"line":103,"column":16}},"loc":{"start":{"line":103,"column":27},"end":{"line":107,"column":1}},"line":103},"11":{"name":"addMeeting","decl":{"start":{"line":109,"column":9},"end":{"line":109,"column":19}},"loc":{"start":{"line":109,"column":29},"end":{"line":113,"column":1}},"line":109},"12":{"name":"addFamily","decl":{"start":{"line":115,"column":9},"end":{"line":115,"column":18}},"loc":{"start":{"line":115,"column":31},"end":{"line":119,"column":1}},"line":115},"13":{"name":"addStudent","decl":{"start":{"line":121,"column":9},"end":{"line":121,"column":19}},"loc":{"start":{"line":121,"column":33},"end":{"line":125,"column":1}},"line":121},"14":{"name":"addStaff","decl":{"start":{"line":128,"column":9},"end":{"line":128,"column":17}},"loc":{"start":{"line":128,"column":24},"end":{"line":132,"column":1}},"line":128}},"branchMap":{"0":{"loc":{"start":{"line":21,"column":31},"end":{"line":21,"column":61}},"type":"cond-expr","locations":[{"start":{"line":21,"column":39},"end":{"line":21,"column":56}},{"start":{"line":21,"column":59},"end":{"line":21,"column":61}}],"line":21},"1":{"loc":{"start":{"line":30,"column":2},"end":{"line":33,"column":3}},"type":"if","locations":[{"start":{"line":30,"column":2},"end":{"line":33,"column":3}},{"start":{"line":30,"column":2},"end":{"line":33,"column":3}}],"line":30},"2":{"loc":{"start":{"line":36,"column":4},"end":{"line":38,"column":5}},"type":"if","locations":[{"start":{"line":36,"column":4},"end":{"line":38,"column":5}},{"start":{"line":36,"column":4},"end":{"line":38,"column":5}}],"line":36},"3":{"loc":{"start":{"line":40,"column":4},"end":{"line":42,"column":5}},"type":"if","locations":[{"start":{"line":40,"column":4},"end":{"line":42,"column":5}},{"start":{"line":40,"column":4},"end":{"line":42,"column":5}}],"line":40},"4":{"loc":{"start":{"line":44,"column":4},"end":{"line":46,"column":5}},"type":"if","locations":[{"start":{"line":44,"column":4},"end":{"line":46,"column":5}},{"start":{"line":44,"column":4},"end":{"line":46,"column":5}}],"line":44},"5":{"loc":{"start":{"line":48,"column":4},"end":{"line":50,"column":5}},"type":"if","locations":[{"start":{"line":48,"column":4},"end":{"line":50,"column":5}},{"start":{"line":48,"column":4},"end":{"line":50,"column":5}}],"line":48},"6":{"loc":{"start":{"line":55,"column":2},"end":{"line":55,"column":26}},"type":"if","locations":[{"start":{"line":55,"column":2},"end":{"line":55,"column":26}},{"start":{"line":55,"column":2},"end":{"line":55,"column":26}}],"line":55},"7":{"loc":{"start":{"line":59,"column":4},"end":{"line":60,"column":56}},"type":"if","locations":[{"start":{"line":59,"column":4},"end":{"line":60,"column":56}},{"start":{"line":59,"column":4},"end":{"line":60,"column":56}}],"line":59}},"s":{"0":1,"1":1,"2":0,"3":0,"4":0,"5":0,"6":0,"7":0,"8":0,"9":0,"10":0,"11":0,"12":0,"13":0,"14":0,"15":0,"16":0,"17":0,"18":0,"19":0,"20":0,"21":0,"22":0,"23":0,"24":0,"25":0,"26":0,"27":0,"28":0,"29":0,"30":0,"31":0,"32":0,"33":0,"34":0,"35":0,"36":0,"37":0,"38":0,"39":0},"f":{"0":0,"1":0,"2":0,"3":0,"4":0,"5":0,"6":0,"7":0,"8":0,"9":0,"10":0,"11":0,"12":0,"13":0,"14":0},"b":{"0":[0,0],"1":[0,0],"2":[0,0],"3":[0,0],"4":[0,0],"5":[0,0],"6":[0,0],"7":[0,0]},"_coverageSchema":"1a1c01bbd47fc00a2c39e90264f33305004495a9","hash":"8fe9f3a5c68cb349b211b67147cf6e84ef4bcb04"}
,"C:\\Users\\Chards\\Documents\\Git\\Labs\\speak-out-be\\api\\server.js": {"path":"C:\\Users\\Chards\\Documents\\Git\\Labs\\speak-out-be\\api\\server.js","statementMap":{"0":{"start":{"line":1,"column":0},"end":{"line":1,"column":27}},"1":{"start":{"line":4,"column":16},"end":{"line":4,"column":34}},"2":{"start":{"line":5,"column":13},"end":{"line":5,"column":28}},"3":{"start":{"line":6,"column":15},"end":{"line":6,"column":32}},"4":{"start":{"line":7,"column":17},"end":{"line":7,"column":36}},"5":{"start":{"line":8,"column":14},"end":{"line":8,"column":35}},"6":{"start":{"line":9,"column":27},"end":{"line":9,"column":59}},"7":{"start":{"line":10,"column":22},"end":{"line":10,"column":63}},"8":{"start":{"line":11,"column":27},"end":{"line":11,"column":73}},"9":{"start":{"line":12,"column":20},"end":{"line":12,"column":52}},"10":{"start":{"line":13,"column":27},"end":{"line":13,"column":69}},"11":{"start":{"line":14,"column":21},"end":{"line":14,"column":54}},"12":{"start":{"line":17,"column":15},"end":{"line":17,"column":24}},"13":{"start":{"line":20,"column":0},"end":{"line":30,"column":2}},"14":{"start":{"line":31,"column":0},"end":{"line":31,"column":27}},"15":{"start":{"line":32,"column":0},"end":{"line":32,"column":22}},"16":{"start":{"line":33,"column":0},"end":{"line":33,"column":29}},"17":{"start":{"line":35,"column":0},"end":{"line":35,"column":24}},"18":{"start":{"line":36,"column":0},"end":{"line":36,"column":25}},"19":{"start":{"line":38,"column":0},"end":{"line":59,"column":3}},"20":{"start":{"line":39,"column":25},"end":{"line":39,"column":63}},"21":{"start":{"line":40,"column":2},"end":{"line":58,"column":7}},"22":{"start":{"line":49,"column":6},"end":{"line":51,"column":9}},"23":{"start":{"line":54,"column":6},"end":{"line":54,"column":37}},"24":{"start":{"line":55,"column":6},"end":{"line":57,"column":9}},"25":{"start":{"line":61,"column":0},"end":{"line":125,"column":3}},"26":{"start":{"line":62,"column":15},"end":{"line":62,"column":28}},"27":{"start":{"line":63,"column":17},"end":{"line":63,"column":32}},"28":{"start":{"line":64,"column":18},"end":{"line":64,"column":34}},"29":{"start":{"line":66,"column":25},"end":{"line":66,"column":59}},"30":{"start":{"line":68,"column":2},"end":{"line":124,"column":7}},"31":{"start":{"line":77,"column":6},"end":{"line":77,"column":40}},"32":{"start":{"line":78,"column":6},"end":{"line":117,"column":11}},"33":{"start":{"line":87,"column":10},"end":{"line":87,"column":48}},"34":{"start":{"line":88,"column":10},"end":{"line":110,"column":15}},"35":{"start":{"line":100,"column":14},"end":{"line":100,"column":54}},"36":{"start":{"line":101,"column":14},"end":{"line":103,"column":17}},"37":{"start":{"line":106,"column":14},"end":{"line":106,"column":44}},"38":{"start":{"line":107,"column":14},"end":{"line":109,"column":17}},"39":{"start":{"line":113,"column":10},"end":{"line":113,"column":39}},"40":{"start":{"line":114,"column":10},"end":{"line":116,"column":13}},"41":{"start":{"line":120,"column":6},"end":{"line":120,"column":33}},"42":{"start":{"line":121,"column":6},"end":{"line":123,"column":9}},"43":{"start":{"line":127,"column":0},"end":{"line":144,"column":2}},"44":{"start":{"line":133,"column":4},"end":{"line":142,"column":5}},"45":{"start":{"line":134,"column":6},"end":{"line":139,"column":9}},"46":{"start":{"line":141,"column":6},"end":{"line":141,"column":63}},"47":{"start":{"line":146,"column":0},"end":{"line":150,"column":3}},"48":{"start":{"line":147,"column":2},"end":{"line":147,"column":15}},"49":{"start":{"line":148,"column":2},"end":{"line":148,"column":24}},"50":{"start":{"line":149,"column":2},"end":{"line":149,"column":31}},"51":{"start":{"line":152,"column":0},"end":{"line":164,"column":3}},"52":{"start":{"line":153,"column":2},"end":{"line":153,"column":30}},"53":{"start":{"line":154,"column":17},"end":{"line":154,"column":57}},"54":{"start":{"line":155,"column":17},"end":{"line":155,"column":35}},"55":{"start":{"line":156,"column":15},"end":{"line":156,"column":31}},"56":{"start":{"line":158,"column":2},"end":{"line":163,"column":5}},"57":{"start":{"line":166,"column":0},"end":{"line":172,"column":3}},"58":{"start":{"line":167,"column":2},"end":{"line":171,"column":6}},"59":{"start":{"line":174,"column":0},"end":{"line":190,"column":3}},"60":{"start":{"line":175,"column":18},"end":{"line":175,"column":35}},"61":{"start":{"line":176,"column":15},"end":{"line":176,"column":29}},"62":{"start":{"line":177,"column":16},"end":{"line":177,"column":31}},"63":{"start":{"line":178,"column":16},"end":{"line":178,"column":31}},"64":{"start":{"line":179,"column":18},"end":{"line":179,"column":35}},"65":{"start":{"line":181,"column":2},"end":{"line":188,"column":7}},"66":{"start":{"line":184,"column":6},"end":{"line":184,"column":30}},"67":{"start":{"line":187,"column":6},"end":{"line":187,"column":58}},"68":{"start":{"line":192,"column":0},"end":{"line":203,"column":3}},"69":{"start":{"line":193,"column":2},"end":{"line":201,"column":7}},"70":{"start":{"line":196,"column":6},"end":{"line":196,"column":33}},"71":{"start":{"line":197,"column":6},"end":{"line":197,"column":30}},"72":{"start":{"line":200,"column":6},"end":{"line":200,"column":58}},"73":{"start":{"line":205,"column":0},"end":{"line":216,"column":3}},"74":{"start":{"line":208,"column":2},"end":{"line":215,"column":7}},"75":{"start":{"line":211,"column":6},"end":{"line":211,"column":74}},"76":{"start":{"line":214,"column":6},"end":{"line":214,"column":39}},"77":{"start":{"line":218,"column":0},"end":{"line":239,"column":3}},"78":{"start":{"line":219,"column":2},"end":{"line":219,"column":33}},"79":{"start":{"line":220,"column":2},"end":{"line":238,"column":7}},"80":{"start":{"line":223,"column":6},"end":{"line":234,"column":7}},"81":{"start":{"line":224,"column":8},"end":{"line":231,"column":13}},"82":{"start":{"line":227,"column":12},"end":{"line":227,"column":47}},"83":{"start":{"line":230,"column":12},"end":{"line":230,"column":45}},"84":{"start":{"line":233,"column":8},"end":{"line":233,"column":42}},"85":{"start":{"line":237,"column":6},"end":{"line":237,"column":39}},"86":{"start":{"line":241,"column":0},"end":{"line":251,"column":3}},"87":{"start":{"line":242,"column":2},"end":{"line":242,"column":32}},"88":{"start":{"line":243,"column":2},"end":{"line":250,"column":7}},"89":{"start":{"line":246,"column":6},"end":{"line":246,"column":37}},"90":{"start":{"line":249,"column":6},"end":{"line":249,"column":39}},"91":{"start":{"line":253,"column":0},"end":{"line":263,"column":3}},"92":{"start":{"line":254,"column":2},"end":{"line":254,"column":32}},"93":{"start":{"line":255,"column":2},"end":{"line":262,"column":7}},"94":{"start":{"line":258,"column":6},"end":{"line":258,"column":37}},"95":{"start":{"line":261,"column":6},"end":{"line":261,"column":39}},"96":{"start":{"line":265,"column":0},"end":{"line":289,"column":3}},"97":{"start":{"line":266,"column":2},"end":{"line":288,"column":6}},"98":{"start":{"line":269,"column":25},"end":{"line":269,"column":33}},"99":{"start":{"line":270,"column":6},"end":{"line":270,"column":37}},"100":{"start":{"line":271,"column":6},"end":{"line":283,"column":9}},"101":{"start":{"line":272,"column":30},"end":{"line":272,"column":56}},"102":{"start":{"line":273,"column":8},"end":{"line":282,"column":13}},"103":{"start":{"line":276,"column":12},"end":{"line":276,"column":31}},"104":{"start":{"line":279,"column":12},"end":{"line":281,"column":75}},"105":{"start":{"line":284,"column":6},"end":{"line":284,"column":34}},"106":{"start":{"line":287,"column":6},"end":{"line":287,"column":80}},"107":{"start":{"line":291,"column":0},"end":{"line":291,"column":31}},"108":{"start":{"line":320,"column":0},"end":{"line":320,"column":24}}},"fnMap":{"0":{"name":"(anonymous_0)","decl":{"start":{"line":38,"column":25},"end":{"line":38,"column":26}},"loc":{"start":{"line":38,"column":39},"end":{"line":59,"column":1}},"line":38},"1":{"name":"(anonymous_1)","decl":{"start":{"line":48,"column":10},"end":{"line":48,"column":11}},"loc":{"start":{"line":48,"column":18},"end":{"line":52,"column":5}},"line":48},"2":{"name":"(anonymous_2)","decl":{"start":{"line":53,"column":11},"end":{"line":53,"column":12}},"loc":{"start":{"line":53,"column":20},"end":{"line":58,"column":5}},"line":53},"3":{"name":"(anonymous_3)","decl":{"start":{"line":61,"column":32},"end":{"line":61,"column":33}},"loc":{"start":{"line":61,"column":46},"end":{"line":125,"column":1}},"line":61},"4":{"name":"(anonymous_4)","decl":{"start":{"line":76,"column":10},"end":{"line":76,"column":11}},"loc":{"start":{"line":76,"column":18},"end":{"line":118,"column":5}},"line":76},"5":{"name":"(anonymous_5)","decl":{"start":{"line":86,"column":14},"end":{"line":86,"column":15}},"loc":{"start":{"line":86,"column":24},"end":{"line":111,"column":9}},"line":86},"6":{"name":"(anonymous_6)","decl":{"start":{"line":99,"column":18},"end":{"line":99,"column":19}},"loc":{"start":{"line":99,"column":29},"end":{"line":104,"column":13}},"line":99},"7":{"name":"(anonymous_7)","decl":{"start":{"line":105,"column":19},"end":{"line":105,"column":20}},"loc":{"start":{"line":105,"column":28},"end":{"line":110,"column":13}},"line":105},"8":{"name":"(anonymous_8)","decl":{"start":{"line":112,"column":15},"end":{"line":112,"column":16}},"loc":{"start":{"line":112,"column":24},"end":{"line":117,"column":9}},"line":112},"9":{"name":"(anonymous_9)","decl":{"start":{"line":119,"column":11},"end":{"line":119,"column":12}},"loc":{"start":{"line":119,"column":20},"end":{"line":124,"column":5}},"line":119},"10":{"name":"(anonymous_10)","decl":{"start":{"line":132,"column":2},"end":{"line":132,"column":3}},"loc":{"start":{"line":132,"column":16},"end":{"line":143,"column":3}},"line":132},"11":{"name":"(anonymous_11)","decl":{"start":{"line":146,"column":22},"end":{"line":146,"column":23}},"loc":{"start":{"line":146,"column":36},"end":{"line":150,"column":1}},"line":146},"12":{"name":"(anonymous_12)","decl":{"start":{"line":152,"column":20},"end":{"line":152,"column":21}},"loc":{"start":{"line":152,"column":40},"end":{"line":164,"column":1}},"line":152},"13":{"name":"(anonymous_13)","decl":{"start":{"line":166,"column":16},"end":{"line":166,"column":17}},"loc":{"start":{"line":166,"column":30},"end":{"line":172,"column":1}},"line":166},"14":{"name":"(anonymous_14)","decl":{"start":{"line":174,"column":39},"end":{"line":174,"column":40}},"loc":{"start":{"line":174,"column":53},"end":{"line":190,"column":1}},"line":174},"15":{"name":"(anonymous_15)","decl":{"start":{"line":183,"column":10},"end":{"line":183,"column":11}},"loc":{"start":{"line":183,"column":23},"end":{"line":185,"column":5}},"line":183},"16":{"name":"(anonymous_16)","decl":{"start":{"line":186,"column":11},"end":{"line":186,"column":12}},"loc":{"start":{"line":186,"column":20},"end":{"line":188,"column":5}},"line":186},"17":{"name":"(anonymous_17)","decl":{"start":{"line":192,"column":41},"end":{"line":192,"column":42}},"loc":{"start":{"line":192,"column":55},"end":{"line":203,"column":1}},"line":192},"18":{"name":"(anonymous_18)","decl":{"start":{"line":195,"column":10},"end":{"line":195,"column":11}},"loc":{"start":{"line":195,"column":23},"end":{"line":198,"column":5}},"line":195},"19":{"name":"(anonymous_19)","decl":{"start":{"line":199,"column":11},"end":{"line":199,"column":12}},"loc":{"start":{"line":199,"column":20},"end":{"line":201,"column":5}},"line":199},"20":{"name":"(anonymous_20)","decl":{"start":{"line":205,"column":22},"end":{"line":205,"column":23}},"loc":{"start":{"line":205,"column":36},"end":{"line":216,"column":1}},"line":205},"21":{"name":"(anonymous_21)","decl":{"start":{"line":210,"column":10},"end":{"line":210,"column":11}},"loc":{"start":{"line":210,"column":21},"end":{"line":212,"column":5}},"line":210},"22":{"name":"(anonymous_22)","decl":{"start":{"line":213,"column":11},"end":{"line":213,"column":12}},"loc":{"start":{"line":213,"column":20},"end":{"line":215,"column":5}},"line":213},"23":{"name":"(anonymous_23)","decl":{"start":{"line":218,"column":20},"end":{"line":218,"column":21}},"loc":{"start":{"line":218,"column":34},"end":{"line":239,"column":1}},"line":218},"24":{"name":"(anonymous_24)","decl":{"start":{"line":222,"column":10},"end":{"line":222,"column":11}},"loc":{"start":{"line":222,"column":20},"end":{"line":235,"column":5}},"line":222},"25":{"name":"(anonymous_25)","decl":{"start":{"line":226,"column":16},"end":{"line":226,"column":17}},"loc":{"start":{"line":226,"column":27},"end":{"line":228,"column":11}},"line":226},"26":{"name":"(anonymous_26)","decl":{"start":{"line":229,"column":17},"end":{"line":229,"column":18}},"loc":{"start":{"line":229,"column":26},"end":{"line":231,"column":11}},"line":229},"27":{"name":"(anonymous_27)","decl":{"start":{"line":236,"column":11},"end":{"line":236,"column":12}},"loc":{"start":{"line":236,"column":20},"end":{"line":238,"column":5}},"line":236},"28":{"name":"(anonymous_28)","decl":{"start":{"line":241,"column":19},"end":{"line":241,"column":20}},"loc":{"start":{"line":241,"column":33},"end":{"line":251,"column":1}},"line":241},"29":{"name":"(anonymous_29)","decl":{"start":{"line":245,"column":10},"end":{"line":245,"column":11}},"loc":{"start":{"line":245,"column":21},"end":{"line":247,"column":5}},"line":245},"30":{"name":"(anonymous_30)","decl":{"start":{"line":248,"column":11},"end":{"line":248,"column":12}},"loc":{"start":{"line":248,"column":20},"end":{"line":250,"column":5}},"line":248},"31":{"name":"(anonymous_31)","decl":{"start":{"line":253,"column":16},"end":{"line":253,"column":17}},"loc":{"start":{"line":253,"column":30},"end":{"line":263,"column":1}},"line":253},"32":{"name":"(anonymous_32)","decl":{"start":{"line":257,"column":10},"end":{"line":257,"column":11}},"loc":{"start":{"line":257,"column":21},"end":{"line":259,"column":5}},"line":257},"33":{"name":"(anonymous_33)","decl":{"start":{"line":260,"column":11},"end":{"line":260,"column":12}},"loc":{"start":{"line":260,"column":20},"end":{"line":262,"column":5}},"line":260},"34":{"name":"(anonymous_34)","decl":{"start":{"line":265,"column":31},"end":{"line":265,"column":32}},"loc":{"start":{"line":265,"column":45},"end":{"line":289,"column":1}},"line":265},"35":{"name":"(anonymous_35)","decl":{"start":{"line":268,"column":10},"end":{"line":268,"column":11}},"loc":{"start":{"line":268,"column":19},"end":{"line":285,"column":5}},"line":268},"36":{"name":"(anonymous_36)","decl":{"start":{"line":271,"column":32},"end":{"line":271,"column":33}},"loc":{"start":{"line":271,"column":43},"end":{"line":283,"column":7}},"line":271},"37":{"name":"(anonymous_37)","decl":{"start":{"line":275,"column":16},"end":{"line":275,"column":17}},"loc":{"start":{"line":275,"column":25},"end":{"line":277,"column":11}},"line":275},"38":{"name":"(anonymous_38)","decl":{"start":{"line":278,"column":17},"end":{"line":278,"column":18}},"loc":{"start":{"line":278,"column":24},"end":{"line":282,"column":11}},"line":278},"39":{"name":"(anonymous_39)","decl":{"start":{"line":286,"column":11},"end":{"line":286,"column":12}},"loc":{"start":{"line":287,"column":6},"end":{"line":287,"column":80}},"line":287}},"branchMap":{"0":{"loc":{"start":{"line":45,"column":12},"end":{"line":45,"column":33}},"type":"binary-expr","locations":[{"start":{"line":45,"column":12},"end":{"line":45,"column":25}},{"start":{"line":45,"column":29},"end":{"line":45,"column":33}}],"line":45},"1":{"loc":{"start":{"line":46,"column":13},"end":{"line":46,"column":35}},"type":"binary-expr","locations":[{"start":{"line":46,"column":13},"end":{"line":46,"column":27}},{"start":{"line":46,"column":31},"end":{"line":46,"column":35}}],"line":46},"2":{"loc":{"start":{"line":72,"column":12},"end":{"line":72,"column":29}},"type":"binary-expr","locations":[{"start":{"line":72,"column":12},"end":{"line":72,"column":21}},{"start":{"line":72,"column":25},"end":{"line":72,"column":29}}],"line":72},"3":{"loc":{"start":{"line":73,"column":13},"end":{"line":73,"column":31}},"type":"binary-expr","locations":[{"start":{"line":73,"column":13},"end":{"line":73,"column":23}},{"start":{"line":73,"column":27},"end":{"line":73,"column":31}}],"line":73},"4":{"loc":{"start":{"line":133,"column":4},"end":{"line":142,"column":5}},"type":"if","locations":[{"start":{"line":133,"column":4},"end":{"line":142,"column":5}},{"start":{"line":133,"column":4},"end":{"line":142,"column":5}}],"line":133},"5":{"loc":{"start":{"line":154,"column":17},"end":{"line":154,"column":57}},"type":"cond-expr","locations":[{"start":{"line":154,"column":28},"end":{"line":154,"column":45}},{"start":{"line":154,"column":48},"end":{"line":154,"column":57}}],"line":154},"6":{"loc":{"start":{"line":223,"column":6},"end":{"line":234,"column":7}},"type":"if","locations":[{"start":{"line":223,"column":6},"end":{"line":234,"column":7}},{"start":{"line":223,"column":6},"end":{"line":234,"column":7}}],"line":223}},"s":{"0":1,"1":1,"2":1,"3":1,"4":1,"5":1,"6":1,"7":1,"8":1,"9":1,"10":1,"11":1,"12":1,"13":1,"14":1,"15":1,"16":1,"17":1,"18":1,"19":1,"20":0,"21":0,"22":0,"23":0,"24":0,"25":1,"26":0,"27":0,"28":0,"29":0,"30":0,"31":0,"32":0,"33":0,"34":0,"35":0,"36":0,"37":0,"38":0,"39":0,"40":0,"41":0,"42":0,"43":1,"44":0,"45":0,"46":0,"47":1,"48":0,"49":0,"50":0,"51":1,"52":0,"53":0,"54":0,"55":0,"56":0,"57":1,"58":0,"59":1,"60":0,"61":0,"62":0,"63":0,"64":0,"65":0,"66":0,"67":0,"68":1,"69":0,"70":0,"71":0,"72":0,"73":1,"74":0,"75":0,"76":0,"77":1,"78":0,"79":0,"80":0,"81":0,"82":0,"83":0,"84":0,"85":0,"86":1,"87":0,"88":0,"89":0,"90":0,"91":1,"92":0,"93":0,"94":0,"95":0,"96":1,"97":0,"98":0,"99":0,"100":0,"101":0,"102":0,"103":0,"104":0,"105":0,"106":0,"107":1,"108":1},"f":{"0":0,"1":0,"2":0,"3":0,"4":0,"5":0,"6":0,"7":0,"8":0,"9":0,"10":0,"11":0,"12":0,"13":0,"14":0,"15":0,"16":0,"17":0,"18":0,"19":0,"20":0,"21":0,"22":0,"23":0,"24":0,"25":0,"26":0,"27":0,"28":0,"29":0,"30":0,"31":0,"32":0,"33":0,"34":0,"35":0,"36":0,"37":0,"38":0,"39":0},"b":{"0":[0,0],"1":[0,0],"2":[0,0],"3":[0,0],"4":[0,0],"5":[0,0],"6":[0,0]},"_coverageSchema":"1a1c01bbd47fc00a2c39e90264f33305004495a9","hash":"17872fe3412cb65f7272a0397822b60d73c1c1c4"}
,"C:\\Users\\Chards\\Documents\\Git\\Labs\\speak-out-be\\api\\controllers\\course.controller.js": {"path":"C:\\Users\\Chards\\Documents\\Git\\Labs\\speak-out-be\\api\\controllers\\course.controller.js","statementMap":{"0":{"start":{"line":1,"column":15},"end":{"line":1,"column":48}},"1":{"start":{"line":2,"column":14},"end":{"line":2,"column":46}},"2":{"start":{"line":3,"column":15},"end":{"line":3,"column":32}},"3":{"start":{"line":5,"column":23},"end":{"line":16,"column":1}},"4":{"start":{"line":6,"column":2},"end":{"line":15,"column":3}},"5":{"start":{"line":7,"column":19},"end":{"line":7,"column":61}},"6":{"start":{"line":8,"column":4},"end":{"line":10,"column":5}},"7":{"start":{"line":9,"column":6},"end":{"line":9,"column":77}},"8":{"start":{"line":11,"column":4},"end":{"line":11,"column":40}},"9":{"start":{"line":13,"column":4},"end":{"line":13,"column":23}},"10":{"start":{"line":14,"column":4},"end":{"line":14,"column":78}},"11":{"start":{"line":18,"column":23},"end":{"line":26,"column":1}},"12":{"start":{"line":19,"column":2},"end":{"line":25,"column":3}},"13":{"start":{"line":20,"column":20},"end":{"line":20,"column":48}},"14":{"start":{"line":21,"column":4},"end":{"line":21,"column":41}},"15":{"start":{"line":23,"column":4},"end":{"line":23,"column":23}},"16":{"start":{"line":24,"column":4},"end":{"line":24,"column":78}},"17":{"start":{"line":28,"column":22},"end":{"line":38,"column":1}},"18":{"start":{"line":29,"column":2},"end":{"line":37,"column":3}},"19":{"start":{"line":30,"column":19},"end":{"line":30,"column":59}},"20":{"start":{"line":31,"column":4},"end":{"line":33,"column":64}},"21":{"start":{"line":35,"column":4},"end":{"line":35,"column":23}},"22":{"start":{"line":36,"column":4},"end":{"line":36,"column":78}},"23":{"start":{"line":40,"column":22},"end":{"line":49,"column":1}},"24":{"start":{"line":41,"column":2},"end":{"line":48,"column":3}},"25":{"start":{"line":42,"column":17},"end":{"line":42,"column":57}},"26":{"start":{"line":43,"column":19},"end":{"line":43,"column":44}},"27":{"start":{"line":44,"column":4},"end":{"line":44,"column":40}},"28":{"start":{"line":46,"column":4},"end":{"line":46,"column":23}},"29":{"start":{"line":47,"column":4},"end":{"line":47,"column":78}},"30":{"start":{"line":51,"column":20},"end":{"line":60,"column":1}},"31":{"start":{"line":52,"column":2},"end":{"line":59,"column":3}},"32":{"start":{"line":53,"column":17},"end":{"line":53,"column":69}},"33":{"start":{"line":54,"column":19},"end":{"line":54,"column":44}},"34":{"start":{"line":55,"column":4},"end":{"line":55,"column":40}},"35":{"start":{"line":57,"column":4},"end":{"line":57,"column":23}},"36":{"start":{"line":58,"column":4},"end":{"line":58,"column":78}},"37":{"start":{"line":62,"column":32},"end":{"line":93,"column":1}},"38":{"start":{"line":70,"column":2},"end":{"line":92,"column":3}},"39":{"start":{"line":71,"column":18},"end":{"line":71,"column":45}},"40":{"start":{"line":72,"column":25},"end":{"line":72,"column":58}},"41":{"start":{"line":73,"column":24},"end":{"line":73,"column":56}},"42":{"start":{"line":74,"column":26},"end":{"line":74,"column":60}},"43":{"start":{"line":75,"column":19},"end":{"line":75,"column":47}},"44":{"start":{"line":76,"column":29},"end":{"line":76,"column":66}},"45":{"start":{"line":77,"column":18},"end":{"line":77,"column":45}},"46":{"start":{"line":78,"column":18},"end":{"line":78,"column":39}},"47":{"start":{"line":79,"column":4},"end":{"line":88,"column":7}},"48":{"start":{"line":90,"column":4},"end":{"line":90,"column":23}},"49":{"start":{"line":91,"column":4},"end":{"line":91,"column":78}},"50":{"start":{"line":95,"column":0},"end":{"line":102,"column":2}}},"fnMap":{"0":{"name":"(anonymous_0)","decl":{"start":{"line":5,"column":23},"end":{"line":5,"column":24}},"loc":{"start":{"line":5,"column":43},"end":{"line":16,"column":1}},"line":5},"1":{"name":"(anonymous_1)","decl":{"start":{"line":18,"column":23},"end":{"line":18,"column":24}},"loc":{"start":{"line":18,"column":43},"end":{"line":26,"column":1}},"line":18},"2":{"name":"(anonymous_2)","decl":{"start":{"line":28,"column":22},"end":{"line":28,"column":23}},"loc":{"start":{"line":28,"column":42},"end":{"line":38,"column":1}},"line":28},"3":{"name":"(anonymous_3)","decl":{"start":{"line":40,"column":22},"end":{"line":40,"column":23}},"loc":{"start":{"line":40,"column":42},"end":{"line":49,"column":1}},"line":40},"4":{"name":"(anonymous_4)","decl":{"start":{"line":51,"column":20},"end":{"line":51,"column":21}},"loc":{"start":{"line":51,"column":40},"end":{"line":60,"column":1}},"line":51},"5":{"name":"(anonymous_5)","decl":{"start":{"line":62,"column":32},"end":{"line":62,"column":33}},"loc":{"start":{"line":62,"column":52},"end":{"line":93,"column":1}},"line":62}},"branchMap":{"0":{"loc":{"start":{"line":8,"column":4},"end":{"line":10,"column":5}},"type":"if","locations":[{"start":{"line":8,"column":4},"end":{"line":10,"column":5}},{"start":{"line":8,"column":4},"end":{"line":10,"column":5}}],"line":8}},"s":{"0":1,"1":1,"2":1,"3":1,"4":0,"5":0,"6":0,"7":0,"8":0,"9":0,"10":0,"11":1,"12":2,"13":2,"14":2,"15":0,"16":0,"17":1,"18":0,"19":0,"20":0,"21":0,"22":0,"23":1,"24":0,"25":0,"26":0,"27":0,"28":0,"29":0,"30":1,"31":0,"32":0,"33":0,"34":0,"35":0,"36":0,"37":1,"38":0,"39":0,"40":0,"41":0,"42":0,"43":0,"44":0,"45":0,"46":0,"47":0,"48":0,"49":0,"50":1},"f":{"0":0,"1":2,"2":0,"3":0,"4":0,"5":0},"b":{"0":[0,0]},"_coverageSchema":"1a1c01bbd47fc00a2c39e90264f33305004495a9","hash":"7fe6584800d486f2b5da83a3629592da0810dce8"}
,"C:\\Users\\Chards\\Documents\\Git\\Labs\\speak-out-be\\api\\controllers\\course.middleware.js": {"path":"C:\\Users\\Chards\\Documents\\Git\\Labs\\speak-out-be\\api\\controllers\\course.middleware.js","statementMap":{"0":{"start":{"line":1,"column":15},"end":{"line":1,"column":48}},"1":{"start":{"line":3,"column":25},"end":{"line":12,"column":1}},"2":{"start":{"line":4,"column":1},"end":{"line":4,"column":34}},"3":{"start":{"line":5,"column":18},"end":{"line":5,"column":38}},"4":{"start":{"line":6,"column":1},"end":{"line":6,"column":23}},"5":{"start":{"line":7,"column":1},"end":{"line":9,"column":2}},"6":{"start":{"line":8,"column":2},"end":{"line":8,"column":68}},"7":{"start":{"line":10,"column":1},"end":{"line":10,"column":25}},"8":{"start":{"line":11,"column":1},"end":{"line":11,"column":8}},"9":{"start":{"line":14,"column":32},"end":{"line":21,"column":1}},"10":{"start":{"line":15,"column":16},"end":{"line":15,"column":51}},"11":{"start":{"line":16,"column":1},"end":{"line":18,"column":2}},"12":{"start":{"line":17,"column":2},"end":{"line":17,"column":78}},"13":{"start":{"line":19,"column":1},"end":{"line":19,"column":21}},"14":{"start":{"line":20,"column":1},"end":{"line":20,"column":8}},"15":{"start":{"line":23,"column":27},"end":{"line":80,"column":1}},"16":{"start":{"line":40,"column":5},"end":{"line":40,"column":13}},"17":{"start":{"line":42,"column":1},"end":{"line":60,"column":2}},"18":{"start":{"line":59,"column":2},"end":{"line":59,"column":55}},"19":{"start":{"line":62,"column":1},"end":{"line":78,"column":3}},"20":{"start":{"line":79,"column":1},"end":{"line":79,"column":8}},"21":{"start":{"line":82,"column":0},"end":{"line":86,"column":2}}},"fnMap":{"0":{"name":"(anonymous_0)","decl":{"start":{"line":3,"column":25},"end":{"line":3,"column":26}},"loc":{"start":{"line":3,"column":45},"end":{"line":12,"column":1}},"line":3},"1":{"name":"(anonymous_1)","decl":{"start":{"line":14,"column":32},"end":{"line":14,"column":33}},"loc":{"start":{"line":14,"column":58},"end":{"line":21,"column":1}},"line":14},"2":{"name":"(anonymous_2)","decl":{"start":{"line":23,"column":27},"end":{"line":23,"column":28}},"loc":{"start":{"line":23,"column":53},"end":{"line":80,"column":1}},"line":23}},"branchMap":{"0":{"loc":{"start":{"line":7,"column":1},"end":{"line":9,"column":2}},"type":"if","locations":[{"start":{"line":7,"column":1},"end":{"line":9,"column":2}},{"start":{"line":7,"column":1},"end":{"line":9,"column":2}}],"line":7},"1":{"loc":{"start":{"line":16,"column":1},"end":{"line":18,"column":2}},"type":"if","locations":[{"start":{"line":16,"column":1},"end":{"line":18,"column":2}},{"start":{"line":16,"column":1},"end":{"line":18,"column":2}}],"line":16},"2":{"loc":{"start":{"line":42,"column":1},"end":{"line":60,"column":2}},"type":"if","locations":[{"start":{"line":42,"column":1},"end":{"line":60,"column":2}},{"start":{"line":42,"column":1},"end":{"line":60,"column":2}}],"line":42},"3":{"loc":{"start":{"line":43,"column":2},"end":{"line":57,"column":9}},"type":"binary-expr","locations":[{"start":{"line":43,"column":2},"end":{"line":43,"column":10}},{"start":{"line":44,"column":2},"end":{"line":44,"column":17}},{"start":{"line":45,"column":2},"end":{"line":45,"column":16}},{"start":{"line":46,"column":2},"end":{"line":46,"column":18}},{"start":{"line":47,"column":2},"end":{"line":47,"column":11}},{"start":{"line":48,"column":2},"end":{"line":48,"column":10}},{"start":{"line":49,"column":2},"end":{"line":49,"column":13}},{"start":{"line":50,"column":2},"end":{"line":50,"column":14}},{"start":{"line":51,"column":2},"end":{"line":51,"column":21}},{"start":{"line":52,"column":2},"end":{"line":52,"column":10}},{"start":{"line":53,"column":2},"end":{"line":53,"column":13}},{"start":{"line":54,"column":2},"end":{"line":54,"column":11}},{"start":{"line":55,"column":2},"end":{"line":55,"column":13}},{"start":{"line":56,"column":2},"end":{"line":56,"column":8}},{"start":{"line":57,"column":2},"end":{"line":57,"column":9}}],"line":43}},"s":{"0":1,"1":1,"2":4,"3":4,"4":4,"5":4,"6":4,"7":0,"8":0,"9":1,"10":0,"11":0,"12":0,"13":0,"14":0,"15":1,"16":2,"17":2,"18":2,"19":0,"20":0,"21":1},"f":{"0":4,"1":0,"2":2},"b":{"0":[4,0],"1":[0,0],"2":[2,0],"3":[2,0,0,0,0,0,0,0,0,0,0,0,0,0,0]},"_coverageSchema":"1a1c01bbd47fc00a2c39e90264f33305004495a9","hash":"928ba98d5d97713a0e260af98cd751af64aed972"}
,"C:\\Users\\Chards\\Documents\\Git\\Labs\\speak-out-be\\api\\controllers\\errors.controller.js": {"path":"C:\\Users\\Chards\\Documents\\Git\\Labs\\speak-out-be\\api\\controllers\\errors.controller.js","statementMap":{"0":{"start":{"line":1,"column":21},"end":{"line":8,"column":1}},"1":{"start":{"line":2,"column":2},"end":{"line":7,"column":5}},"2":{"start":{"line":10,"column":22},"end":{"line":25,"column":1}},"3":{"start":{"line":12,"column":2},"end":{"line":24,"column":3}},"4":{"start":{"line":13,"column":4},"end":{"line":16,"column":7}},"5":{"start":{"line":19,"column":4},"end":{"line":19,"column":32}},"6":{"start":{"line":20,"column":4},"end":{"line":23,"column":7}},"7":{"start":{"line":27,"column":0},"end":{"line":35,"column":2}},"8":{"start":{"line":28,"column":2},"end":{"line":28,"column":41}},"9":{"start":{"line":29,"column":2},"end":{"line":29,"column":37}},"10":{"start":{"line":30,"column":2},"end":{"line":34,"column":3}},"11":{"start":{"line":31,"column":4},"end":{"line":31,"column":35}},"12":{"start":{"line":33,"column":4},"end":{"line":33,"column":34}}},"fnMap":{"0":{"name":"(anonymous_0)","decl":{"start":{"line":1,"column":21},"end":{"line":1,"column":22}},"loc":{"start":{"line":1,"column":35},"end":{"line":8,"column":1}},"line":1},"1":{"name":"(anonymous_1)","decl":{"start":{"line":10,"column":22},"end":{"line":10,"column":23}},"loc":{"start":{"line":10,"column":36},"end":{"line":25,"column":1}},"line":10},"2":{"name":"(anonymous_2)","decl":{"start":{"line":27,"column":17},"end":{"line":27,"column":18}},"loc":{"start":{"line":27,"column":42},"end":{"line":35,"column":1}},"line":27}},"branchMap":{"0":{"loc":{"start":{"line":12,"column":2},"end":{"line":24,"column":3}},"type":"if","locations":[{"start":{"line":12,"column":2},"end":{"line":24,"column":3}},{"start":{"line":12,"column":2},"end":{"line":24,"column":3}}],"line":12},"1":{"loc":{"start":{"line":28,"column":19},"end":{"line":28,"column":40}},"type":"binary-expr","locations":[{"start":{"line":28,"column":19},"end":{"line":28,"column":33}},{"start":{"line":28,"column":37},"end":{"line":28,"column":40}}],"line":28},"2":{"loc":{"start":{"line":29,"column":15},"end":{"line":29,"column":36}},"type":"binary-expr","locations":[{"start":{"line":29,"column":15},"end":{"line":29,"column":25}},{"start":{"line":29,"column":29},"end":{"line":29,"column":36}}],"line":29},"3":{"loc":{"start":{"line":30,"column":2},"end":{"line":34,"column":3}},"type":"if","locations":[{"start":{"line":30,"column":2},"end":{"line":34,"column":3}},{"start":{"line":30,"column":2},"end":{"line":34,"column":3}}],"line":30}},"s":{"0":1,"1":0,"2":1,"3":0,"4":0,"5":0,"6":0,"7":1,"8":0,"9":0,"10":0,"11":0,"12":0},"f":{"0":0,"1":0,"2":0},"b":{"0":[0,0],"1":[0,0],"2":[0,0],"3":[0,0]},"_coverageSchema":"1a1c01bbd47fc00a2c39e90264f33305004495a9","hash":"732b3b14753f287a07df92501c66dcd698972097"}
,"C:\\Users\\Chards\\Documents\\Git\\Labs\\speak-out-be\\api\\controllers\\staff.controller.js": {"path":"C:\\Users\\Chards\\Documents\\Git\\Labs\\speak-out-be\\api\\controllers\\staff.controller.js","statementMap":{"0":{"start":{"line":1,"column":15},"end":{"line":1,"column":32}},"1":{"start":{"line":2,"column":15},"end":{"line":2,"column":48}},"2":{"start":{"line":4,"column":14},"end":{"line":4,"column":46}},"3":{"start":{"line":5,"column":17},"end":{"line":5,"column":45}},"4":{"start":{"line":6,"column":23},"end":{"line":6,"column":53}},"5":{"start":{"line":8,"column":22},"end":{"line":11,"column":2}},"6":{"start":{"line":9,"column":2},"end":{"line":9,"column":29}},"7":{"start":{"line":10,"column":2},"end":{"line":10,"column":67}},"8":{"start":{"line":13,"column":21},"end":{"line":16,"column":2}},"9":{"start":{"line":14,"column":19},"end":{"line":14,"column":46}},"10":{"start":{"line":15,"column":2},"end":{"line":15,"column":40}},"11":{"start":{"line":18,"column":21},"end":{"line":24,"column":2}},"12":{"start":{"line":19,"column":25},"end":{"line":19,"column":63}},"13":{"start":{"line":20,"column":2},"end":{"line":20,"column":55}},"14":{"start":{"line":21,"column":21},"end":{"line":21,"column":60}},"15":{"start":{"line":22,"column":19},"end":{"line":22,"column":54}},"16":{"start":{"line":23,"column":2},"end":{"line":23,"column":40}},"17":{"start":{"line":26,"column":19},"end":{"line":29,"column":2}},"18":{"start":{"line":27,"column":22},"end":{"line":27,"column":72}},"19":{"start":{"line":28,"column":2},"end":{"line":28,"column":43}},"20":{"start":{"line":31,"column":21},"end":{"line":34,"column":2}},"21":{"start":{"line":32,"column":2},"end":{"line":32,"column":34}},"22":{"start":{"line":33,"column":2},"end":{"line":33,"column":60}},"23":{"start":{"line":36,"column":29},"end":{"line":39,"column":2}},"24":{"start":{"line":37,"column":18},"end":{"line":37,"column":66}},"25":{"start":{"line":38,"column":2},"end":{"line":38,"column":32}},"26":{"start":{"line":41,"column":0},"end":{"line":48,"column":2}}},"fnMap":{"0":{"name":"(anonymous_0)","decl":{"start":{"line":8,"column":33},"end":{"line":8,"column":34}},"loc":{"start":{"line":8,"column":59},"end":{"line":11,"column":1}},"line":8},"1":{"name":"(anonymous_1)","decl":{"start":{"line":13,"column":32},"end":{"line":13,"column":33}},"loc":{"start":{"line":13,"column":52},"end":{"line":16,"column":1}},"line":13},"2":{"name":"(anonymous_2)","decl":{"start":{"line":18,"column":32},"end":{"line":18,"column":33}},"loc":{"start":{"line":18,"column":52},"end":{"line":24,"column":1}},"line":18},"3":{"name":"(anonymous_3)","decl":{"start":{"line":26,"column":30},"end":{"line":26,"column":31}},"loc":{"start":{"line":26,"column":50},"end":{"line":29,"column":1}},"line":26},"4":{"name":"(anonymous_4)","decl":{"start":{"line":31,"column":32},"end":{"line":31,"column":33}},"loc":{"start":{"line":31,"column":52},"end":{"line":34,"column":1}},"line":31},"5":{"name":"(anonymous_5)","decl":{"start":{"line":36,"column":40},"end":{"line":36,"column":41}},"loc":{"start":{"line":36,"column":60},"end":{"line":39,"column":1}},"line":36}},"branchMap":{},"s":{"0":1,"1":1,"2":1,"3":1,"4":1,"5":1,"6":0,"7":0,"8":1,"9":0,"10":0,"11":1,"12":0,"13":0,"14":0,"15":0,"16":0,"17":1,"18":0,"19":0,"20":1,"21":0,"22":0,"23":1,"24":0,"25":0,"26":1},"f":{"0":0,"1":0,"2":0,"3":0,"4":0,"5":0},"b":{},"_coverageSchema":"1a1c01bbd47fc00a2c39e90264f33305004495a9","hash":"bab73eb4e9f1e251e2016ec583bf6ebb795845fc"}
,"C:\\Users\\Chards\\Documents\\Git\\Labs\\speak-out-be\\api\\controllers\\staff.middleware.js": {"path":"C:\\Users\\Chards\\Documents\\Git\\Labs\\speak-out-be\\api\\controllers\\staff.middleware.js","statementMap":{"0":{"start":{"line":1,"column":17},"end":{"line":1,"column":45}},"1":{"start":{"line":2,"column":23},"end":{"line":2,"column":53}},"2":{"start":{"line":3,"column":14},"end":{"line":3,"column":46}},"3":{"start":{"line":4,"column":13},"end":{"line":4,"column":44}},"4":{"start":{"line":6,"column":28},"end":{"line":71,"column":2}},"5":{"start":{"line":21,"column":6},"end":{"line":21,"column":14}},"6":{"start":{"line":22,"column":2},"end":{"line":32,"column":3}},"7":{"start":{"line":31,"column":4},"end":{"line":31,"column":42}},"8":{"start":{"line":33,"column":2},"end":{"line":40,"column":4}},"9":{"start":{"line":43,"column":22},"end":{"line":43,"column":55}},"10":{"start":{"line":44,"column":25},"end":{"line":44,"column":64}},"11":{"start":{"line":46,"column":2},"end":{"line":48,"column":3}},"12":{"start":{"line":47,"column":4},"end":{"line":47,"column":67}},"13":{"start":{"line":49,"column":2},"end":{"line":51,"column":3}},"14":{"start":{"line":50,"column":4},"end":{"line":50,"column":70}},"15":{"start":{"line":53,"column":2},"end":{"line":58,"column":3}},"16":{"start":{"line":54,"column":23},"end":{"line":54,"column":49}},"17":{"start":{"line":55,"column":4},"end":{"line":57,"column":5}},"18":{"start":{"line":56,"column":6},"end":{"line":56,"column":75}},"19":{"start":{"line":60,"column":2},"end":{"line":68,"column":4}},"20":{"start":{"line":70,"column":2},"end":{"line":70,"column":9}},"21":{"start":{"line":73,"column":26},"end":{"line":133,"column":2}},"22":{"start":{"line":87,"column":6},"end":{"line":87,"column":14}},"23":{"start":{"line":88,"column":2},"end":{"line":97,"column":3}},"24":{"start":{"line":96,"column":4},"end":{"line":96,"column":42}},"25":{"start":{"line":98,"column":2},"end":{"line":104,"column":4}},"26":{"start":{"line":106,"column":2},"end":{"line":114,"column":4}},"27":{"start":{"line":116,"column":22},"end":{"line":116,"column":55}},"28":{"start":{"line":117,"column":25},"end":{"line":117,"column":64}},"29":{"start":{"line":119,"column":2},"end":{"line":121,"column":3}},"30":{"start":{"line":120,"column":4},"end":{"line":120,"column":67}},"31":{"start":{"line":122,"column":2},"end":{"line":124,"column":3}},"32":{"start":{"line":123,"column":4},"end":{"line":123,"column":70}},"33":{"start":{"line":126,"column":2},"end":{"line":131,"column":3}},"34":{"start":{"line":127,"column":23},"end":{"line":127,"column":49}},"35":{"start":{"line":128,"column":4},"end":{"line":130,"column":5}},"36":{"start":{"line":129,"column":6},"end":{"line":129,"column":75}},"37":{"start":{"line":132,"column":2},"end":{"line":132,"column":9}},"38":{"start":{"line":135,"column":24},"end":{"line":142,"column":1}},"39":{"start":{"line":136,"column":18},"end":{"line":136,"column":37}},"40":{"start":{"line":137,"column":2},"end":{"line":139,"column":3}},"41":{"start":{"line":138,"column":4},"end":{"line":138,"column":55}},"42":{"start":{"line":140,"column":2},"end":{"line":140,"column":24}},"43":{"start":{"line":141,"column":2},"end":{"line":141,"column":9}},"44":{"start":{"line":144,"column":31},"end":{"line":153,"column":2}},"45":{"start":{"line":145,"column":16},"end":{"line":145,"column":49}},"46":{"start":{"line":146,"column":2},"end":{"line":149,"column":3}},"47":{"start":{"line":147,"column":4},"end":{"line":147,"column":65}},"48":{"start":{"line":148,"column":4},"end":{"line":148,"column":11}},"49":{"start":{"line":150,"column":2},"end":{"line":150,"column":24}},"50":{"start":{"line":151,"column":2},"end":{"line":151,"column":29}},"51":{"start":{"line":152,"column":2},"end":{"line":152,"column":9}},"52":{"start":{"line":155,"column":0},"end":{"line":160,"column":2}}},"fnMap":{"0":{"name":"(anonymous_0)","decl":{"start":{"line":6,"column":39},"end":{"line":6,"column":40}},"loc":{"start":{"line":6,"column":65},"end":{"line":71,"column":1}},"line":6},"1":{"name":"(anonymous_1)","decl":{"start":{"line":73,"column":37},"end":{"line":73,"column":38}},"loc":{"start":{"line":73,"column":63},"end":{"line":133,"column":1}},"line":73},"2":{"name":"(anonymous_2)","decl":{"start":{"line":135,"column":24},"end":{"line":135,"column":25}},"loc":{"start":{"line":135,"column":44},"end":{"line":142,"column":1}},"line":135},"3":{"name":"(anonymous_3)","decl":{"start":{"line":144,"column":42},"end":{"line":144,"column":43}},"loc":{"start":{"line":144,"column":68},"end":{"line":153,"column":1}},"line":144}},"branchMap":{"0":{"loc":{"start":{"line":22,"column":2},"end":{"line":32,"column":3}},"type":"if","locations":[{"start":{"line":22,"column":2},"end":{"line":32,"column":3}},{"start":{"line":22,"column":2},"end":{"line":32,"column":3}}],"line":22},"1":{"loc":{"start":{"line":23,"column":4},"end":{"line":29,"column":11}},"type":"binary-expr","locations":[{"start":{"line":23,"column":4},"end":{"line":23,"column":18}},{"start":{"line":24,"column":4},"end":{"line":24,"column":23}},{"start":{"line":25,"column":4},"end":{"line":25,"column":13}},{"start":{"line":26,"column":4},"end":{"line":26,"column":10}},{"start":{"line":27,"column":4},"end":{"line":27,"column":9}},{"start":{"line":28,"column":4},"end":{"line":28,"column":13}},{"start":{"line":29,"column":4},"end":{"line":29,"column":11}}],"line":23},"2":{"loc":{"start":{"line":34,"column":15},"end":{"line":34,"column":40}},"type":"cond-expr","locations":[{"start":{"line":34,"column":23},"end":{"line":34,"column":30}},{"start":{"line":34,"column":33},"end":{"line":34,"column":40}}],"line":34},"3":{"loc":{"start":{"line":39,"column":16},"end":{"line":39,"column":34}},"type":"binary-expr","locations":[{"start":{"line":39,"column":16},"end":{"line":39,"column":26}},{"start":{"line":39,"column":30},"end":{"line":39,"column":34}}],"line":39},"4":{"loc":{"start":{"line":46,"column":2},"end":{"line":48,"column":3}},"type":"if","locations":[{"start":{"line":46,"column":2},"end":{"line":48,"column":3}},{"start":{"line":46,"column":2},"end":{"line":48,"column":3}}],"line":46},"5":{"loc":{"start":{"line":49,"column":2},"end":{"line":51,"column":3}},"type":"if","locations":[{"start":{"line":49,"column":2},"end":{"line":51,"column":3}},{"start":{"line":49,"column":2},"end":{"line":51,"column":3}}],"line":49},"6":{"loc":{"start":{"line":53,"column":2},"end":{"line":58,"column":3}},"type":"if","locations":[{"start":{"line":53,"column":2},"end":{"line":58,"column":3}},{"start":{"line":53,"column":2},"end":{"line":58,"column":3}}],"line":53},"7":{"loc":{"start":{"line":55,"column":4},"end":{"line":57,"column":5}},"type":"if","locations":[{"start":{"line":55,"column":4},"end":{"line":57,"column":5}},{"start":{"line":55,"column":4},"end":{"line":57,"column":5}}],"line":55},"8":{"loc":{"start":{"line":62,"column":12},"end":{"line":62,"column":26}},"type":"binary-expr","locations":[{"start":{"line":62,"column":12},"end":{"line":62,"column":18}},{"start":{"line":62,"column":22},"end":{"line":62,"column":26}}],"line":62},"9":{"loc":{"start":{"line":63,"column":9},"end":{"line":63,"column":20}},"type":"binary-expr","locations":[{"start":{"line":63,"column":9},"end":{"line":63,"column":12}},{"start":{"line":63,"column":16},"end":{"line":63,"column":20}}],"line":63},"10":{"loc":{"start":{"line":64,"column":19},"end":{"line":64,"column":40}},"type":"binary-expr","locations":[{"start":{"line":64,"column":19},"end":{"line":64,"column":32}},{"start":{"line":64,"column":36},"end":{"line":64,"column":40}}],"line":64},"11":{"loc":{"start":{"line":66,"column":12},"end":{"line":66,"column":26}},"type":"binary-expr","locations":[{"start":{"line":66,"column":12},"end":{"line":66,"column":18}},{"start":{"line":66,"column":22},"end":{"line":66,"column":26}}],"line":66},"12":{"loc":{"start":{"line":67,"column":15},"end":{"line":67,"column":32}},"type":"binary-expr","locations":[{"start":{"line":67,"column":15},"end":{"line":67,"column":24}},{"start":{"line":67,"column":28},"end":{"line":67,"column":32}}],"line":67},"13":{"loc":{"start":{"line":88,"column":2},"end":{"line":97,"column":3}},"type":"if","locations":[{"start":{"line":88,"column":2},"end":{"line":97,"column":3}},{"start":{"line":88,"column":2},"end":{"line":97,"column":3}}],"line":88},"14":{"loc":{"start":{"line":89,"column":4},"end":{"line":94,"column":11}},"type":"binary-expr","locations":[{"start":{"line":89,"column":4},"end":{"line":89,"column":18}},{"start":{"line":90,"column":4},"end":{"line":90,"column":23}},{"start":{"line":91,"column":4},"end":{"line":91,"column":13}},{"start":{"line":92,"column":4},"end":{"line":92,"column":10}},{"start":{"line":93,"column":4},"end":{"line":93,"column":9}},{"start":{"line":94,"column":4},"end":{"line":94,"column":11}}],"line":89},"15":{"loc":{"start":{"line":99,"column":15},"end":{"line":99,"column":40}},"type":"cond-expr","locations":[{"start":{"line":99,"column":23},"end":{"line":99,"column":30}},{"start":{"line":99,"column":33},"end":{"line":99,"column":40}}],"line":99},"16":{"loc":{"start":{"line":103,"column":16},"end":{"line":103,"column":34}},"type":"binary-expr","locations":[{"start":{"line":103,"column":16},"end":{"line":103,"column":26}},{"start":{"line":103,"column":30},"end":{"line":103,"column":34}}],"line":103},"17":{"loc":{"start":{"line":108,"column":9},"end":{"line":108,"column":20}},"type":"binary-expr","locations":[{"start":{"line":108,"column":9},"end":{"line":108,"column":12}},{"start":{"line":108,"column":16},"end":{"line":108,"column":20}}],"line":108},"18":{"loc":{"start":{"line":109,"column":19},"end":{"line":109,"column":40}},"type":"binary-expr","locations":[{"start":{"line":109,"column":19},"end":{"line":109,"column":32}},{"start":{"line":109,"column":36},"end":{"line":109,"column":40}}],"line":109},"19":{"loc":{"start":{"line":111,"column":12},"end":{"line":111,"column":26}},"type":"binary-expr","locations":[{"start":{"line":111,"column":12},"end":{"line":111,"column":18}},{"start":{"line":111,"column":22},"end":{"line":111,"column":26}}],"line":111},"20":{"loc":{"start":{"line":112,"column":15},"end":{"line":112,"column":32}},"type":"binary-expr","locations":[{"start":{"line":112,"column":15},"end":{"line":112,"column":24}},{"start":{"line":112,"column":28},"end":{"line":112,"column":32}}],"line":112},"21":{"loc":{"start":{"line":119,"column":2},"end":{"line":121,"column":3}},"type":"if","locations":[{"start":{"line":119,"column":2},"end":{"line":121,"column":3}},{"start":{"line":119,"column":2},"end":{"line":121,"column":3}}],"line":119},"22":{"loc":{"start":{"line":122,"column":2},"end":{"line":124,"column":3}},"type":"if","locations":[{"start":{"line":122,"column":2},"end":{"line":124,"column":3}},{"start":{"line":122,"column":2},"end":{"line":124,"column":3}}],"line":122},"23":{"loc":{"start":{"line":126,"column":2},"end":{"line":131,"column":3}},"type":"if","locations":[{"start":{"line":126,"column":2},"end":{"line":131,"column":3}},{"start":{"line":126,"column":2},"end":{"line":131,"column":3}}],"line":126},"24":{"loc":{"start":{"line":128,"column":4},"end":{"line":130,"column":5}},"type":"if","locations":[{"start":{"line":128,"column":4},"end":{"line":130,"column":5}},{"start":{"line":128,"column":4},"end":{"line":130,"column":5}}],"line":128},"25":{"loc":{"start":{"line":137,"column":2},"end":{"line":139,"column":3}},"type":"if","locations":[{"start":{"line":137,"column":2},"end":{"line":139,"column":3}},{"start":{"line":137,"column":2},"end":{"line":139,"column":3}}],"line":137},"26":{"loc":{"start":{"line":146,"column":2},"end":{"line":149,"column":3}},"type":"if","locations":[{"start":{"line":146,"column":2},"end":{"line":149,"column":3}},{"start":{"line":146,"column":2},"end":{"line":149,"column":3}}],"line":146}},"s":{"0":1,"1":1,"2":1,"3":1,"4":1,"5":0,"6":0,"7":0,"8":0,"9":0,"10":0,"11":0,"12":0,"13":0,"14":0,"15":0,"16":0,"17":0,"18":0,"19":0,"20":0,"21":1,"22":0,"23":0,"24":0,"25":0,"26":0,"27":0,"28":0,"29":0,"30":0,"31":0,"32":0,"33":0,"34":0,"35":0,"36":0,"37":0,"38":1,"39":0,"40":0,"41":0,"42":0,"43":0,"44":1,"45":0,"46":0,"47":0,"48":0,"49":0,"50":0,"51":0,"52":1},"f":{"0":0,"1":0,"2":0,"3":0},"b":{"0":[0,0],"1":[0,0,0,0,0,0,0],"2":[0,0],"3":[0,0],"4":[0,0],"5":[0,0],"6":[0,0],"7":[0,0],"8":[0,0],"9":[0,0],"10":[0,0],"11":[0,0],"12":[0,0],"13":[0,0],"14":[0,0,0,0,0,0],"15":[0,0],"16":[0,0],"17":[0,0],"18":[0,0],"19":[0,0],"20":[0,0],"21":[0,0],"22":[0,0],"23":[0,0],"24":[0,0],"25":[0,0],"26":[0,0]},"_coverageSchema":"1a1c01bbd47fc00a2c39e90264f33305004495a9","hash":"ae32a164467c7584d186ccb98140c65480c8152a"}
,"C:\\Users\\Chards\\Documents\\Git\\Labs\\speak-out-be\\api\\models\\course.model.js": {"path":"C:\\Users\\Chards\\Documents\\Git\\Labs\\speak-out-be\\api\\models\\course.model.js","statementMap":{"0":{"start":{"line":1,"column":11},"end":{"line":1,"column":46}},"1":{"start":{"line":3,"column":18},"end":{"line":20,"column":1}},"2":{"start":{"line":22,"column":13},"end":{"line":46,"column":1}},"3":{"start":{"line":32,"column":2},"end":{"line":43,"column":34}},"4":{"start":{"line":48,"column":17},"end":{"line":62,"column":1}},"5":{"start":{"line":49,"column":2},"end":{"line":61,"column":51}},"6":{"start":{"line":64,"column":15},"end":{"line":68,"column":1}},"7":{"start":{"line":65,"column":2},"end":{"line":67,"column":21}},"8":{"start":{"line":70,"column":13},"end":{"line":75,"column":1}},"9":{"start":{"line":71,"column":2},"end":{"line":74,"column":21}},"10":{"start":{"line":77,"column":31},"end":{"line":91,"column":1}},"11":{"start":{"line":78,"column":2},"end":{"line":90,"column":34}},"12":{"start":{"line":93,"column":15},"end":{"line":97,"column":1}},"13":{"start":{"line":94,"column":2},"end":{"line":96,"column":11}},"14":{"start":{"line":100,"column":21},"end":{"line":102,"column":1}},"15":{"start":{"line":101,"column":2},"end":{"line":101,"column":41}},"16":{"start":{"line":103,"column":27},"end":{"line":105,"column":1}},"17":{"start":{"line":104,"column":2},"end":{"line":104,"column":55}},"18":{"start":{"line":107,"column":26},"end":{"line":109,"column":1}},"19":{"start":{"line":108,"column":2},"end":{"line":108,"column":60}},"20":{"start":{"line":110,"column":28},"end":{"line":112,"column":1}},"21":{"start":{"line":111,"column":2},"end":{"line":111,"column":49}},"22":{"start":{"line":113,"column":22},"end":{"line":115,"column":1}},"23":{"start":{"line":114,"column":2},"end":{"line":114,"column":49}},"24":{"start":{"line":116,"column":31},"end":{"line":118,"column":1}},"25":{"start":{"line":117,"column":2},"end":{"line":117,"column":65}},"26":{"start":{"line":119,"column":21},"end":{"line":121,"column":1}},"27":{"start":{"line":120,"column":2},"end":{"line":120,"column":43}},"28":{"start":{"line":123,"column":0},"end":{"line":137,"column":2}}},"fnMap":{"0":{"name":"(anonymous_0)","decl":{"start":{"line":22,"column":13},"end":{"line":22,"column":14}},"loc":{"start":{"line":22,"column":22},"end":{"line":46,"column":1}},"line":22},"1":{"name":"(anonymous_1)","decl":{"start":{"line":48,"column":17},"end":{"line":48,"column":18}},"loc":{"start":{"line":48,"column":23},"end":{"line":62,"column":1}},"line":48},"2":{"name":"(anonymous_2)","decl":{"start":{"line":64,"column":15},"end":{"line":64,"column":16}},"loc":{"start":{"line":64,"column":23},"end":{"line":68,"column":1}},"line":64},"3":{"name":"(anonymous_3)","decl":{"start":{"line":70,"column":13},"end":{"line":70,"column":14}},"loc":{"start":{"line":70,"column":27},"end":{"line":75,"column":1}},"line":70},"4":{"name":"(anonymous_4)","decl":{"start":{"line":77,"column":31},"end":{"line":77,"column":32}},"loc":{"start":{"line":77,"column":44},"end":{"line":91,"column":1}},"line":77},"5":{"name":"(anonymous_5)","decl":{"start":{"line":93,"column":15},"end":{"line":93,"column":16}},"loc":{"start":{"line":93,"column":21},"end":{"line":97,"column":1}},"line":93},"6":{"name":"(anonymous_6)","decl":{"start":{"line":100,"column":21},"end":{"line":100,"column":22}},"loc":{"start":{"line":100,"column":27},"end":{"line":102,"column":1}},"line":100},"7":{"name":"(anonymous_7)","decl":{"start":{"line":103,"column":27},"end":{"line":103,"column":28}},"loc":{"start":{"line":103,"column":33},"end":{"line":105,"column":1}},"line":103},"8":{"name":"(anonymous_8)","decl":{"start":{"line":107,"column":26},"end":{"line":107,"column":27}},"loc":{"start":{"line":107,"column":32},"end":{"line":109,"column":1}},"line":107},"9":{"name":"(anonymous_9)","decl":{"start":{"line":110,"column":28},"end":{"line":110,"column":29}},"loc":{"start":{"line":110,"column":34},"end":{"line":112,"column":1}},"line":110},"10":{"name":"(anonymous_10)","decl":{"start":{"line":113,"column":22},"end":{"line":113,"column":23}},"loc":{"start":{"line":113,"column":28},"end":{"line":115,"column":1}},"line":113},"11":{"name":"(anonymous_11)","decl":{"start":{"line":116,"column":31},"end":{"line":116,"column":32}},"loc":{"start":{"line":116,"column":37},"end":{"line":118,"column":1}},"line":116},"12":{"name":"(anonymous_12)","decl":{"start":{"line":119,"column":21},"end":{"line":119,"column":22}},"loc":{"start":{"line":119,"column":27},"end":{"line":121,"column":1}},"line":119}},"branchMap":{},"s":{"0":1,"1":1,"2":1,"3":2,"4":1,"5":0,"6":1,"7":0,"8":1,"9":0,"10":1,"11":0,"12":1,"13":0,"14":1,"15":0,"16":1,"17":0,"18":1,"19":0,"20":1,"21":0,"22":1,"23":0,"24":1,"25":0,"26":1,"27":0,"28":1},"f":{"0":2,"1":0,"2":0,"3":0,"4":0,"5":0,"6":0,"7":0,"8":0,"9":0,"10":0,"11":0,"12":0},"b":{},"_coverageSchema":"1a1c01bbd47fc00a2c39e90264f33305004495a9","hash":"300010b593589260ca315cc3f926ca1af5a3e4ef"}
,"C:\\Users\\Chards\\Documents\\Git\\Labs\\speak-out-be\\api\\models\\staff.model.js": {"path":"C:\\Users\\Chards\\Documents\\Git\\Labs\\speak-out-be\\api\\models\\staff.model.js","statementMap":{"0":{"start":{"line":1,"column":11},"end":{"line":1,"column":46}},"1":{"start":{"line":3,"column":18},"end":{"line":22,"column":1}},"2":{"start":{"line":23,"column":13},"end":{"line":40,"column":1}},"3":{"start":{"line":34,"column":2},"end":{"line":37,"column":32}},"4":{"start":{"line":42,"column":16},"end":{"line":47,"column":1}},"5":{"start":{"line":43,"column":2},"end":{"line":46,"column":29}},"6":{"start":{"line":49,"column":17},"end":{"line":55,"column":1}},"7":{"start":{"line":50,"column":2},"end":{"line":54,"column":13}},"8":{"start":{"line":57,"column":18},"end":{"line":63,"column":1}},"9":{"start":{"line":58,"column":2},"end":{"line":62,"column":13}},"10":{"start":{"line":65,"column":15},"end":{"line":80,"column":1}},"11":{"start":{"line":66,"column":2},"end":{"line":79,"column":5}},"12":{"start":{"line":67,"column":4},"end":{"line":78,"column":27}},"13":{"start":{"line":72,"column":8},"end":{"line":75,"column":27}},"14":{"start":{"line":82,"column":13},"end":{"line":106,"column":1}},"15":{"start":{"line":83,"column":2},"end":{"line":105,"column":5}},"16":{"start":{"line":84,"column":4},"end":{"line":104,"column":27}},"17":{"start":{"line":90,"column":8},"end":{"line":101,"column":13}},"18":{"start":{"line":96,"column":12},"end":{"line":100,"column":23}},"19":{"start":{"line":108,"column":15},"end":{"line":124,"column":1}},"20":{"start":{"line":109,"column":2},"end":{"line":123,"column":5}},"21":{"start":{"line":110,"column":4},"end":{"line":122,"column":27}},"22":{"start":{"line":116,"column":8},"end":{"line":119,"column":38}},"23":{"start":{"line":126,"column":0},"end":{"line":134,"column":2}}},"fnMap":{"0":{"name":"(anonymous_0)","decl":{"start":{"line":23,"column":13},"end":{"line":23,"column":14}},"loc":{"start":{"line":23,"column":26},"end":{"line":40,"column":1}},"line":23},"1":{"name":"(anonymous_1)","decl":{"start":{"line":42,"column":16},"end":{"line":42,"column":17}},"loc":{"start":{"line":42,"column":22},"end":{"line":47,"column":1}},"line":42},"2":{"name":"(anonymous_2)","decl":{"start":{"line":49,"column":17},"end":{"line":49,"column":18}},"loc":{"start":{"line":49,"column":23},"end":{"line":55,"column":1}},"line":49},"3":{"name":"(anonymous_3)","decl":{"start":{"line":57,"column":18},"end":{"line":57,"column":19}},"loc":{"start":{"line":57,"column":25},"end":{"line":63,"column":1}},"line":57},"4":{"name":"(anonymous_4)","decl":{"start":{"line":65,"column":15},"end":{"line":65,"column":16}},"loc":{"start":{"line":65,"column":46},"end":{"line":80,"column":1}},"line":65},"5":{"name":"(anonymous_5)","decl":{"start":{"line":66,"column":24},"end":{"line":66,"column":25}},"loc":{"start":{"line":66,"column":31},"end":{"line":79,"column":3}},"line":66},"6":{"name":"(anonymous_6)","decl":{"start":{"line":71,"column":12},"end":{"line":71,"column":13}},"loc":{"start":{"line":71,"column":19},"end":{"line":76,"column":7}},"line":71},"7":{"name":"(anonymous_7)","decl":{"start":{"line":82,"column":13},"end":{"line":82,"column":14}},"loc":{"start":{"line":82,"column":53},"end":{"line":106,"column":1}},"line":82},"8":{"name":"(anonymous_8)","decl":{"start":{"line":83,"column":24},"end":{"line":83,"column":25}},"loc":{"start":{"line":83,"column":31},"end":{"line":105,"column":3}},"line":83},"9":{"name":"(anonymous_9)","decl":{"start":{"line":89,"column":12},"end":{"line":89,"column":13}},"loc":{"start":{"line":89,"column":19},"end":{"line":102,"column":7}},"line":89},"10":{"name":"(anonymous_10)","decl":{"start":{"line":95,"column":16},"end":{"line":95,"column":17}},"loc":{"start":{"line":95,"column":23},"end":{"line":101,"column":11}},"line":95},"11":{"name":"(anonymous_11)","decl":{"start":{"line":108,"column":15},"end":{"line":108,"column":16}},"loc":{"start":{"line":108,"column":21},"end":{"line":124,"column":1}},"line":108},"12":{"name":"(anonymous_12)","decl":{"start":{"line":109,"column":24},"end":{"line":109,"column":25}},"loc":{"start":{"line":109,"column":31},"end":{"line":123,"column":3}},"line":109},"13":{"name":"(anonymous_13)","decl":{"start":{"line":115,"column":12},"end":{"line":115,"column":13}},"loc":{"start":{"line":115,"column":19},"end":{"line":120,"column":7}},"line":115}},"branchMap":{},"s":{"0":1,"1":1,"2":1,"3":0,"4":1,"5":0,"6":1,"7":0,"8":1,"9":0,"10":1,"11":0,"12":0,"13":0,"14":1,"15":0,"16":0,"17":0,"18":0,"19":1,"20":0,"21":0,"22":0,"23":1},"f":{"0":0,"1":0,"2":0,"3":0,"4":0,"5":0,"6":0,"7":0,"8":0,"9":0,"10":0,"11":0,"12":0,"13":0},"b":{},"_coverageSchema":"1a1c01bbd47fc00a2c39e90264f33305004495a9","hash":"c9ad5eafbfc34b794acb66bde754e4b8a6b87ed9"}
,"C:\\Users\\Chards\\Documents\\Git\\Labs\\speak-out-be\\api\\models\\user.model.js": {"path":"C:\\Users\\Chards\\Documents\\Git\\Labs\\speak-out-be\\api\\models\\user.model.js","statementMap":{"0":{"start":{"line":1,"column":11},"end":{"line":1,"column":46}},"1":{"start":{"line":3,"column":15},"end":{"line":7,"column":1}},"2":{"start":{"line":4,"column":2},"end":{"line":6,"column":13}},"3":{"start":{"line":8,"column":15},"end":{"line":12,"column":1}},"4":{"start":{"line":9,"column":2},"end":{"line":11,"column":21}},"5":{"start":{"line":14,"column":15},"end":{"line":18,"column":1}},"6":{"start":{"line":15,"column":2},"end":{"line":17,"column":28}},"7":{"start":{"line":20,"column":0},"end":{"line":24,"column":2}}},"fnMap":{"0":{"name":"(anonymous_0)","decl":{"start":{"line":3,"column":15},"end":{"line":3,"column":16}},"loc":{"start":{"line":3,"column":31},"end":{"line":7,"column":1}},"line":3},"1":{"name":"(anonymous_1)","decl":{"start":{"line":8,"column":15},"end":{"line":8,"column":16}},"loc":{"start":{"line":8,"column":23},"end":{"line":12,"column":1}},"line":8},"2":{"name":"(anonymous_2)","decl":{"start":{"line":14,"column":15},"end":{"line":14,"column":16}},"loc":{"start":{"line":14,"column":21},"end":{"line":18,"column":1}},"line":14}},"branchMap":{},"s":{"0":1,"1":1,"2":0,"3":1,"4":0,"5":1,"6":0,"7":1},"f":{"0":0,"1":0,"2":0},"b":{},"_coverageSchema":"1a1c01bbd47fc00a2c39e90264f33305004495a9","hash":"f1cd94f8735d25165ea2ab36db5f585f286fa805"}
,"C:\\Users\\Chards\\Documents\\Git\\Labs\\speak-out-be\\api\\routes\\course.routes.js": {"path":"C:\\Users\\Chards\\Documents\\Git\\Labs\\speak-out-be\\api\\routes\\course.routes.js","statementMap":{"0":{"start":{"line":1,"column":16},"end":{"line":1,"column":34}},"1":{"start":{"line":10,"column":4},"end":{"line":10,"column":47}},"2":{"start":{"line":16,"column":4},"end":{"line":16,"column":47}},"3":{"start":{"line":18,"column":15},"end":{"line":18,"column":31}},"4":{"start":{"line":20,"column":0},"end":{"line":20,"column":68}},"5":{"start":{"line":22,"column":0},"end":{"line":22,"column":38}},"6":{"start":{"line":23,"column":0},"end":{"line":23,"column":58}},"7":{"start":{"line":24,"column":0},"end":{"line":24,"column":57}},"8":{"start":{"line":25,"column":0},"end":{"line":25,"column":48}},"9":{"start":{"line":26,"column":0},"end":{"line":26,"column":65}},"10":{"start":{"line":27,"column":0},"end":{"line":27,"column":50}},"11":{"start":{"line":29,"column":0},"end":{"line":29,"column":24}}},"fnMap":{},"branchMap":{},"s":{"0":1,"1":1,"2":1,"3":1,"4":1,"5":1,"6":1,"7":1,"8":1,"9":1,"10":1,"11":1},"f":{},"b":{},"_coverageSchema":"1a1c01bbd47fc00a2c39e90264f33305004495a9","hash":"db9d2a84490288713238304349e8831968577222"}
,"C:\\Users\\Chards\\Documents\\Git\\Labs\\speak-out-be\\api\\routes\\staff.routes.js": {"path":"C:\\Users\\Chards\\Documents\\Git\\Labs\\speak-out-be\\api\\routes\\staff.routes.js","statementMap":{"0":{"start":{"line":1,"column":16},"end":{"line":1,"column":34}},"1":{"start":{"line":10,"column":4},"end":{"line":10,"column":46}},"2":{"start":{"line":17,"column":4},"end":{"line":17,"column":46}},"3":{"start":{"line":19,"column":15},"end":{"line":19,"column":31}},"4":{"start":{"line":21,"column":0},"end":{"line":21,"column":41}},"5":{"start":{"line":23,"column":0},"end":{"line":23,"column":35}},"6":{"start":{"line":24,"column":0},"end":{"line":24,"column":57}},"7":{"start":{"line":25,"column":0},"end":{"line":25,"column":69}},"8":{"start":{"line":26,"column":0},"end":{"line":31,"column":2}},"9":{"start":{"line":32,"column":0},"end":{"line":32,"column":71}},"10":{"start":{"line":33,"column":0},"end":{"line":37,"column":2}},"11":{"start":{"line":39,"column":0},"end":{"line":39,"column":24}}},"fnMap":{},"branchMap":{},"s":{"0":1,"1":1,"2":1,"3":1,"4":1,"5":1,"6":1,"7":1,"8":1,"9":1,"10":1,"11":1},"f":{},"b":{},"_coverageSchema":"1a1c01bbd47fc00a2c39e90264f33305004495a9","hash":"8e438cba58155d87558d39182bc33a6d23e1b96d"}
,"C:\\Users\\Chards\\Documents\\Git\\Labs\\speak-out-be\\api\\utils\\AppError.js": {"path":"C:\\Users\\Chards\\Documents\\Git\\Labs\\speak-out-be\\api\\utils\\AppError.js","statementMap":{"0":{"start":{"line":3,"column":4},"end":{"line":3,"column":19}},"1":{"start":{"line":4,"column":4},"end":{"line":4,"column":33}},"2":{"start":{"line":5,"column":4},"end":{"line":5,"column":69}},"3":{"start":{"line":6,"column":4},"end":{"line":6,"column":30}},"4":{"start":{"line":7,"column":4},"end":{"line":7,"column":50}},"5":{"start":{"line":11,"column":0},"end":{"line":11,"column":26}}},"fnMap":{"0":{"name":"(anonymous_0)","decl":{"start":{"line":2,"column":2},"end":{"line":2,"column":3}},"loc":{"start":{"line":2,"column":35},"end":{"line":8,"column":3}},"line":2}},"branchMap":{"0":{"loc":{"start":{"line":5,"column":18},"end":{"line":5,"column":68}},"type":"cond-expr","locations":[{"start":{"line":5,"column":52},"end":{"line":5,"column":58}},{"start":{"line":5,"column":61},"end":{"line":5,"column":68}}],"line":5}},"s":{"0":0,"1":0,"2":0,"3":0,"4":0,"5":1},"f":{"0":0},"b":{"0":[0,0]},"_coverageSchema":"1a1c01bbd47fc00a2c39e90264f33305004495a9","hash":"9e14de4e4f7c23077f12d3110039f0d2bd9c11ca"}
,"C:\\Users\\Chards\\Documents\\Git\\Labs\\speak-out-be\\api\\utils\\catchAsync.js": {"path":"C:\\Users\\Chards\\Documents\\Git\\Labs\\speak-out-be\\api\\utils\\catchAsync.js","statementMap":{"0":{"start":{"line":1,"column":0},"end":{"line":5,"column":2}},"1":{"start":{"line":2,"column":2},"end":{"line":4,"column":4}},"2":{"start":{"line":3,"column":4},"end":{"line":3,"column":35}}},"fnMap":{"0":{"name":"(anonymous_0)","decl":{"start":{"line":1,"column":21},"end":{"line":1,"column":22}},"loc":{"start":{"line":1,"column":27},"end":{"line":5,"column":1}},"line":1},"1":{"name":"(anonymous_1)","decl":{"start":{"line":2,"column":9},"end":{"line":2,"column":10}},"loc":{"start":{"line":2,"column":29},"end":{"line":4,"column":3}},"line":2}},"branchMap":{},"s":{"0":1,"1":9,"2":0},"f":{"0":9,"1":0},"b":{},"_coverageSchema":"1a1c01bbd47fc00a2c39e90264f33305004495a9","hash":"f9f2ae0ce8461bcd8ed3e0420e21589198d9b4be"}
,"C:\\Users\\Chards\\Documents\\Git\\Labs\\speak-out-be\\database\\db-config.js": {"path":"C:\\Users\\Chards\\Documents\\Git\\Labs\\speak-out-be\\database\\db-config.js","statementMap":{"0":{"start":{"line":1,"column":20},"end":{"line":1,"column":54}},"1":{"start":{"line":3,"column":13},"end":{"line":3,"column":28}},"2":{"start":{"line":5,"column":19},"end":{"line":5,"column":57}},"3":{"start":{"line":7,"column":0},"end":{"line":7,"column":34}}},"fnMap":{},"branchMap":{"0":{"loc":{"start":{"line":1,"column":20},"end":{"line":1,"column":54}},"type":"binary-expr","locations":[{"start":{"line":1,"column":20},"end":{"line":1,"column":38}},{"start":{"line":1,"column":42},"end":{"line":1,"column":54}}],"line":1}},"s":{"0":1,"1":1,"2":1,"3":1},"f":{},"b":{"0":[1,0]},"_coverageSchema":"1a1c01bbd47fc00a2c39e90264f33305004495a9","hash":"36ed9a09a44eae0ee2874b47f2ba23f0c007f187"}
,"C:\\Users\\Chards\\Documents\\Git\\Labs\\speak-out-be\\middleware\\checkAuthenticated.js": {"path":"C:\\Users\\Chards\\Documents\\Git\\Labs\\speak-out-be\\middleware\\checkAuthenticated.js","statementMap":{"0":{"start":{"line":1,"column":0},"end":{"line":7,"column":2}},"1":{"start":{"line":2,"column":4},"end":{"line":6,"column":5}},"2":{"start":{"line":3,"column":8},"end":{"line":3,"column":22}},"3":{"start":{"line":5,"column":8},"end":{"line":5,"column":71}}},"fnMap":{"0":{"name":"(anonymous_0)","decl":{"start":{"line":1,"column":17},"end":{"line":1,"column":18}},"loc":{"start":{"line":1,"column":37},"end":{"line":7,"column":1}},"line":1}},"branchMap":{"0":{"loc":{"start":{"line":2,"column":4},"end":{"line":6,"column":5}},"type":"if","locations":[{"start":{"line":2,"column":4},"end":{"line":6,"column":5}},{"start":{"line":2,"column":4},"end":{"line":6,"column":5}}],"line":2}},"s":{"0":1,"1":0,"2":0,"3":0},"f":{"0":0},"b":{"0":[0,0]},"_coverageSchema":"1a1c01bbd47fc00a2c39e90264f33305004495a9","hash":"6798903546f5e41827865465b4d3b03839ab5c53"}
,"C:\\Users\\Chards\\Documents\\Git\\Labs\\speak-out-be\\middleware\\createSession.js": {"path":"C:\\Users\\Chards\\Documents\\Git\\Labs\\speak-out-be\\middleware\\createSession.js","statementMap":{"0":{"start":{"line":1,"column":16},"end":{"line":1,"column":42}},"1":{"start":{"line":2,"column":17},"end":{"line":2,"column":36}},"2":{"start":{"line":3,"column":25},"end":{"line":3,"column":65}},"3":{"start":{"line":4,"column":11},"end":{"line":4,"column":43}},"4":{"start":{"line":5,"column":21},"end":{"line":5,"column":45}},"5":{"start":{"line":7,"column":14},"end":{"line":13,"column":2}},"6":{"start":{"line":15,"column":22},"end":{"line":27,"column":1}},"7":{"start":{"line":29,"column":0},"end":{"line":34,"column":2}},"8":{"start":{"line":30,"column":2},"end":{"line":30,"column":37}},"9":{"start":{"line":31,"column":2},"end":{"line":31,"column":29}},"10":{"start":{"line":32,"column":2},"end":{"line":32,"column":36}},"11":{"start":{"line":33,"column":2},"end":{"line":33,"column":33}}},"fnMap":{"0":{"name":"(anonymous_0)","decl":{"start":{"line":29,"column":17},"end":{"line":29,"column":18}},"loc":{"start":{"line":29,"column":27},"end":{"line":34,"column":1}},"line":29}},"branchMap":{},"s":{"0":1,"1":1,"2":1,"3":1,"4":1,"5":1,"6":1,"7":1,"8":1,"9":1,"10":1,"11":1},"f":{"0":1},"b":{},"_coverageSchema":"1a1c01bbd47fc00a2c39e90264f33305004495a9","hash":"37f531d99c8eabb09405755ea6b4b26536b31903"}
}
