TN:
SF:knexfile.js
FNF:0
FNH:0
DA:2,1
DA:4,1
DA:5,1
DA:6,1
DA:7,1
DA:9,1
LF:6
LH:6
BRF:0
BRH:0
end_of_record
TN:
SF:passport-config.js
FN:5,(anonymous_0)
FN:6,(anonymous_1)
FN:27,(anonymous_2)
FN:30,(anonymous_3)
FN:34,(anonymous_4)
FN:37,(anonymous_5)
FNF:6
FNH:1
FNDA:1,(anonymous_0)
FNDA:0,(anonymous_1)
FNDA:0,(anonymous_2)
FNDA:0,(anonymous_3)
FNDA:0,(anonymous_4)
FNDA:0,(anonymous_5)
DA:1,1
DA:2,1
DA:3,1
DA:5,1
DA:6,1
DA:7,0
DA:11,0
DA:12,0
DA:15,0
DA:16,0
DA:17,0
DA:19,0
DA:22,0
DA:26,1
DA:27,1
DA:28,0
DA:30,1
DA:31,0
DA:35,0
DA:38,0
LF:20
LH:8
BRDA:11,0,0,0
BRDA:11,0,1,0
BRDA:16,1,0,0
BRDA:16,1,1,0
BRF:4
BRH:0
end_of_record
TN:
SF:api\model.js
FN:19,find
FN:26,findAny
FN:35,(anonymous_2)
FN:54,makeWhere
FN:66,findBy
FN:70,add
FN:77,findById
FN:83,remove
FN:87,update
FN:97,updateAny
FN:103,addUser
FN:109,addMeeting
FN:115,addFamily
FN:121,addStudent
FN:128,addStaff
FNF:15
FNH:0
FNDA:0,find
FNDA:0,findAny
FNDA:0,(anonymous_2)
FNDA:0,makeWhere
FNDA:0,findBy
FNDA:0,add
FNDA:0,findById
FNDA:0,remove
FNDA:0,update
FNDA:0,updateAny
FNDA:0,addUser
FNDA:0,addMeeting
FNDA:0,addFamily
FNDA:0,addStudent
FNDA:0,addStaff
DA:1,1
DA:3,1
DA:20,0
DA:23,0
DA:30,0
DA:31,0
DA:32,0
DA:35,0
DA:36,0
DA:37,0
DA:40,0
DA:41,0
DA:44,0
DA:45,0
DA:48,0
DA:49,0
DA:55,0
DA:56,0
DA:57,0
DA:58,0
DA:59,0
DA:60,0
DA:61,0
DA:63,0
DA:67,0
DA:71,0
DA:72,0
DA:74,0
DA:78,0
DA:84,0
DA:88,0
DA:92,0
DA:98,0
DA:104,0
DA:110,0
DA:116,0
DA:122,0
DA:129,0
LF:38
LH:2
BRDA:21,0,0,0
BRDA:21,0,1,0
BRDA:30,1,0,0
BRDA:30,1,1,0
BRDA:36,2,0,0
BRDA:36,2,1,0
BRDA:40,3,0,0
BRDA:40,3,1,0
BRDA:44,4,0,0
BRDA:44,4,1,0
BRDA:48,5,0,0
BRDA:48,5,1,0
BRDA:55,6,0,0
BRDA:55,6,1,0
BRDA:59,7,0,0
BRDA:59,7,1,0
BRF:16
BRH:0
end_of_record
TN:
SF:api\server.js
FN:40,(anonymous_0)
FN:50,(anonymous_1)
FN:55,(anonymous_2)
FN:63,(anonymous_3)
FN:78,(anonymous_4)
FN:88,(anonymous_5)
FN:101,(anonymous_6)
FN:107,(anonymous_7)
FN:114,(anonymous_8)
FN:121,(anonymous_9)
FN:134,(anonymous_10)
FN:148,(anonymous_11)
FN:154,(anonymous_12)
FN:168,(anonymous_13)
FN:176,(anonymous_14)
FN:185,(anonymous_15)
FN:188,(anonymous_16)
FN:194,(anonymous_17)
FN:197,(anonymous_18)
FN:201,(anonymous_19)
FN:207,(anonymous_20)
FN:212,(anonymous_21)
FN:215,(anonymous_22)
FN:220,(anonymous_23)
FN:224,(anonymous_24)
FN:228,(anonymous_25)
FN:231,(anonymous_26)
FN:238,(anonymous_27)
FN:243,(anonymous_28)
FN:247,(anonymous_29)
FN:250,(anonymous_30)
FN:255,(anonymous_31)
FN:259,(anonymous_32)
FN:262,(anonymous_33)
FN:267,(anonymous_34)
FN:270,(anonymous_35)
FN:273,(anonymous_36)
FN:277,(anonymous_37)
FN:280,(anonymous_38)
FN:288,(anonymous_39)
FNF:40
FNH:0
FNDA:0,(anonymous_0)
FNDA:0,(anonymous_1)
FNDA:0,(anonymous_2)
FNDA:0,(anonymous_3)
FNDA:0,(anonymous_4)
FNDA:0,(anonymous_5)
FNDA:0,(anonymous_6)
FNDA:0,(anonymous_7)
FNDA:0,(anonymous_8)
FNDA:0,(anonymous_9)
FNDA:0,(anonymous_10)
FNDA:0,(anonymous_11)
FNDA:0,(anonymous_12)
FNDA:0,(anonymous_13)
FNDA:0,(anonymous_14)
FNDA:0,(anonymous_15)
FNDA:0,(anonymous_16)
FNDA:0,(anonymous_17)
FNDA:0,(anonymous_18)
FNDA:0,(anonymous_19)
FNDA:0,(anonymous_20)
FNDA:0,(anonymous_21)
FNDA:0,(anonymous_22)
FNDA:0,(anonymous_23)
FNDA:0,(anonymous_24)
FNDA:0,(anonymous_25)
FNDA:0,(anonymous_26)
FNDA:0,(anonymous_27)
FNDA:0,(anonymous_28)
FNDA:0,(anonymous_29)
FNDA:0,(anonymous_30)
FNDA:0,(anonymous_31)
FNDA:0,(anonymous_32)
FNDA:0,(anonymous_33)
FNDA:0,(anonymous_34)
FNDA:0,(anonymous_35)
FNDA:0,(anonymous_36)
FNDA:0,(anonymous_37)
FNDA:0,(anonymous_38)
FNDA:0,(anonymous_39)
DA:1,1
DA:4,1
DA:5,1
DA:6,1
DA:7,1
DA:8,1
DA:9,1
DA:10,1
DA:11,1
DA:12,1
DA:13,1
DA:14,1
DA:15,1
DA:18,1
DA:21,1
DA:32,1
DA:33,1
DA:34,1
DA:36,1
DA:37,1
DA:38,1
DA:40,1
DA:41,0
DA:42,0
DA:51,0
DA:56,0
DA:57,0
DA:63,1
DA:64,0
DA:65,0
DA:66,0
DA:68,0
DA:70,0
DA:79,0
DA:80,0
DA:89,0
DA:90,0
DA:102,0
DA:103,0
DA:108,0
DA:109,0
DA:115,0
DA:116,0
DA:122,0
DA:123,0
DA:129,1
DA:135,0
DA:136,0
DA:143,0
DA:148,1
DA:149,0
DA:150,0
DA:151,0
DA:154,1
DA:155,0
DA:156,0
DA:157,0
DA:158,0
DA:160,0
DA:168,1
DA:169,0
DA:176,1
DA:177,0
DA:178,0
DA:179,0
DA:180,0
DA:181,0
DA:183,0
DA:186,0
DA:189,0
DA:194,1
DA:195,0
DA:198,0
DA:199,0
DA:202,0
DA:207,1
DA:210,0
DA:213,0
DA:216,0
DA:220,1
DA:221,0
DA:222,0
DA:225,0
DA:226,0
DA:229,0
DA:232,0
DA:235,0
DA:239,0
DA:243,1
DA:244,0
DA:245,0
DA:248,0
DA:251,0
DA:255,1
DA:256,0
DA:257,0
DA:260,0
DA:263,0
DA:267,1
DA:268,0
DA:271,0
DA:272,0
DA:273,0
DA:274,0
DA:275,0
DA:278,0
DA:281,0
DA:286,0
DA:289,0
DA:293,1
DA:322,1
LF:111
LH:36
BRDA:47,0,0,0
BRDA:47,0,1,0
BRDA:48,1,0,0
BRDA:48,1,1,0
BRDA:74,2,0,0
BRDA:74,2,1,0
BRDA:75,3,0,0
BRDA:75,3,1,0
BRDA:135,4,0,0
BRDA:135,4,1,0
BRDA:156,5,0,0
BRDA:156,5,1,0
BRDA:225,6,0,0
BRDA:225,6,1,0
BRF:14
BRH:0
end_of_record
TN:
SF:api\controllers\course.controller.js
FN:6,(anonymous_0)
FN:11,(anonymous_1)
FN:16,(anonymous_2)
FN:23,(anonymous_3)
FN:29,(anonymous_4)
FN:35,(anonymous_5)
FNF:6
FNH:0
FNDA:0,(anonymous_0)
FNDA:0,(anonymous_1)
FNDA:0,(anonymous_2)
FNDA:0,(anonymous_3)
FNDA:0,(anonymous_4)
FNDA:0,(anonymous_5)
DA:1,1
DA:2,1
DA:3,1
DA:4,1
DA:6,1
DA:7,0
DA:8,0
DA:11,1
DA:12,0
DA:13,0
DA:16,1
DA:17,0
DA:18,0
DA:23,1
DA:24,0
DA:25,0
DA:26,0
DA:29,1
DA:30,0
DA:31,0
DA:32,0
DA:35,1
DA:36,0
DA:54,0
DA:55,0
DA:67,1
LF:26
LH:11
BRF:0
BRH:0
end_of_record
TN:
SF:api\controllers\course.middleware.js
FN:5,(anonymous_0)
FN:14,(anonymous_1)
FN:25,(anonymous_2)
FNF:3
FNH:0
FNDA:0,(anonymous_0)
FNDA:0,(anonymous_1)
FNDA:0,(anonymous_2)
DA:1,1
DA:2,1
DA:3,1
DA:5,1
DA:6,0
DA:7,0
DA:8,0
DA:10,0
DA:11,0
DA:14,1
DA:15,0
DA:16,0
DA:17,0
DA:18,0
DA:19,0
DA:21,0
DA:22,0
DA:25,1
DA:42,0
DA:44,0
DA:61,0
DA:62,0
DA:65,0
DA:82,0
DA:85,1
LF:25
LH:7
BRDA:7,0,0,0
BRDA:7,0,1,0
BRDA:17,1,0,0
BRDA:17,1,1,0
BRDA:44,2,0,0
BRDA:44,2,1,0
BRDA:45,3,0,0
BRDA:45,3,1,0
BRDA:45,3,2,0
BRDA:45,3,3,0
BRDA:45,3,4,0
BRDA:45,3,5,0
BRDA:45,3,6,0
BRDA:45,3,7,0
BRDA:45,3,8,0
BRDA:45,3,9,0
BRDA:45,3,10,0
BRDA:45,3,11,0
BRDA:45,3,12,0
BRDA:45,3,13,0
BRDA:45,3,14,0
BRF:21
BRH:0
end_of_record
TN:
SF:api\controllers\errors.controller.js
FN:1,(anonymous_0)
FN:10,(anonymous_1)
FN:27,(anonymous_2)
FNF:3
FNH:2
FNDA:10,(anonymous_0)
FNDA:0,(anonymous_1)
FNDA:10,(anonymous_2)
DA:1,1
DA:2,10
DA:10,1
DA:12,0
DA:13,0
DA:19,0
DA:20,0
DA:27,1
DA:28,10
DA:29,10
DA:30,10
DA:31,0
DA:33,10
LF:13
LH:8
BRDA:12,0,0,0
BRDA:12,0,1,0
BRDA:28,1,0,10
BRDA:28,1,1,0
BRDA:29,2,0,10
BRDA:29,2,1,0
BRDA:30,3,0,0
BRDA:30,3,1,10
BRF:8
BRH:3
end_of_record
TN:
SF:api\controllers\staff.controller.js
FN:8,(anonymous_0)
FN:12,(anonymous_1)
FN:17,(anonymous_2)
FN:25,(anonymous_3)
FN:31,(anonymous_4)
FN:36,(anonymous_5)
FNF:6
FNH:0
FNDA:0,(anonymous_0)
FNDA:0,(anonymous_1)
FNDA:0,(anonymous_2)
FNDA:0,(anonymous_3)
FNDA:0,(anonymous_4)
FNDA:0,(anonymous_5)
DA:1,1
DA:2,1
DA:4,1
DA:5,1
DA:6,1
DA:8,1
DA:9,0
DA:12,1
DA:13,0
DA:14,0
DA:17,1
DA:18,0
DA:19,0
DA:20,0
DA:21,0
DA:22,0
DA:25,1
DA:26,0
DA:27,0
DA:28,0
DA:31,1
DA:32,0
DA:33,0
DA:36,1
DA:37,0
DA:38,0
DA:41,1
LF:27
LH:12
BRF:0
BRH:0
end_of_record
TN:
SF:api\controllers\staff.middleware.js
FN:6,(anonymous_0)
FN:74,(anonymous_1)
FN:136,(anonymous_2)
FN:145,(anonymous_3)
FNF:4
FNH:0
FNDA:0,(anonymous_0)
FNDA:0,(anonymous_1)
FNDA:0,(anonymous_2)
FNDA:0,(anonymous_3)
DA:1,1
DA:2,1
DA:3,1
DA:4,1
DA:6,1
DA:21,0
DA:22,0
DA:31,0
DA:32,0
DA:34,0
DA:44,0
DA:45,0
DA:47,0
DA:48,0
DA:50,0
DA:51,0
DA:54,0
DA:55,0
DA:56,0
DA:57,0
DA:61,0
DA:71,0
DA:74,1
DA:88,0
DA:89,0
DA:97,0
DA:99,0
DA:107,0
DA:117,0
DA:118,0
DA:120,0
DA:121,0
DA:123,0
DA:124,0
DA:127,0
DA:128,0
DA:129,0
DA:130,0
DA:133,0
DA:136,1
DA:137,0
DA:138,0
DA:139,0
DA:141,0
DA:142,0
DA:145,1
DA:146,0
DA:147,0
DA:148,0
DA:149,0
DA:151,0
DA:152,0
DA:153,0
DA:156,1
LF:54
LH:9
BRDA:22,0,0,0
BRDA:22,0,1,0
BRDA:23,1,0,0
BRDA:23,1,1,0
BRDA:23,1,2,0
BRDA:23,1,3,0
BRDA:23,1,4,0
BRDA:23,1,5,0
BRDA:23,1,6,0
BRDA:35,2,0,0
BRDA:35,2,1,0
BRDA:40,3,0,0
BRDA:40,3,1,0
BRDA:47,4,0,0
BRDA:47,4,1,0
BRDA:50,5,0,0
BRDA:50,5,1,0
BRDA:54,6,0,0
BRDA:54,6,1,0
BRDA:56,7,0,0
BRDA:56,7,1,0
BRDA:63,8,0,0
BRDA:63,8,1,0
BRDA:64,9,0,0
BRDA:64,9,1,0
BRDA:65,10,0,0
BRDA:65,10,1,0
BRDA:67,11,0,0
BRDA:67,11,1,0
BRDA:68,12,0,0
BRDA:68,12,1,0
BRDA:89,13,0,0
BRDA:89,13,1,0
BRDA:90,14,0,0
BRDA:90,14,1,0
BRDA:90,14,2,0
BRDA:90,14,3,0
BRDA:90,14,4,0
BRDA:90,14,5,0
BRDA:100,15,0,0
BRDA:100,15,1,0
BRDA:104,16,0,0
BRDA:104,16,1,0
BRDA:109,17,0,0
BRDA:109,17,1,0
BRDA:110,18,0,0
BRDA:110,18,1,0
BRDA:112,19,0,0
BRDA:112,19,1,0
BRDA:113,20,0,0
BRDA:113,20,1,0
BRDA:120,21,0,0
BRDA:120,21,1,0
BRDA:120,22,0,0
BRDA:120,22,1,0
BRDA:123,23,0,0
BRDA:123,23,1,0
BRDA:123,24,0,0
BRDA:123,24,1,0
BRDA:127,25,0,0
BRDA:127,25,1,0
BRDA:129,26,0,0
BRDA:129,26,1,0
BRDA:129,27,0,0
BRDA:129,27,1,0
BRDA:138,28,0,0
BRDA:138,28,1,0
BRDA:147,29,0,0
BRDA:147,29,1,0
BRF:69
BRH:0
end_of_record
TN:
SF:api\controllers\student.controller.js
FN:5,(anonymous_0)
FN:10,(anonymous_1)
FN:14,(anonymous_2)
FN:19,(anonymous_3)
FN:25,(anonymous_4)
FN:31,(anonymous_5)
FNF:6
FNH:6
FNDA:1,(anonymous_0)
FNDA:1,(anonymous_1)
FNDA:1,(anonymous_2)
FNDA:1,(anonymous_3)
FNDA:1,(anonymous_4)
FNDA:1,(anonymous_5)
DA:1,1
DA:2,1
DA:3,1
DA:5,1
DA:6,1
DA:7,1
DA:10,1
DA:11,1
DA:14,1
DA:15,1
DA:16,1
DA:19,1
DA:20,1
DA:21,1
DA:22,1
DA:25,1
DA:26,1
DA:27,1
DA:28,1
DA:31,1
DA:32,1
DA:45,1
DA:46,1
DA:55,1
LF:24
LH:24
BRF:0
BRH:0
end_of_record
TN:
SF:api\controllers\student.middleware.js
FN:6,(anonymous_0)
FN:16,(anonymous_1)
FN:25,(anonymous_2)
FNF:3
FNH:3
FNDA:11,(anonymous_0)
FNDA:8,(anonymous_1)
FNDA:6,(anonymous_2)
DA:1,1
DA:2,1
DA:3,1
DA:4,1
DA:6,1
DA:7,11
DA:8,11
DA:9,3
DA:10,3
DA:12,8
DA:13,8
DA:16,1
DA:17,8
DA:18,8
DA:19,3
DA:21,8
DA:22,8
DA:25,1
DA:50,6
DA:52,6
DA:70,2
DA:71,2
DA:74,4
DA:75,4
DA:76,2
DA:77,1
DA:79,1
DA:80,1
DA:87,2
DA:88,1
DA:92,2
DA:116,2
DA:117,0
DA:119,2
DA:122,1
LF:35
LH:34
BRDA:8,0,0,3
BRDA:8,0,1,8
BRDA:18,1,0,3
BRDA:18,1,1,5
BRDA:52,2,0,2
BRDA:52,2,1,4
BRDA:53,3,0,6
BRDA:53,3,1,4
BRDA:53,3,2,4
BRDA:53,3,3,4
BRDA:53,3,4,4
BRDA:53,3,5,4
BRDA:53,3,6,4
BRDA:53,3,7,4
BRDA:53,3,8,4
BRDA:53,3,9,4
BRDA:53,3,10,4
BRDA:53,3,11,4
BRDA:53,3,12,4
BRDA:53,3,13,4
BRDA:75,4,0,2
BRDA:75,4,1,2
BRDA:76,5,0,1
BRDA:76,5,1,1
BRDA:76,6,0,2
BRDA:76,6,1,1
BRDA:79,7,0,1
BRDA:79,7,1,0
BRDA:87,8,0,1
BRDA:87,8,1,1
BRDA:116,9,0,0
BRDA:116,9,1,2
BRDA:116,10,0,2
BRDA:116,10,1,1
BRF:34
BRH:32
end_of_record
TN:
SF:api\models\course.model.js
FN:22,(anonymous_0)
FN:48,(anonymous_1)
FN:64,(anonymous_2)
FN:70,(anonymous_3)
FN:77,(anonymous_4)
FN:93,(anonymous_5)
FN:100,(anonymous_6)
FN:103,(anonymous_7)
FN:107,(anonymous_8)
FN:110,(anonymous_9)
FN:113,(anonymous_10)
FN:116,(anonymous_11)
FN:119,(anonymous_12)
FNF:13
FNH:0
FNDA:0,(anonymous_0)
FNDA:0,(anonymous_1)
FNDA:0,(anonymous_2)
FNDA:0,(anonymous_3)
FNDA:0,(anonymous_4)
FNDA:0,(anonymous_5)
FNDA:0,(anonymous_6)
FNDA:0,(anonymous_7)
FNDA:0,(anonymous_8)
FNDA:0,(anonymous_9)
FNDA:0,(anonymous_10)
FNDA:0,(anonymous_11)
FNDA:0,(anonymous_12)
DA:1,1
DA:3,1
DA:22,1
DA:32,0
DA:48,1
DA:49,0
DA:64,1
DA:65,0
DA:70,1
DA:71,0
DA:77,1
DA:78,0
DA:93,1
DA:94,0
DA:100,1
DA:101,0
DA:103,1
DA:104,0
DA:107,1
DA:108,0
DA:110,1
DA:111,0
DA:113,1
DA:114,0
DA:116,1
DA:117,0
DA:119,1
DA:120,0
DA:123,1
LF:29
LH:16
BRF:0
BRH:0
end_of_record
TN:
SF:api\models\staff.model.js
FN:23,(anonymous_0)
FN:42,(anonymous_1)
FN:49,(anonymous_2)
FN:57,(anonymous_3)
FN:65,(anonymous_4)
FN:66,(anonymous_5)
FN:71,(anonymous_6)
FN:82,(anonymous_7)
FN:83,(anonymous_8)
FN:89,(anonymous_9)
FN:95,(anonymous_10)
FN:108,(anonymous_11)
FN:109,(anonymous_12)
FN:115,(anonymous_13)
FNF:14
FNH:0
FNDA:0,(anonymous_0)
FNDA:0,(anonymous_1)
FNDA:0,(anonymous_2)
FNDA:0,(anonymous_3)
FNDA:0,(anonymous_4)
FNDA:0,(anonymous_5)
FNDA:0,(anonymous_6)
FNDA:0,(anonymous_7)
FNDA:0,(anonymous_8)
FNDA:0,(anonymous_9)
FNDA:0,(anonymous_10)
FNDA:0,(anonymous_11)
FNDA:0,(anonymous_12)
FNDA:0,(anonymous_13)
DA:1,1
DA:3,1
DA:23,1
DA:34,0
DA:42,1
DA:43,0
DA:49,1
DA:50,0
DA:57,1
DA:58,0
DA:65,1
DA:66,0
DA:67,0
DA:72,0
DA:82,1
DA:83,0
DA:84,0
DA:90,0
DA:96,0
DA:108,1
DA:109,0
DA:110,0
DA:116,0
DA:126,1
LF:24
LH:10
BRF:0
BRH:0
end_of_record
TN:
SF:api\models\student.model.js
FN:35,(anonymous_0)
FN:41,(anonymous_1)
FN:57,(anonymous_2)
FN:74,(anonymous_3)
FN:91,(anonymous_4)
FN:97,(anonymous_5)
FN:104,(anonymous_6)
FN:108,(anonymous_7)
FN:112,(anonymous_8)
FN:116,(anonymous_9)
FN:120,(anonymous_10)
FNF:11
FNH:11
FNDA:1,(anonymous_0)
FNDA:1,(anonymous_1)
FNDA:28,(anonymous_2)
FNDA:4,(anonymous_3)
FNDA:1,(anonymous_4)
FNDA:1,(anonymous_5)
FNDA:1,(anonymous_6)
FNDA:1,(anonymous_7)
FNDA:1,(anonymous_8)
FNDA:1,(anonymous_9)
FNDA:1,(anonymous_10)
DA:1,1
DA:33,1
DA:35,1
DA:36,1
DA:41,1
DA:42,1
DA:57,1
DA:58,28
DA:74,1
DA:75,4
DA:91,1
DA:92,1
DA:97,1
DA:98,1
DA:104,1
DA:105,1
DA:108,1
DA:109,1
DA:112,1
DA:113,1
DA:116,1
DA:117,1
DA:120,1
DA:121,1
DA:124,1
LF:25
LH:25
BRF:0
BRH:0
end_of_record
TN:
SF:api\models\user.model.js
FN:3,(anonymous_0)
FN:8,(anonymous_1)
FN:14,(anonymous_2)
FNF:3
FNH:0
FNDA:0,(anonymous_0)
FNDA:0,(anonymous_1)
FNDA:0,(anonymous_2)
DA:1,1
DA:3,1
DA:4,0
DA:8,1
DA:9,0
DA:14,1
DA:15,0
DA:20,1
LF:8
LH:5
BRF:0
BRH:0
end_of_record
TN:
SF:api\routes\course.routes.js
FNF:0
FNH:0
DA:1,1
DA:10,1
DA:16,1
DA:18,1
DA:20,1
DA:22,1
DA:23,1
DA:24,1
DA:25,1
DA:26,1
DA:32,1
DA:34,1
LF:12
LH:12
BRF:0
BRH:0
end_of_record
TN:
SF:api\routes\staff.routes.js
FNF:0
FNH:0
DA:1,1
DA:10,1
DA:17,1
DA:19,1
DA:21,1
DA:23,1
DA:24,1
DA:25,1
DA:26,1
DA:32,1
DA:34,1
LF:11
LH:11
BRF:0
BRH:0
end_of_record
TN:
SF:api\routes\student.routes.js
FNF:0
FNH:0
DA:1,1
DA:10,1
DA:16,1
DA:18,1
DA:20,1
DA:22,1
DA:23,1
DA:24,1
DA:25,1
DA:26,1
DA:32,1
DA:36,1
LF:12
LH:12
BRF:0
BRH:0
end_of_record
TN:
SF:api\testing\helperfunctionsstudent.js
FN:12,(anonymous_0)
FN:25,(anonymous_1)
FN:35,(anonymous_2)
FN:61,(anonymous_3)
FN:73,(anonymous_4)
FN:97,(anonymous_5)
FN:108,(anonymous_6)
FN:119,(anonymous_7)
FN:131,(anonymous_8)
FN:141,(anonymous_9)
FN:146,(anonymous_10)
FN:151,(anonymous_11)
FN:156,(anonymous_12)
FN:162,(anonymous_13)
FNF:14
FNH:11
FNDA:35,(anonymous_0)
FNDA:35,(anonymous_1)
FNDA:18,(anonymous_2)
FNDA:0,(anonymous_3)
FNDA:17,(anonymous_4)
FNDA:0,(anonymous_5)
FNDA:0,(anonymous_6)
FNDA:35,(anonymous_7)
FNDA:18,(anonymous_8)
FNDA:3,(anonymous_9)
FNDA:3,(anonymous_10)
FNDA:3,(anonymous_11)
FNDA:3,(anonymous_12)
FNDA:3,(anonymous_13)
DA:2,1
DA:3,1
DA:4,1
DA:5,1
DA:7,1
DA:8,1
DA:9,1
DA:13,35
DA:14,35
DA:15,35
DA:16,35
DA:17,35
DA:18,35
DA:19,35
DA:20,35
DA:21,35
DA:26,35
DA:27,35
DA:28,35
DA:29,35
DA:30,35
DA:31,35
DA:36,18
DA:37,18
DA:38,18
DA:39,18
DA:40,18
DA:41,18
DA:42,18
DA:43,18
DA:44,18
DA:45,18
DA:46,18
DA:47,18
DA:48,18
DA:49,18
DA:50,18
DA:51,18
DA:52,18
DA:53,18
DA:54,18
DA:55,18
DA:56,18
DA:62,0
DA:63,0
DA:64,0
DA:65,0
DA:66,0
DA:67,0
DA:68,0
DA:69,0
DA:73,1
DA:74,17
DA:97,1
DA:98,0
DA:99,0
DA:100,0
DA:101,0
DA:104,0
DA:108,1
DA:109,0
DA:110,0
DA:111,0
DA:112,0
DA:115,0
DA:119,1
DA:120,35
DA:121,35
DA:124,35
DA:125,35
DA:131,1
DA:132,18
DA:133,18
DA:134,18
DA:137,18
DA:141,1
DA:142,3
DA:146,1
DA:147,3
DA:151,1
DA:152,3
DA:156,1
DA:157,3
DA:162,1
DA:163,3
DA:169,1
LF:86
LH:68
BRF:0
BRH:0
end_of_record
TN:
SF:api\utils\AppError.js
FN:2,(anonymous_0)
FNF:1
FNH:1
FNDA:10,(anonymous_0)
DA:3,10
DA:4,10
DA:5,10
DA:6,10
DA:7,10
DA:11,1
LF:6
LH:6
BRDA:5,0,0,10
BRDA:5,0,1,0
BRF:2
BRH:1
end_of_record
TN:
SF:api\utils\catchAsync.js
FN:1,(anonymous_0)
FN:2,(anonymous_1)
FNF:2
FNH:2
FNDA:23,(anonymous_0)
FNDA:19,(anonymous_1)
DA:1,1
DA:2,23
DA:3,19
LF:3
LH:3
BRF:0
BRH:0
end_of_record
TN:
SF:database\db-config.js
FNF:0
FNH:0
DA:1,1
DA:3,1
DA:5,1
DA:7,1
LF:4
LH:4
BRDA:1,0,0,1
BRDA:1,0,1,0
BRF:2
BRH:1
end_of_record
TN:
SF:middleware\checkAuthenticated.js
FN:1,(anonymous_0)
FNF:1
FNH:0
FNDA:0,(anonymous_0)
DA:1,1
DA:2,0
DA:3,0
DA:5,0
LF:4
LH:1
BRDA:2,0,0,0
BRDA:2,0,1,0
BRF:2
BRH:0
end_of_record
TN:
SF:middleware\createSession.js
FN:29,(anonymous_0)
FNF:1
FNH:1
FNDA:1,(anonymous_0)
DA:1,1
DA:2,1
DA:3,1
DA:4,1
DA:5,1
DA:7,1
DA:15,1
DA:29,1
DA:30,1
DA:31,1
DA:32,1
DA:33,1
LF:12
LH:12
BRF:0
BRH:0
end_of_record
