TN:
SF:knexfile.js
FNF:0
FNH:0
DA:2,1
DA:4,1
DA:5,1
DA:6,1
DA:7,1
DA:9,1
LF:6
LH:6
BRF:0
BRH:0
end_of_record
TN:
SF:passport-config.js
FN:5,(anonymous_0)
FN:6,(anonymous_1)
FN:27,(anonymous_2)
FN:30,(anonymous_3)
FN:34,(anonymous_4)
FN:37,(anonymous_5)
FNF:6
FNH:1
FNDA:1,(anonymous_0)
FNDA:0,(anonymous_1)
FNDA:0,(anonymous_2)
FNDA:0,(anonymous_3)
FNDA:0,(anonymous_4)
FNDA:0,(anonymous_5)
DA:1,1
DA:2,1
DA:3,1
DA:5,1
DA:6,1
DA:7,0
DA:11,0
DA:12,0
DA:15,0
DA:16,0
DA:17,0
DA:19,0
DA:22,0
DA:26,1
DA:27,1
DA:28,0
DA:30,1
DA:31,0
DA:35,0
DA:38,0
LF:20
LH:8
BRDA:11,0,0,0
BRDA:11,0,1,0
BRDA:16,1,0,0
BRDA:16,1,1,0
BRF:4
BRH:0
end_of_record
TN:
SF:api\model.js
FN:19,find
FN:26,findAny
FN:35,(anonymous_2)
FN:54,makeWhere
FN:66,findBy
FN:70,add
FN:77,findById
FN:83,remove
FN:87,update
FN:97,updateAny
FN:103,addUser
FN:109,addMeeting
FN:115,addFamily
FN:121,addStudent
FN:128,addStaff
FNF:15
FNH:0
FNDA:0,find
FNDA:0,findAny
FNDA:0,(anonymous_2)
FNDA:0,makeWhere
FNDA:0,findBy
FNDA:0,add
FNDA:0,findById
FNDA:0,remove
FNDA:0,update
FNDA:0,updateAny
FNDA:0,addUser
FNDA:0,addMeeting
FNDA:0,addFamily
FNDA:0,addStudent
FNDA:0,addStaff
DA:1,1
DA:3,1
DA:20,0
DA:23,0
DA:30,0
DA:31,0
DA:32,0
DA:35,0
DA:36,0
DA:37,0
DA:40,0
DA:41,0
DA:44,0
DA:45,0
DA:48,0
DA:49,0
DA:55,0
DA:56,0
DA:57,0
DA:58,0
DA:59,0
DA:60,0
DA:61,0
DA:63,0
DA:67,0
DA:71,0
DA:72,0
DA:74,0
DA:78,0
DA:84,0
DA:88,0
DA:92,0
DA:98,0
DA:104,0
DA:110,0
DA:116,0
DA:122,0
DA:129,0
LF:38
LH:2
BRDA:21,0,0,0
BRDA:21,0,1,0
BRDA:30,1,0,0
BRDA:30,1,1,0
BRDA:36,2,0,0
BRDA:36,2,1,0
BRDA:40,3,0,0
BRDA:40,3,1,0
BRDA:44,4,0,0
BRDA:44,4,1,0
BRDA:48,5,0,0
BRDA:48,5,1,0
BRDA:55,6,0,0
BRDA:55,6,1,0
BRDA:59,7,0,0
BRDA:59,7,1,0
BRF:16
BRH:0
end_of_record
TN:
SF:api\server.js
FN:38,(anonymous_0)
FN:48,(anonymous_1)
FN:53,(anonymous_2)
FN:61,(anonymous_3)
FN:76,(anonymous_4)
FN:86,(anonymous_5)
FN:99,(anonymous_6)
FN:105,(anonymous_7)
FN:112,(anonymous_8)
FN:119,(anonymous_9)
FN:132,(anonymous_10)
FN:146,(anonymous_11)
FN:152,(anonymous_12)
FN:166,(anonymous_13)
FN:174,(anonymous_14)
FN:183,(anonymous_15)
FN:186,(anonymous_16)
FN:192,(anonymous_17)
FN:195,(anonymous_18)
FN:199,(anonymous_19)
FN:205,(anonymous_20)
FN:210,(anonymous_21)
FN:213,(anonymous_22)
FN:218,(anonymous_23)
FN:222,(anonymous_24)
FN:226,(anonymous_25)
FN:229,(anonymous_26)
FN:236,(anonymous_27)
FN:241,(anonymous_28)
FN:245,(anonymous_29)
FN:248,(anonymous_30)
FN:253,(anonymous_31)
FN:257,(anonymous_32)
FN:260,(anonymous_33)
FN:265,(anonymous_34)
FN:268,(anonymous_35)
FN:271,(anonymous_36)
FN:275,(anonymous_37)
FN:278,(anonymous_38)
FN:286,(anonymous_39)
FNF:40
FNH:0
FNDA:0,(anonymous_0)
FNDA:0,(anonymous_1)
FNDA:0,(anonymous_2)
FNDA:0,(anonymous_3)
FNDA:0,(anonymous_4)
FNDA:0,(anonymous_5)
FNDA:0,(anonymous_6)
FNDA:0,(anonymous_7)
FNDA:0,(anonymous_8)
FNDA:0,(anonymous_9)
FNDA:0,(anonymous_10)
FNDA:0,(anonymous_11)
FNDA:0,(anonymous_12)
FNDA:0,(anonymous_13)
FNDA:0,(anonymous_14)
FNDA:0,(anonymous_15)
FNDA:0,(anonymous_16)
FNDA:0,(anonymous_17)
FNDA:0,(anonymous_18)
FNDA:0,(anonymous_19)
FNDA:0,(anonymous_20)
FNDA:0,(anonymous_21)
FNDA:0,(anonymous_22)
FNDA:0,(anonymous_23)
FNDA:0,(anonymous_24)
FNDA:0,(anonymous_25)
FNDA:0,(anonymous_26)
FNDA:0,(anonymous_27)
FNDA:0,(anonymous_28)
FNDA:0,(anonymous_29)
FNDA:0,(anonymous_30)
FNDA:0,(anonymous_31)
FNDA:0,(anonymous_32)
FNDA:0,(anonymous_33)
FNDA:0,(anonymous_34)
FNDA:0,(anonymous_35)
FNDA:0,(anonymous_36)
FNDA:0,(anonymous_37)
FNDA:0,(anonymous_38)
FNDA:0,(anonymous_39)
DA:1,1
DA:4,1
DA:5,1
DA:6,1
DA:7,1
DA:8,1
DA:9,1
DA:10,1
DA:11,1
DA:12,1
DA:13,1
DA:14,1
DA:17,1
DA:20,1
DA:31,1
DA:32,1
DA:33,1
DA:35,1
DA:36,1
DA:38,1
DA:39,0
DA:40,0
DA:49,0
DA:54,0
DA:55,0
DA:61,1
DA:62,0
DA:63,0
DA:64,0
DA:66,0
DA:68,0
DA:77,0
DA:78,0
DA:87,0
DA:88,0
DA:100,0
DA:101,0
DA:106,0
DA:107,0
DA:113,0
DA:114,0
DA:120,0
DA:121,0
DA:127,1
DA:133,0
DA:134,0
DA:141,0
DA:146,1
DA:147,0
DA:148,0
DA:149,0
DA:152,1
DA:153,0
DA:154,0
DA:155,0
DA:156,0
DA:158,0
DA:166,1
DA:167,0
DA:174,1
DA:175,0
DA:176,0
DA:177,0
DA:178,0
DA:179,0
DA:181,0
DA:184,0
DA:187,0
DA:192,1
DA:193,0
DA:196,0
DA:197,0
DA:200,0
DA:205,1
DA:208,0
DA:211,0
DA:214,0
DA:218,1
DA:219,0
DA:220,0
DA:223,0
DA:224,0
DA:227,0
DA:230,0
DA:233,0
DA:237,0
DA:241,1
DA:242,0
DA:243,0
DA:246,0
DA:249,0
DA:253,1
DA:254,0
DA:255,0
DA:258,0
DA:261,0
DA:265,1
DA:266,0
DA:269,0
DA:270,0
DA:271,0
DA:272,0
DA:273,0
DA:276,0
DA:279,0
DA:284,0
DA:287,0
DA:291,1
DA:320,1
LF:109
LH:34
BRDA:45,0,0,0
BRDA:45,0,1,0
BRDA:46,1,0,0
BRDA:46,1,1,0
BRDA:72,2,0,0
BRDA:72,2,1,0
BRDA:73,3,0,0
BRDA:73,3,1,0
BRDA:133,4,0,0
BRDA:133,4,1,0
BRDA:154,5,0,0
BRDA:154,5,1,0
BRDA:223,6,0,0
BRDA:223,6,1,0
BRF:14
BRH:0
end_of_record
TN:
SF:api\controllers\course.controller.js
FN:5,(anonymous_0)
FN:18,(anonymous_1)
FN:28,(anonymous_2)
FN:40,(anonymous_3)
FN:51,(anonymous_4)
FN:62,(anonymous_5)
FNF:6
FNH:1
FNDA:0,(anonymous_0)
FNDA:2,(anonymous_1)
FNDA:0,(anonymous_2)
FNDA:0,(anonymous_3)
FNDA:0,(anonymous_4)
FNDA:0,(anonymous_5)
DA:1,1
DA:2,1
DA:3,1
DA:5,1
DA:6,0
DA:7,0
DA:8,0
DA:9,0
DA:11,0
DA:13,0
DA:14,0
DA:18,1
DA:19,2
DA:20,2
DA:21,2
DA:23,0
DA:24,0
DA:28,1
DA:29,0
DA:30,0
DA:31,0
DA:35,0
DA:36,0
DA:40,1
DA:41,0
DA:42,0
DA:43,0
DA:44,0
DA:46,0
DA:47,0
DA:51,1
DA:52,0
DA:53,0
DA:54,0
DA:55,0
DA:57,0
DA:58,0
DA:62,1
DA:70,0
DA:71,0
DA:72,0
DA:73,0
DA:74,0
DA:75,0
DA:76,0
DA:77,0
DA:78,0
DA:79,0
DA:90,0
DA:91,0
DA:95,1
LF:51
LH:13
BRDA:8,0,0,0
BRDA:8,0,1,0
BRF:2
BRH:0
end_of_record
TN:
SF:api\controllers\course.middleware.js
FN:3,(anonymous_0)
FN:14,(anonymous_1)
FN:23,(anonymous_2)
FNF:3
FNH:2
FNDA:4,(anonymous_0)
FNDA:0,(anonymous_1)
FNDA:2,(anonymous_2)
DA:1,1
DA:3,1
DA:4,4
DA:5,4
DA:6,4
DA:7,4
DA:8,4
DA:10,0
DA:11,0
DA:14,1
DA:15,0
DA:16,0
DA:17,0
DA:19,0
DA:20,0
DA:23,1
DA:40,2
DA:42,2
DA:59,2
DA:62,0
DA:79,0
DA:82,1
LF:22
LH:13
BRDA:7,0,0,4
BRDA:7,0,1,0
BRDA:16,1,0,0
BRDA:16,1,1,0
BRDA:42,2,0,2
BRDA:42,2,1,0
BRDA:43,3,0,2
BRDA:43,3,1,0
BRDA:43,3,2,0
BRDA:43,3,3,0
BRDA:43,3,4,0
BRDA:43,3,5,0
BRDA:43,3,6,0
BRDA:43,3,7,0
BRDA:43,3,8,0
BRDA:43,3,9,0
BRDA:43,3,10,0
BRDA:43,3,11,0
BRDA:43,3,12,0
BRDA:43,3,13,0
BRDA:43,3,14,0
BRF:21
BRH:3
end_of_record
TN:
SF:api\controllers\errors.controller.js
FN:1,(anonymous_0)
FN:10,(anonymous_1)
FN:27,(anonymous_2)
FNF:3
FNH:0
FNDA:0,(anonymous_0)
FNDA:0,(anonymous_1)
FNDA:0,(anonymous_2)
DA:1,1
DA:2,0
DA:10,1
DA:12,0
DA:13,0
DA:19,0
DA:20,0
DA:27,1
DA:28,0
DA:29,0
DA:30,0
DA:31,0
DA:33,0
LF:13
LH:3
BRDA:12,0,0,0
BRDA:12,0,1,0
BRDA:28,1,0,0
BRDA:28,1,1,0
BRDA:29,2,0,0
BRDA:29,2,1,0
BRDA:30,3,0,0
BRDA:30,3,1,0
BRF:8
BRH:0
end_of_record
TN:
SF:api\controllers\staff.controller.js
FN:8,(anonymous_0)
FN:13,(anonymous_1)
FN:18,(anonymous_2)
FN:26,(anonymous_3)
FN:31,(anonymous_4)
FN:36,(anonymous_5)
FNF:6
FNH:0
FNDA:0,(anonymous_0)
FNDA:0,(anonymous_1)
FNDA:0,(anonymous_2)
FNDA:0,(anonymous_3)
FNDA:0,(anonymous_4)
FNDA:0,(anonymous_5)
DA:1,1
DA:2,1
DA:4,1
DA:5,1
DA:6,1
DA:8,1
DA:9,0
DA:10,0
DA:13,1
DA:14,0
DA:15,0
DA:18,1
DA:19,0
DA:20,0
DA:21,0
DA:22,0
DA:23,0
DA:26,1
DA:27,0
DA:28,0
DA:31,1
DA:32,0
DA:33,0
DA:36,1
DA:37,0
DA:38,0
DA:41,1
LF:27
LH:12
BRF:0
BRH:0
end_of_record
TN:
SF:api\controllers\staff.middleware.js
FN:6,(anonymous_0)
FN:73,(anonymous_1)
FN:135,(anonymous_2)
FN:144,(anonymous_3)
FNF:4
FNH:0
FNDA:0,(anonymous_0)
FNDA:0,(anonymous_1)
FNDA:0,(anonymous_2)
FNDA:0,(anonymous_3)
DA:1,1
DA:2,1
DA:3,1
DA:4,1
DA:6,1
DA:21,0
DA:22,0
DA:31,0
DA:33,0
DA:43,0
DA:44,0
DA:46,0
DA:47,0
DA:49,0
DA:50,0
DA:53,0
DA:54,0
DA:55,0
DA:56,0
DA:60,0
DA:70,0
DA:73,1
DA:87,0
DA:88,0
DA:96,0
DA:98,0
DA:106,0
DA:116,0
DA:117,0
DA:119,0
DA:120,0
DA:122,0
DA:123,0
DA:126,0
DA:127,0
DA:128,0
DA:129,0
DA:132,0
DA:135,1
DA:136,0
DA:137,0
DA:138,0
DA:140,0
DA:141,0
DA:144,1
DA:145,0
DA:146,0
DA:147,0
DA:148,0
DA:150,0
DA:151,0
DA:152,0
DA:155,1
LF:53
LH:9
BRDA:22,0,0,0
BRDA:22,0,1,0
BRDA:23,1,0,0
BRDA:23,1,1,0
BRDA:23,1,2,0
BRDA:23,1,3,0
BRDA:23,1,4,0
BRDA:23,1,5,0
BRDA:23,1,6,0
BRDA:34,2,0,0
BRDA:34,2,1,0
BRDA:39,3,0,0
BRDA:39,3,1,0
BRDA:46,4,0,0
BRDA:46,4,1,0
BRDA:49,5,0,0
BRDA:49,5,1,0
BRDA:53,6,0,0
BRDA:53,6,1,0
BRDA:55,7,0,0
BRDA:55,7,1,0
BRDA:62,8,0,0
BRDA:62,8,1,0
BRDA:63,9,0,0
BRDA:63,9,1,0
BRDA:64,10,0,0
BRDA:64,10,1,0
BRDA:66,11,0,0
BRDA:66,11,1,0
BRDA:67,12,0,0
BRDA:67,12,1,0
BRDA:88,13,0,0
BRDA:88,13,1,0
BRDA:89,14,0,0
BRDA:89,14,1,0
BRDA:89,14,2,0
BRDA:89,14,3,0
BRDA:89,14,4,0
BRDA:89,14,5,0
BRDA:99,15,0,0
BRDA:99,15,1,0
BRDA:103,16,0,0
BRDA:103,16,1,0
BRDA:108,17,0,0
BRDA:108,17,1,0
BRDA:109,18,0,0
BRDA:109,18,1,0
BRDA:111,19,0,0
BRDA:111,19,1,0
BRDA:112,20,0,0
BRDA:112,20,1,0
BRDA:119,21,0,0
BRDA:119,21,1,0
BRDA:122,22,0,0
BRDA:122,22,1,0
BRDA:126,23,0,0
BRDA:126,23,1,0
BRDA:128,24,0,0
BRDA:128,24,1,0
BRDA:137,25,0,0
BRDA:137,25,1,0
BRDA:146,26,0,0
BRDA:146,26,1,0
BRF:63
BRH:0
end_of_record
TN:
SF:api\models\course.model.js
FN:22,(anonymous_0)
FN:48,(anonymous_1)
FN:64,(anonymous_2)
FN:70,(anonymous_3)
FN:77,(anonymous_4)
FN:93,(anonymous_5)
FN:100,(anonymous_6)
FN:103,(anonymous_7)
FN:107,(anonymous_8)
FN:110,(anonymous_9)
FN:113,(anonymous_10)
FN:116,(anonymous_11)
FN:119,(anonymous_12)
FNF:13
FNH:1
FNDA:2,(anonymous_0)
FNDA:0,(anonymous_1)
FNDA:0,(anonymous_2)
FNDA:0,(anonymous_3)
FNDA:0,(anonymous_4)
FNDA:0,(anonymous_5)
FNDA:0,(anonymous_6)
FNDA:0,(anonymous_7)
FNDA:0,(anonymous_8)
FNDA:0,(anonymous_9)
FNDA:0,(anonymous_10)
FNDA:0,(anonymous_11)
FNDA:0,(anonymous_12)
DA:1,1
DA:3,1
DA:22,1
DA:32,2
DA:48,1
DA:49,0
DA:64,1
DA:65,0
DA:70,1
DA:71,0
DA:77,1
DA:78,0
DA:93,1
DA:94,0
DA:100,1
DA:101,0
DA:103,1
DA:104,0
DA:107,1
DA:108,0
DA:110,1
DA:111,0
DA:113,1
DA:114,0
DA:116,1
DA:117,0
DA:119,1
DA:120,0
DA:123,1
LF:29
LH:17
BRF:0
BRH:0
end_of_record
TN:
SF:api\models\staff.model.js
FN:23,(anonymous_0)
FN:42,(anonymous_1)
FN:49,(anonymous_2)
FN:57,(anonymous_3)
FN:65,(anonymous_4)
FN:66,(anonymous_5)
FN:71,(anonymous_6)
FN:82,(anonymous_7)
FN:83,(anonymous_8)
FN:89,(anonymous_9)
FN:95,(anonymous_10)
FN:108,(anonymous_11)
FN:109,(anonymous_12)
FN:115,(anonymous_13)
FNF:14
FNH:0
FNDA:0,(anonymous_0)
FNDA:0,(anonymous_1)
FNDA:0,(anonymous_2)
FNDA:0,(anonymous_3)
FNDA:0,(anonymous_4)
FNDA:0,(anonymous_5)
FNDA:0,(anonymous_6)
FNDA:0,(anonymous_7)
FNDA:0,(anonymous_8)
FNDA:0,(anonymous_9)
FNDA:0,(anonymous_10)
FNDA:0,(anonymous_11)
FNDA:0,(anonymous_12)
FNDA:0,(anonymous_13)
DA:1,1
DA:3,1
DA:23,1
DA:34,0
DA:42,1
DA:43,0
DA:49,1
DA:50,0
DA:57,1
DA:58,0
DA:65,1
DA:66,0
DA:67,0
DA:72,0
DA:82,1
DA:83,0
DA:84,0
DA:90,0
DA:96,0
DA:108,1
DA:109,0
DA:110,0
DA:116,0
DA:126,1
LF:24
LH:10
BRF:0
BRH:0
end_of_record
TN:
SF:api\models\user.model.js
FN:3,(anonymous_0)
FN:8,(anonymous_1)
FN:14,(anonymous_2)
FNF:3
FNH:0
FNDA:0,(anonymous_0)
FNDA:0,(anonymous_1)
FNDA:0,(anonymous_2)
DA:1,1
DA:3,1
DA:4,0
DA:8,1
DA:9,0
DA:14,1
DA:15,0
DA:20,1
LF:8
LH:5
BRF:0
BRH:0
end_of_record
TN:
SF:api\routes\course.routes.js
FNF:0
FNH:0
DA:1,1
DA:10,1
DA:16,1
DA:18,1
DA:20,1
DA:22,1
DA:23,1
DA:24,1
DA:25,1
DA:26,1
DA:27,1
DA:29,1
LF:12
LH:12
BRF:0
BRH:0
end_of_record
TN:
SF:api\routes\staff.routes.js
FNF:0
FNH:0
DA:1,1
DA:10,1
DA:17,1
DA:19,1
DA:21,1
DA:23,1
DA:24,1
DA:25,1
DA:26,1
DA:32,1
DA:33,1
DA:39,1
LF:12
LH:12
BRF:0
BRH:0
end_of_record
TN:
SF:api\utils\AppError.js
FN:2,(anonymous_0)
FNF:1
FNH:0
FNDA:0,(anonymous_0)
DA:3,0
DA:4,0
DA:5,0
DA:6,0
DA:7,0
DA:11,1
LF:6
LH:1
BRDA:5,0,0,0
BRDA:5,0,1,0
BRF:2
BRH:0
end_of_record
TN:
SF:api\utils\catchAsync.js
FN:1,(anonymous_0)
FN:2,(anonymous_1)
FNF:2
FNH:1
FNDA:9,(anonymous_0)
FNDA:0,(anonymous_1)
DA:1,1
DA:2,9
DA:3,0
LF:3
LH:2
BRF:0
BRH:0
end_of_record
TN:
SF:database\db-config.js
FNF:0
FNH:0
DA:1,1
DA:3,1
DA:5,1
DA:7,1
LF:4
LH:4
BRDA:1,0,0,1
BRDA:1,0,1,0
BRF:2
BRH:1
end_of_record
TN:
SF:middleware\checkAuthenticated.js
FN:1,(anonymous_0)
FNF:1
FNH:0
FNDA:0,(anonymous_0)
DA:1,1
DA:2,0
DA:3,0
DA:5,0
LF:4
LH:1
BRDA:2,0,0,0
BRDA:2,0,1,0
BRF:2
BRH:0
end_of_record
TN:
SF:middleware\createSession.js
FN:29,(anonymous_0)
FNF:1
FNH:1
FNDA:1,(anonymous_0)
DA:1,1
DA:2,1
DA:3,1
DA:4,1
DA:5,1
DA:7,1
DA:15,1
DA:29,1
DA:30,1
DA:31,1
DA:32,1
DA:33,1
LF:12
LH:12
BRF:0
BRH:0
end_of_record
